#
# There is insufficient memory for the Java Runtime Environment to continue.
# Native memory allocation (malloc) failed to allocate 34736 bytes for Chunk::new
# Possible reasons:
#   The system is out of physical RAM or swap space
#   In 32 bit mode, the process size limit was hit
# Possible solutions:
#   Reduce memory load on the system
#   Increase physical memory or swap space
#   Check if swap backing store is full
#   Use 64 bit Java on a 64 bit OS
#   Decrease Java heap size (-Xmx/-Xms)
#   Decrease number of Java threads
#   Decrease Java thread stack sizes (-Xss)
#   Set larger code cache with -XX:ReservedCodeCacheSize=
# This output file may be truncated or incomplete.
#
#  Out of Memory Error (allocation.cpp:390), pid=7992, tid=0x0000000000003824
#
# JRE version: OpenJDK Runtime Environment (8.0_112-b06) (build 1.8.0_112-release-b06)
# Java VM: OpenJDK 64-Bit Server VM (25.112-b06 mixed mode windows-amd64 compressed oops)
# Failed to write core dump. Minidumps are not enabled by default on client versions of Windows
#

---------------  T H R E A D  ---------------

Current thread (0x00000000156d7800):  JavaThread "C2 CompilerThread0" daemon [_thread_in_native, id=14372, stack(0x0000000016d10000,0x0000000016e10000)]

Stack: [0x0000000016d10000,0x0000000016e10000]
[error occurred during error reporting (printing stack bounds), id 0xc0000005]

Native frames: (J=compiled Java code, j=interpreted, Vv=VM code, C=native code)


Current CompileTask:
C2:   6644 1350   !   4       com.android.dx.cf.cst.ConstantPoolParser::parse0 (731 bytes)


---------------  P R O C E S S  ---------------

Java Threads: ( => current thread )
  0x0000000017272000 JavaThread "pool-1-thread-4" [_thread_in_Java, id=10116, stack(0x0000000017a10000,0x0000000017b10000)]
  0x000000001726f000 JavaThread "pool-1-thread-3" [_thread_in_Java, id=14492, stack(0x0000000017910000,0x0000000017a10000)]
  0x000000001727b000 JavaThread "pool-1-thread-2" [_thread_blocked, id=16480, stack(0x0000000017810000,0x0000000017910000)]
  0x00000000172d0000 JavaThread "pool-2-thread-1" [_thread_blocked, id=14048, stack(0x0000000017710000,0x0000000017810000)]
  0x00000000172cf800 JavaThread "pool-1-thread-1" [_thread_in_Java, id=4460, stack(0x0000000017610000,0x0000000017710000)]
  0x000000001572d800 JavaThread "Service Thread" daemon [_thread_blocked, id=6676, stack(0x0000000017410000,0x0000000017510000)]
  0x00000000156d1000 JavaThread "C1 CompilerThread2" daemon [_thread_in_native, id=10748, stack(0x0000000016f10000,0x0000000017010000)]
  0x00000000156c7800 JavaThread "C2 CompilerThread1" daemon [_thread_in_native, id=10596, stack(0x0000000016e10000,0x0000000016f10000)]
=>0x00000000156d7800 JavaThread "C2 CompilerThread0" daemon [_thread_in_native, id=14372, stack(0x0000000016d10000,0x0000000016e10000)]
  0x00000000156d5800 JavaThread "Attach Listener" daemon [_thread_blocked, id=10928, stack(0x0000000016c10000,0x0000000016d10000)]
  0x00000000156d4000 JavaThread "Signal Dispatcher" daemon [_thread_blocked, id=13760, stack(0x0000000016b10000,0x0000000016c10000)]
  0x0000000002ff5800 JavaThread "Finalizer" daemon [_thread_blocked, id=9180, stack(0x0000000016920000,0x0000000016a20000)]
  0x0000000002ff0000 JavaThread "Reference Handler" daemon [_thread_blocked, id=3016, stack(0x0000000016820000,0x0000000016920000)]
  0x0000000002f00800 JavaThread "main" [_thread_blocked, id=17040, stack(0x0000000002e00000,0x0000000002f00000)]

Other Threads:
  0x0000000015695800 VMThread [stack: 0x0000000016720000,0x0000000016820000] [id=5320]
  0x000000001701b800 WatcherThread [stack: 0x0000000017510000,0x0000000017610000] [id=12520]

VM state:not at safepoint (normal execution)

VM Mutex/Monitor currently owned by a thread: None

Heap:
 PSYoungGen      total 35328K, used 11930K [0x00000000eab00000, 0x00000000ed000000, 0x0000000100000000)
  eden space 32768K, 28% used [0x00000000eab00000,0x00000000eb42cdb0,0x00000000ecb00000)
  from space 2560K, 99% used [0x00000000ecd80000,0x00000000ecff9c68,0x00000000ed000000)
  to   space 2560K, 0% used [0x00000000ecb00000,0x00000000ecb00000,0x00000000ecd80000)
 ParOldGen       total 44032K, used 3240K [0x00000000c0000000, 0x00000000c2b00000, 0x00000000eab00000)
  object space 44032K, 7% used [0x00000000c0000000,0x00000000c032a1b0,0x00000000c2b00000)
 Metaspace       used 6053K, capacity 6960K, committed 7040K, reserved 1056768K
  class space    used 574K, capacity 616K, committed 640K, reserved 1048576K

Card table byte_map: [0x00000000123c0000,0x00000000125d0000] byte_map_base: 0x0000000011dc0000

Marking Bits: (ParMarkBitMap*) 0x0000000050b018f0
 Begin Bits: [0x0000000012b30000, 0x0000000013b30000)
 End Bits:   [0x0000000013b30000, 0x0000000014b30000)

Polling page: 0x0000000002ca0000

CodeCache: size=245760Kb used=5610Kb max_used=5610Kb free=240149Kb
 bounds [0x0000000003000000, 0x0000000003590000, 0x0000000012000000]
 total_blobs=1639 nmethods=1372 adapters=181
 compilation: enabled

Compilation events (10 events):
Event: 6.630 Thread 0x00000000156d1000 nmethod 1372 0x0000000003560e50 code [0x0000000003560fe0, 0x0000000003561428]
Event: 6.631 Thread 0x00000000156d1000 1373       3       com.android.dx.rop.cst.CstString::<init> (42 bytes)
Event: 6.631 Thread 0x00000000156d1000 nmethod 1373 0x0000000003560450 code [0x0000000003560620, 0x0000000003560bb8]
Event: 6.635 Thread 0x00000000156d1000 1374       3       com.android.dx.dex.file.CodeItem::<init> (81 bytes)
Event: 6.636 Thread 0x00000000156d1000 nmethod 1374 0x000000000355fbd0 code [0x000000000355fd80, 0x0000000003560278]
Event: 6.636 Thread 0x00000000156d1000 1375       3       com.android.dx.cf.code.Ropper::addReturnBlock (228 bytes)
Event: 6.638 Thread 0x00000000156c7800 nmethod 1361 0x000000000357abd0 code [0x000000000357ada0, 0x000000000357b930]
Event: 6.638 Thread 0x00000000156c7800 1368       4       com.android.dx.rop.code.Rop::hashCode (54 bytes)
Event: 6.641 Thread 0x00000000156d1000 nmethod 1375 0x000000000357d050 code [0x000000000357d580, 0x0000000003580de8]
Event: 6.641 Thread 0x00000000156d1000 1378       3       com.android.dx.cf.code.Ropper::addSetupBlocks (535 bytes)

GC Heap History (4 events):
Event: 4.314 GC heap before
{Heap before GC invocations=1 (full 0):
 PSYoungGen      total 18944K, used 16384K [0x00000000eab00000, 0x00000000ec000000, 0x0000000100000000)
  eden space 16384K, 100% used [0x00000000eab00000,0x00000000ebb00000,0x00000000ebb00000)
  from space 2560K, 0% used [0x00000000ebd80000,0x00000000ebd80000,0x00000000ec000000)
  to   space 2560K, 0% used [0x00000000ebb00000,0x00000000ebb00000,0x00000000ebd80000)
 ParOldGen       total 44032K, used 0K [0x00000000c0000000, 0x00000000c2b00000, 0x00000000eab00000)
  object space 44032K, 0% used [0x00000000c0000000,0x00000000c0000000,0x00000000c2b00000)
 Metaspace       used 5633K, capacity 6640K, committed 6784K, reserved 1056768K
  class space    used 567K, capacity 616K, committed 640K, reserved 1048576K
Event: 4.672 GC heap after
Heap after GC invocations=1 (full 0):
 PSYoungGen      total 18944K, used 2549K [0x00000000eab00000, 0x00000000ed000000, 0x0000000100000000)
  eden space 16384K, 0% used [0x00000000eab00000,0x00000000eab00000,0x00000000ebb00000)
  from space 2560K, 99% used [0x00000000ebb00000,0x00000000ebd7d640,0x00000000ebd80000)
  to   space 2560K, 0% used [0x00000000ecd80000,0x00000000ecd80000,0x00000000ed000000)
 ParOldGen       total 44032K, used 1245K [0x00000000c0000000, 0x00000000c2b00000, 0x00000000eab00000)
  object space 44032K, 2% used [0x00000000c0000000,0x00000000c0137718,0x00000000c2b00000)
 Metaspace       used 5633K, capacity 6640K, committed 6784K, reserved 1056768K
  class space    used 567K, capacity 616K, committed 640K, reserved 1048576K
}
Event: 5.910 GC heap before
{Heap before GC invocations=2 (full 0):
 PSYoungGen      total 18944K, used 18933K [0x00000000eab00000, 0x00000000ed000000, 0x0000000100000000)
  eden space 16384K, 100% used [0x00000000eab00000,0x00000000ebb00000,0x00000000ebb00000)
  from space 2560K, 99% used [0x00000000ebb00000,0x00000000ebd7d640,0x00000000ebd80000)
  to   space 2560K, 0% used [0x00000000ecd80000,0x00000000ecd80000,0x00000000ed000000)
 ParOldGen       total 44032K, used 1245K [0x00000000c0000000, 0x00000000c2b00000, 0x00000000eab00000)
  object space 44032K, 2% used [0x00000000c0000000,0x00000000c0137718,0x00000000c2b00000)
 Metaspace       used 5993K, capacity 6960K, committed 7040K, reserved 1056768K
  class space    used 574K, capacity 616K, committed 640K, reserved 1048576K
Event: 6.229 GC heap after
Heap after GC invocations=2 (full 0):
 PSYoungGen      total 35328K, used 2535K [0x00000000eab00000, 0x00000000ed000000, 0x0000000100000000)
  eden space 32768K, 0% used [0x00000000eab00000,0x00000000eab00000,0x00000000ecb00000)
  from space 2560K, 99% used [0x00000000ecd80000,0x00000000ecff9c68,0x00000000ed000000)
  to   space 2560K, 0% used [0x00000000ecb00000,0x00000000ecb00000,0x00000000ecd80000)
 ParOldGen       total 44032K, used 3240K [0x00000000c0000000, 0x00000000c2b00000, 0x00000000eab00000)
  object space 44032K, 7% used [0x00000000c0000000,0x00000000c032a1b0,0x00000000c2b00000)
 Metaspace       used 5993K, capacity 6960K, committed 7040K, reserved 1056768K
  class space    used 574K, capacity 616K, committed 640K, reserved 1048576K
}

Deoptimization events (7 events):
Event: 2.076 Thread 0x0000000002f00800 Uncommon trap: reason=unstable_if action=reinterpret pc=0x000000000315b6dc method=java.lang.String.indexOf(II)I @ 49
Event: 4.754 Thread 0x0000000002f00800 Uncommon trap: reason=class_check action=maybe_recompile pc=0x00000000032daf94 method=com.android.dx.ssa.NormalSsaInsn.accept(Lcom/android/dx/ssa/SsaInsn$Visitor;)V @ 9
Event: 4.796 Thread 0x000000001726f000 Uncommon trap: reason=class_check action=maybe_recompile pc=0x00000000032daf94 method=com.android.dx.ssa.NormalSsaInsn.accept(Lcom/android/dx/ssa/SsaInsn$Visitor;)V @ 9
Event: 4.796 Thread 0x000000001726f000 Uncommon trap: reason=class_check action=maybe_recompile pc=0x0000000003259ef0 method=com.android.dx.ssa.NormalSsaInsn.accept(Lcom/android/dx/ssa/SsaInsn$Visitor;)V @ 9
Event: 4.796 Thread 0x000000001726f000 Uncommon trap: reason=class_check action=maybe_recompile pc=0x0000000003259ef0 method=com.android.dx.ssa.NormalSsaInsn.accept(Lcom/android/dx/ssa/SsaInsn$Visitor;)V @ 9
Event: 4.818 Thread 0x000000001726f000 Uncommon trap: reason=class_check action=maybe_recompile pc=0x00000000032daf94 method=com.android.dx.ssa.NormalSsaInsn.accept(Lcom/android/dx/ssa/SsaInsn$Visitor;)V @ 9
Event: 5.340 Thread 0x0000000002f00800 Uncommon trap: reason=unstable_if action=reinterpret pc=0x00000000033ea500 method=com.android.dx.rop.code.RegisterSpecSet.<init>(I)V @ 2

Internal exceptions (2 events):
Event: 0.639 Thread 0x0000000002f00800 Exception <a 'java/lang/NoSuchMethodError': Method sun.misc.Unsafe.defineClass(Ljava/lang/String;[BII)Ljava/lang/Class; name or signature does not match> (0x00000000eab07c78) thrown at [C:\src\android\AOSP-openjdk\external\jetbrains\jdk\hotspot\src\share\v=hrä?
Event: 0.639 Thread 0x0000000002f00800 Exception <a 'java/lang/NoSuchMethodError': Method sun.misc.Unsafe.prefetchRead(Ljava/lang/Object;J)V name or signature does not match> (0x00000000eab07f60) thrown at [C:\src\android\AOSP-openjdk\external\jetbrains\jdk\hotspot\src\share\vm\prims\jni.cpp, l

Events (10 events):
Event: 5.197 loading class com/android/dx/dex/file/UniformListItem done
Event: 5.198 loading class com/android/dx/dex/file/AnnotationSetRefItem
Event: 5.198 loading class com/android/dx/dex/file/AnnotationSetRefItem done
Event: 5.243 loading class com/android/dx/cf/code/SwitchList
Event: 5.243 loading class com/android/dx/cf/code/SwitchList done
Event: 5.340 Thread 0x0000000002f00800 Uncommon trap: trap_request=0xffffff65 fr.pc=0x00000000033ea500
Event: 5.340 Thread 0x0000000002f00800 DEOPT PACKING pc=0x00000000033ea500 sp=0x0000000002efe530
Event: 5.340 Thread 0x0000000002f00800 DEOPT UNPACKING pc=0x000000000304556a sp=0x0000000002efe460 mode 2
Event: 5.885 Executing VM operation: ParallelGCFailedAllocation
Event: 6.229 Executing VM operation: ParallelGCFailedAllocation done


Dynamic libraries:
0x00007ff6160e0000 - 0x00007ff616111000 	C:\Program Files\Android\Android Studio\jre\bin\java.exe
0x00007ffbfcd90000 - 0x00007ffbfcf61000 	C:\WINDOWS\SYSTEM32\ntdll.dll
0x00007ffbfc370000 - 0x00007ffbfc41b000 	C:\WINDOWS\System32\KERNEL32.DLL
0x00007ffbf9cd0000 - 0x00007ffbf9eed000 	C:\WINDOWS\System32\KERNELBASE.dll
0x00007ffbfa5e0000 - 0x00007ffbfa682000 	C:\WINDOWS\System32\ADVAPI32.dll
0x00007ffbfadc0000 - 0x00007ffbfae5e000 	C:\WINDOWS\System32\msvcrt.dll
0x00007ffbfa440000 - 0x00007ffbfa499000 	C:\WINDOWS\System32\sechost.dll
0x00007ffbfac50000 - 0x00007ffbfad71000 	C:\WINDOWS\System32\RPCRT4.dll
0x00007ffbfa9a0000 - 0x00007ffbfab05000 	C:\WINDOWS\System32\USER32.dll
0x00007ffbf9b10000 - 0x00007ffbf9b2e000 	C:\WINDOWS\System32\win32u.dll
0x00007ffbfad80000 - 0x00007ffbfadb4000 	C:\WINDOWS\System32\GDI32.dll
0x00007ffbfa0c0000 - 0x00007ffbfa242000 	C:\WINDOWS\System32\gdi32full.dll
0x00007ffbed7c0000 - 0x00007ffbeda3a000 	C:\WINDOWS\WinSxS\amd64_microsoft.windows.common-controls_6595b64144ccf1df_6.0.14393.953_none_42151e83c686086b\COMCTL32.dll
0x00007ffbfc690000 - 0x00007ffbfc958000 	C:\WINDOWS\System32\combase.dll
0x00007ffbf9a10000 - 0x00007ffbf9b05000 	C:\WINDOWS\System32\ucrtbase.dll
0x00007ffbfa2b0000 - 0x00007ffbfa31a000 	C:\WINDOWS\System32\bcryptPrimitives.dll
0x00007ffbfc5f0000 - 0x00007ffbfc61e000 	C:\WINDOWS\System32\IMM32.DLL
0x0000000050260000 - 0x0000000050332000 	C:\Program Files\Android\Android Studio\jre\jre\bin\msvcr100.dll
0x0000000050340000 - 0x0000000050b7c000 	C:\Program Files\Android\Android Studio\jre\jre\bin\server\jvm.dll
0x00007ffbfa830000 - 0x00007ffbfa838000 	C:\WINDOWS\System32\PSAPI.DLL
0x00007ffbef720000 - 0x00007ffbef729000 	C:\WINDOWS\SYSTEM32\WSOCK32.dll
0x00007ffbfc620000 - 0x00007ffbfc68a000 	C:\WINDOWS\System32\WS2_32.dll
0x00007ffbf7560000 - 0x00007ffbf7583000 	C:\WINDOWS\SYSTEM32\WINMM.dll
0x00007ffbec910000 - 0x00007ffbec91a000 	C:\WINDOWS\SYSTEM32\VERSION.dll
0x00007ffbf74f0000 - 0x00007ffbf751b000 	C:\WINDOWS\SYSTEM32\WINMMBASE.dll
0x00007ffbf9c80000 - 0x00007ffbf9cc2000 	C:\WINDOWS\System32\cfgmgr32.dll
0x00007ffbf6380000 - 0x00007ffbf638f000 	C:\Program Files\Android\Android Studio\jre\jre\bin\verify.dll
0x00007ffbecc10000 - 0x00007ffbecc39000 	C:\Program Files\Android\Android Studio\jre\jre\bin\java.dll
0x00007ffbef700000 - 0x00007ffbef716000 	C:\Program Files\Android\Android Studio\jre\jre\bin\zip.dll
0x00007ffbfae60000 - 0x00007ffbfc369000 	C:\WINDOWS\System32\SHELL32.dll
0x00007ffbf9280000 - 0x00007ffbf995a000 	C:\WINDOWS\System32\windows.storage.dll
0x00007ffbf9220000 - 0x00007ffbf926c000 	C:\WINDOWS\System32\powrprof.dll
0x00007ffbfa320000 - 0x00007ffbfa372000 	C:\WINDOWS\System32\shlwapi.dll
0x00007ffbf9270000 - 0x00007ffbf927f000 	C:\WINDOWS\System32\kernel.appcore.dll
0x00007ffbf9960000 - 0x00007ffbf9a09000 	C:\WINDOWS\System32\shcore.dll
0x00007ffbf9200000 - 0x00007ffbf9214000 	C:\WINDOWS\System32\profapi.dll

VM Arguments:
jvm_args: -Djava.awt.headless=true -Xmx1024M -Dfile.encoding=windows-1252 -Duser.country=US -Duser.language=en -Duser.variant 
java_command: com.android.dx.command.Main --dex --num-threads=4 --output C:\Users\ADITYA\AndroidStudioProjects\ADBrowser\app\build\intermediates\pre-dexed\debug\com.google.android.gms-play-services-ads-lite-10.0.1_d14e1988e2cc44cf518377a4c5f133f5118a5794.jar C:\Users\ADITYA\AndroidStudioProjects\ADBrowser\app\build\intermediates\exploded-aar\com.google.android.gms\play-services-ads-lite\10.0.1\jars\classes.jar
java_class_path (initial): C:\Users\ADITYA\AppData\Local\Android\sdk\build-tools\24.0.2\lib\dx.jar
Launcher Type: SUN_STANDARD

Environment Variables:
JAVA_HOME=C:\Program Files\Java\jdk1.8.0_101
PATH=C:\ProgramData\Oracle\Java\javapath;C:\WINDOWS\system32;C:\WINDOWS;C:\WINDOWS\System32\Wbem;C:\WINDOWS\System32\WindowsPowerShell\v1.0\;C:\Program Files (x86)\Windows Live\Shared;C:\Program Files (x86)\ATI Technologies\ATI.ACE\Core-Static;C:\Users\ADITYA\AppData\Local\Android\sdk\platform-tools;C:\Program Files\Java\jdk1.8.0_101\bin;C:\Program Files\nodejs\;C:\Users\ADITYA\AppData\Local\Microsoft\WindowsApps;C:\Users\ADITYA\AppData\Roaming\npm
USERNAME=ADITYA
OS=Windows_NT
PROCESSOR_IDENTIFIER=Intel64 Family 6 Model 58 Stepping 9, GenuineIntel



---------------  S Y S T E M  ---------------

OS: Windows 10.0 , 64 bit Build 14393 (10.0.14393.0)

CPU:total 4 (2 cores per cpu, 2 threads per core) family 6 model 58 stepping 9, cmov, cx8, fxsr, mmx, sse, sse2, sse3, ssse3, sse4.1, sse4.2, popcnt, avx, aes, clmul, erms, ht, tsc, tscinvbit, tscinv

Memory: 4k page, physical 4087144k(365148k free), swap 9066164k(1336k free)

vm_info: OpenJDK 64-Bit Server VM (25.112-b06) for windows-amd64 JRE (1.8.0_112-release-b06), built on Dec  8 2016 00:54:26 by "builder" with MS VC++ 10.0 (VS2010)

time: Mon May 29 22:16:37 2017
elapsed time: 6 seconds (0d 0h 0m 6s)

