#
# There is insufficient memory for the Java Runtime Environment to continue.
# Native memory allocation (malloc) failed to allocate 90176 bytes for Chunk::new
# Possible reasons:
#   The system is out of physical RAM or swap space
#   In 32 bit mode, the process size limit was hit
# Possible solutions:
#   Reduce memory load on the system
#   Increase physical memory or swap space
#   Check if swap backing store is full
#   Use 64 bit Java on a 64 bit OS
#   Decrease Java heap size (-Xmx/-Xms)
#   Decrease number of Java threads
#   Decrease Java thread stack sizes (-Xss)
#   Set larger code cache with -XX:ReservedCodeCacheSize=
# This output file may be truncated or incomplete.
#
#  Out of Memory Error (allocation.cpp:390), pid=15600, tid=0x0000000000001ef8
#
# JRE version: OpenJDK Runtime Environment (8.0_112-b06) (build 1.8.0_112-release-b06)
# Java VM: OpenJDK 64-Bit Server VM (25.112-b06 mixed mode windows-amd64 compressed oops)
# Failed to write core dump. Minidumps are not enabled by default on client versions of Windows
#

---------------  T H R E A D  ---------------

Current thread (0x0000000014b34800):  JavaThread "C2 CompilerThread1" daemon [_thread_in_native, id=7928, stack(0x0000000016220000,0x0000000016320000)]

Stack: [0x0000000016220000,0x0000000016320000]
[error occurred during error reporting (printing stack bounds), id 0xc0000005]

Native frames: (J=compiled Java code, j=interpreted, Vv=VM code, C=native code)


Current CompileTask:
C2:   4367  868       4       com.android.dx.ssa.SsaRenamer$BlockRenamer::addMapping (143 bytes)


---------------  P R O C E S S  ---------------

Java Threads: ( => current thread )
  0x0000000016666800 JavaThread "pool-1-thread-4" [_thread_blocked, id=6992, stack(0x0000000016e20000,0x0000000016f20000)]
  0x00000000166da800 JavaThread "pool-1-thread-3" [_thread_blocked, id=13692, stack(0x0000000016d20000,0x0000000016e20000)]
  0x00000000166d9000 JavaThread "pool-1-thread-2" [_thread_in_Java, id=14980, stack(0x0000000016c20000,0x0000000016d20000)]
  0x0000000016748800 JavaThread "pool-2-thread-1" [_thread_blocked, id=7148, stack(0x0000000016b20000,0x0000000016c20000)]
  0x0000000016747800 JavaThread "pool-1-thread-1" [_thread_in_native_trans, id=9604, stack(0x0000000016a20000,0x0000000016b20000)]
  0x0000000016429000 JavaThread "Service Thread" daemon [_thread_blocked, id=12860, stack(0x0000000016820000,0x0000000016920000)]
  0x0000000014b3a800 JavaThread "C1 CompilerThread2" daemon [_thread_in_vm, id=9192, stack(0x0000000016320000,0x0000000016420000)]
=>0x0000000014b34800 JavaThread "C2 CompilerThread1" daemon [_thread_in_native, id=7928, stack(0x0000000016220000,0x0000000016320000)]
  0x0000000014ae7800 JavaThread "C2 CompilerThread0" daemon [_thread_blocked, id=13504, stack(0x0000000016120000,0x0000000016220000)]
  0x0000000014ae5000 JavaThread "Attach Listener" daemon [_thread_blocked, id=12440, stack(0x0000000016020000,0x0000000016120000)]
  0x0000000014ae4000 JavaThread "Signal Dispatcher" daemon [_thread_blocked, id=15636, stack(0x0000000015f20000,0x0000000016020000)]
  0x0000000002405800 JavaThread "Finalizer" daemon [_thread_blocked, id=3996, stack(0x0000000015d30000,0x0000000015e30000)]
  0x0000000002400000 JavaThread "Reference Handler" daemon [_thread_blocked, id=7640, stack(0x0000000015c30000,0x0000000015d30000)]
  0x0000000002310800 JavaThread "main" [_thread_in_Java, id=8304, stack(0x0000000002110000,0x0000000002210000)]

Other Threads:
  0x0000000014aa5800 VMThread [stack: 0x0000000015b30000,0x0000000015c30000] [id=12256]
  0x0000000016423800 WatcherThread [stack: 0x0000000016920000,0x0000000016a20000] [id=11100]

VM state:not at safepoint (normal execution)

VM Mutex/Monitor currently owned by a thread: None

Heap:
 PSYoungGen      total 18944K, used 6348K [0x00000000eab00000, 0x00000000ec000000, 0x0000000100000000)
  eden space 16384K, 23% used [0x00000000eab00000,0x00000000eaeb9500,0x00000000ebb00000)
  from space 2560K, 99% used [0x00000000ebb00000,0x00000000ebd79c88,0x00000000ebd80000)
  to   space 2560K, 0% used [0x00000000ebd80000,0x00000000ebd80000,0x00000000ec000000)
 ParOldGen       total 44032K, used 1009K [0x00000000c0000000, 0x00000000c2b00000, 0x00000000eab00000)
  object space 44032K, 2% used [0x00000000c0000000,0x00000000c00fc660,0x00000000c2b00000)
 Metaspace       used 5777K, capacity 6768K, committed 7040K, reserved 1056768K
  class space    used 574K, capacity 616K, committed 640K, reserved 1048576K

Card table byte_map: [0x00000000117d0000,0x00000000119e0000] byte_map_base: 0x00000000111d0000

Marking Bits: (ParMarkBitMap*) 0x0000000050b018f0
 Begin Bits: [0x0000000011f40000, 0x0000000012f40000)
 End Bits:   [0x0000000012f40000, 0x0000000013f40000)

Polling page: 0x0000000001f50000

CodeCache: size=245760Kb used=3486Kb max_used=3486Kb free=242273Kb
 bounds [0x0000000002410000, 0x0000000002780000, 0x0000000011410000]
 total_blobs=1125 nmethods=857 adapters=182
 compilation: enabled

Compilation events (10 events):
Event: 4.361 Thread 0x0000000014b3a800  860       3       com.android.dx.ssa.SetFactory::makeDomFrontSet (26 bytes)
Event: 4.361 Thread 0x0000000014b3a800 nmethod 860 0x0000000002769590 code [0x0000000002769720, 0x0000000002769b28]
Event: 4.361 Thread 0x0000000014b3a800  865       3       com.android.dx.ssa.SsaRenamer$BlockRenamer::process (191 bytes)
Event: 4.361 Thread 0x0000000014b34800  868       4       com.android.dx.ssa.SsaRenamer$BlockRenamer::addMapping (143 bytes)
Event: 4.363 Thread 0x0000000014b3a800 nmethod 865 0x0000000002771bd0 code [0x0000000002771f20, 0x0000000002773c78]
Event: 4.363 Thread 0x0000000014b3a800  866       3       com.android.dx.ssa.SsaRenamer$BlockRenamer::updateSuccessorPhis (64 bytes)
Event: 4.364 Thread 0x0000000014b3a800 nmethod 866 0x0000000002768410 code [0x0000000002768620, 0x0000000002768f88]
Event: 4.364 Thread 0x0000000014b3a800  855       3       com.android.dx.ssa.DomFront$DomInfo::<init> (10 bytes)
Event: 4.364 Thread 0x0000000014b3a800 nmethod 855 0x0000000002774d90 code [0x0000000002774ee0, 0x0000000002775090]
Event: 4.364 Thread 0x0000000014b3a800  856       3       com.android.dx.ssa.Dominators$DfsWalker::visitBlock (59 bytes)

GC Heap History (2 events):
Event: 3.827 GC heap before
{Heap before GC invocations=1 (full 0):
 PSYoungGen      total 18944K, used 16384K [0x00000000eab00000, 0x00000000ec000000, 0x0000000100000000)
  eden space 16384K, 100% used [0x00000000eab00000,0x00000000ebb00000,0x00000000ebb00000)
  from space 2560K, 0% used [0x00000000ebd80000,0x00000000ebd80000,0x00000000ec000000)
  to   space 2560K, 0% used [0x00000000ebb00000,0x00000000ebb00000,0x00000000ebd80000)
 ParOldGen       total 44032K, used 0K [0x00000000c0000000, 0x00000000c2b00000, 0x00000000eab00000)
  object space 44032K, 0% used [0x00000000c0000000,0x00000000c0000000,0x00000000c2b00000)
 Metaspace       used 5650K, capacity 6640K, committed 6784K, reserved 1056768K
  class space    used 571K, capacity 616K, committed 640K, reserved 1048576K
Event: 3.896 GC heap after
Heap after GC invocations=1 (full 0):
 PSYoungGen      total 18944K, used 2535K [0x00000000eab00000, 0x00000000ec000000, 0x0000000100000000)
  eden space 16384K, 0% used [0x00000000eab00000,0x00000000eab00000,0x00000000ebb00000)
  from space 2560K, 99% used [0x00000000ebb00000,0x00000000ebd79c88,0x00000000ebd80000)
  to   space 2560K, 0% used [0x00000000ebd80000,0x00000000ebd80000,0x00000000ec000000)
 ParOldGen       total 44032K, used 1009K [0x00000000c0000000, 0x00000000c2b00000, 0x00000000eab00000)
  object space 44032K, 2% used [0x00000000c0000000,0x00000000c00fc660,0x00000000c2b00000)
 Metaspace       used 5650K, capacity 6640K, committed 6784K, reserved 1056768K
  class space    used 571K, capacity 616K, committed 640K, reserved 1048576K
}

Deoptimization events (3 events):
Event: 2.313 Thread 0x0000000002310800 Uncommon trap: reason=unstable_if action=reinterpret pc=0x00000000025608d4 method=java.lang.String.indexOf(II)I @ 49
Event: 3.386 Thread 0x0000000002310800 Uncommon trap: reason=unstable_if action=reinterpret pc=0x0000000002628018 method=java.util.HashMap.getNode(ILjava/lang/Object;)Ljava/util/HashMap$Node; @ 129
Event: 3.919 Thread 0x0000000016747800 Uncommon trap: reason=unstable_if action=reinterpret pc=0x00000000026fa274 method=java.util.BitSet.ensureCapacity(I)V @ 6

Internal exceptions (2 events):
Event: 0.145 Thread 0x0000000002310800 Exception <a 'java/lang/NoSuchMethodError': Method sun.misc.Unsafe.defineClass(Ljava/lang/String;[BII)Ljava/lang/Class; name or signature does not match> (0x00000000eab07c78) thrown at [C:\src\android\AOSP-openjdk\external\jetbrains\jdk\hotspot\src\share\v˜BM­l‹Â?
Event: 0.145 Thread 0x0000000002310800 Exception <a 'java/lang/NoSuchMethodError': Method sun.misc.Unsafe.prefetchRead(Ljava/lang/Object;J)V name or signature does not match> (0x00000000eab07f60) thrown at [C:\src\android\AOSP-openjdk\external\jetbrains\jdk\hotspot\src\share\vm\prims\jni.cpp, l

Events (10 events):
Event: 3.919 Thread 0x0000000016747800 DEOPT PACKING pc=0x00000000026fa274 sp=0x0000000016b1eb70
Event: 3.919 Thread 0x0000000016747800 DEOPT UNPACKING pc=0x000000000245556a sp=0x0000000016b1ea58 mode 2
Event: 3.925 loading class java/util/ArrayList$1
Event: 3.925 loading class java/util/ArrayList$1 done
Event: 4.022 loading class com/android/dx/cf/code/Ropper$ExceptionHandlerSetup
Event: 4.022 loading class com/android/dx/cf/code/Ropper$ExceptionHandlerSetup done
Event: 4.022 loading class java/util/HashMap$Values
Event: 4.022 loading class java/util/HashMap$Values done
Event: 4.023 loading class java/util/HashMap$ValueIterator
Event: 4.023 loading class java/util/HashMap$ValueIterator done


Dynamic libraries:
0x00007ff6160e0000 - 0x00007ff616111000 	C:\Program Files\Android\Android Studio\jre\bin\java.exe
0x00007ffbfcd90000 - 0x00007ffbfcf61000 	C:\WINDOWS\SYSTEM32\ntdll.dll
0x00007ffbfc370000 - 0x00007ffbfc41b000 	C:\WINDOWS\System32\KERNEL32.DLL
0x00007ffbf9cd0000 - 0x00007ffbf9eed000 	C:\WINDOWS\System32\KERNELBASE.dll
0x00007ffbfa5e0000 - 0x00007ffbfa682000 	C:\WINDOWS\System32\ADVAPI32.dll
0x00007ffbfadc0000 - 0x00007ffbfae5e000 	C:\WINDOWS\System32\msvcrt.dll
0x00007ffbfa440000 - 0x00007ffbfa499000 	C:\WINDOWS\System32\sechost.dll
0x00007ffbfac50000 - 0x00007ffbfad71000 	C:\WINDOWS\System32\RPCRT4.dll
0x00007ffbfa9a0000 - 0x00007ffbfab05000 	C:\WINDOWS\System32\USER32.dll
0x00007ffbf9b10000 - 0x00007ffbf9b2e000 	C:\WINDOWS\System32\win32u.dll
0x00007ffbfad80000 - 0x00007ffbfadb4000 	C:\WINDOWS\System32\GDI32.dll
0x00007ffbfa0c0000 - 0x00007ffbfa242000 	C:\WINDOWS\System32\gdi32full.dll
0x00007ffbed7c0000 - 0x00007ffbeda3a000 	C:\WINDOWS\WinSxS\amd64_microsoft.windows.common-controls_6595b64144ccf1df_6.0.14393.953_none_42151e83c686086b\COMCTL32.dll
0x00007ffbfc690000 - 0x00007ffbfc958000 	C:\WINDOWS\System32\combase.dll
0x00007ffbf9a10000 - 0x00007ffbf9b05000 	C:\WINDOWS\System32\ucrtbase.dll
0x00007ffbfa2b0000 - 0x00007ffbfa31a000 	C:\WINDOWS\System32\bcryptPrimitives.dll
0x00007ffbfc5f0000 - 0x00007ffbfc61e000 	C:\WINDOWS\System32\IMM32.DLL
0x0000000050260000 - 0x0000000050332000 	C:\Program Files\Android\Android Studio\jre\jre\bin\msvcr100.dll
0x0000000050340000 - 0x0000000050b7c000 	C:\Program Files\Android\Android Studio\jre\jre\bin\server\jvm.dll
0x00007ffbfa830000 - 0x00007ffbfa838000 	C:\WINDOWS\System32\PSAPI.DLL
0x00007ffbef720000 - 0x00007ffbef729000 	C:\WINDOWS\SYSTEM32\WSOCK32.dll
0x00007ffbfc620000 - 0x00007ffbfc68a000 	C:\WINDOWS\System32\WS2_32.dll
0x00007ffbf7560000 - 0x00007ffbf7583000 	C:\WINDOWS\SYSTEM32\WINMM.dll
0x00007ffbec910000 - 0x00007ffbec91a000 	C:\WINDOWS\SYSTEM32\VERSION.dll
0x00007ffbf74f0000 - 0x00007ffbf751b000 	C:\WINDOWS\SYSTEM32\WINMMBASE.dll
0x00007ffbf9c80000 - 0x00007ffbf9cc2000 	C:\WINDOWS\System32\cfgmgr32.dll
0x00007ffbf6380000 - 0x00007ffbf638f000 	C:\Program Files\Android\Android Studio\jre\jre\bin\verify.dll
0x00007ffbecc10000 - 0x00007ffbecc39000 	C:\Program Files\Android\Android Studio\jre\jre\bin\java.dll
0x00007ffbef700000 - 0x00007ffbef716000 	C:\Program Files\Android\Android Studio\jre\jre\bin\zip.dll
0x00007ffbfae60000 - 0x00007ffbfc369000 	C:\WINDOWS\System32\SHELL32.dll
0x00007ffbf9280000 - 0x00007ffbf995a000 	C:\WINDOWS\System32\windows.storage.dll
0x00007ffbf9220000 - 0x00007ffbf926c000 	C:\WINDOWS\System32\powrprof.dll
0x00007ffbfa320000 - 0x00007ffbfa372000 	C:\WINDOWS\System32\shlwapi.dll
0x00007ffbf9270000 - 0x00007ffbf927f000 	C:\WINDOWS\System32\kernel.appcore.dll
0x00007ffbf9960000 - 0x00007ffbf9a09000 	C:\WINDOWS\System32\shcore.dll
0x00007ffbf9200000 - 0x00007ffbf9214000 	C:\WINDOWS\System32\profapi.dll

VM Arguments:
jvm_args: -Djava.awt.headless=true -Xmx1024M -Dfile.encoding=windows-1252 -Duser.country=US -Duser.language=en -Duser.variant 
java_command: com.android.dx.command.Main --dex --num-threads=4 --output C:\Users\ADITYA\AndroidStudioProjects\ADBrowser\app\build\intermediates\pre-dexed\debug\com.google.android.exoplayer-exoplayer-r1.4.2_3f1d891f4b8b84d1e40e8fb4788a5a6f49db6614.jar C:\Users\ADITYA\AndroidStudioProjects\ADBrowser\app\build\intermediates\exploded-aar\com.google.android.exoplayer\exoplayer\r1.4.2\jars\classes.jar
java_class_path (initial): C:\Users\ADITYA\AppData\Local\Android\sdk\build-tools\24.0.2\lib\dx.jar
Launcher Type: SUN_STANDARD

Environment Variables:
JAVA_HOME=C:\Program Files\Java\jdk1.8.0_101
PATH=C:\ProgramData\Oracle\Java\javapath;C:\WINDOWS\system32;C:\WINDOWS;C:\WINDOWS\System32\Wbem;C:\WINDOWS\System32\WindowsPowerShell\v1.0\;C:\Program Files (x86)\Windows Live\Shared;C:\Program Files (x86)\ATI Technologies\ATI.ACE\Core-Static;C:\Users\ADITYA\AppData\Local\Android\sdk\platform-tools;C:\Program Files\Java\jdk1.8.0_101\bin;C:\Program Files\nodejs\;C:\Users\ADITYA\AppData\Local\Microsoft\WindowsApps;C:\Users\ADITYA\AppData\Roaming\npm
USERNAME=ADITYA
OS=Windows_NT
PROCESSOR_IDENTIFIER=Intel64 Family 6 Model 58 Stepping 9, GenuineIntel



---------------  S Y S T E M  ---------------

OS: Windows 10.0 , 64 bit Build 14393 (10.0.14393.0)

CPU:total 4 (2 cores per cpu, 2 threads per core) family 6 model 58 stepping 9, cmov, cx8, fxsr, mmx, sse, sse2, sse3, ssse3, sse4.1, sse4.2, popcnt, avx, aes, clmul, erms, ht, tsc, tscinvbit, tscinv

Memory: 4k page, physical 4087144k(392872k free), swap 9066164k(3112k free)

vm_info: OpenJDK 64-Bit Server VM (25.112-b06) for windows-amd64 JRE (1.8.0_112-release-b06), built on Dec  8 2016 00:54:26 by "builder" with MS VC++ 10.0 (VS2010)

time: Mon May 29 22:16:57 2017
elapsed time: 4 seconds (0d 0h 0m 4s)

