#
# There is insufficient memory for the Java Runtime Environment to continue.
# Native memory allocation (malloc) failed to allocate 647856 bytes for Chunk::new
# Possible reasons:
#   The system is out of physical RAM or swap space
#   In 32 bit mode, the process size limit was hit
# Possible solutions:
#   Reduce memory load on the system
#   Increase physical memory or swap space
#   Check if swap backing store is full
#   Use 64 bit Java on a 64 bit OS
#   Decrease Java heap size (-Xmx/-Xms)
#   Decrease number of Java threads
#   Decrease Java thread stack sizes (-Xss)
#   Set larger code cache with -XX:ReservedCodeCacheSize=
# This output file may be truncated or incomplete.
#
#  Out of Memory Error (allocation.cpp:390), pid=14608, tid=0x0000000000003240
#
# JRE version: OpenJDK Runtime Environment (8.0_112-b06) (build 1.8.0_112-release-b06)
# Java VM: OpenJDK 64-Bit Server VM (25.112-b06 mixed mode windows-amd64 compressed oops)
# Failed to write core dump. Minidumps are not enabled by default on client versions of Windows
#

---------------  T H R E A D  ---------------

Current thread (0x0000000015278000):  JavaThread "C2 CompilerThread1" daemon [_thread_in_native, id=12864, stack(0x00000000169c0000,0x0000000016ac0000)]

Stack: [0x00000000169c0000,0x0000000016ac0000]
[error occurred during error reporting (printing stack bounds), id 0xc0000005]

Native frames: (J=compiled Java code, j=interpreted, Vv=VM code, C=native code)


Current CompileTask:
C2:   4506 1139       4       com.android.dx.ssa.SCCP::simulateStmt (481 bytes)


---------------  P R O C E S S  ---------------

Java Threads: ( => current thread )
  0x0000000016e3d800 JavaThread "pool-1-thread-4" [_thread_in_vm, id=17328, stack(0x00000000175c0000,0x00000000176c0000)]
  0x0000000016e3d000 JavaThread "pool-1-thread-3" [_thread_blocked, id=17012, stack(0x00000000174c0000,0x00000000175c0000)]
  0x0000000016e3b000 JavaThread "pool-1-thread-2" [_thread_blocked, id=11508, stack(0x00000000173c0000,0x00000000174c0000)]
  0x0000000016e39800 JavaThread "pool-2-thread-1" [_thread_blocked, id=368, stack(0x00000000172c0000,0x00000000173c0000)]
  0x0000000016e36800 JavaThread "pool-1-thread-1" [_thread_in_Java, id=16012, stack(0x00000000171c0000,0x00000000172c0000)]
  0x0000000016bcc000 JavaThread "Service Thread" daemon [_thread_blocked, id=14000, stack(0x0000000016fc0000,0x00000000170c0000)]
  0x00000000152db800 JavaThread "C1 CompilerThread2" daemon [_thread_blocked, id=10312, stack(0x0000000016ac0000,0x0000000016bc0000)]
=>0x0000000015278000 JavaThread "C2 CompilerThread1" daemon [_thread_in_native, id=12864, stack(0x00000000169c0000,0x0000000016ac0000)]
  0x0000000015276800 JavaThread "C2 CompilerThread0" daemon [_thread_in_native, id=2404, stack(0x00000000168c0000,0x00000000169c0000)]
  0x0000000015286000 JavaThread "Attach Listener" daemon [_thread_blocked, id=224, stack(0x00000000167c0000,0x00000000168c0000)]
  0x0000000015285000 JavaThread "Signal Dispatcher" daemon [_thread_blocked, id=13084, stack(0x00000000166c0000,0x00000000167c0000)]
  0x0000000002bab000 JavaThread "Finalizer" daemon [_thread_blocked, id=9152, stack(0x00000000164d0000,0x00000000165d0000)]
  0x0000000002ba0000 JavaThread "Reference Handler" daemon [_thread_blocked, id=13828, stack(0x00000000163d0000,0x00000000164d0000)]
  0x0000000002ab0800 JavaThread "main" [_thread_blocked, id=11844, stack(0x00000000029b0000,0x0000000002ab0000)]

Other Threads:
  0x0000000015245800 VMThread [stack: 0x00000000162d0000,0x00000000163d0000] [id=5708]
  0x0000000016bc1800 WatcherThread [stack: 0x00000000170c0000,0x00000000171c0000] [id=2008]

VM state:not at safepoint (normal execution)

VM Mutex/Monitor currently owned by a thread: None

Heap:
 PSYoungGen      total 18944K, used 14139K [0x00000000eab00000, 0x00000000ec000000, 0x0000000100000000)
  eden space 16384K, 70% used [0x00000000eab00000,0x00000000eb64ff18,0x00000000ebb00000)
  from space 2560K, 99% used [0x00000000ebb00000,0x00000000ebd7ede0,0x00000000ebd80000)
  to   space 2560K, 0% used [0x00000000ebd80000,0x00000000ebd80000,0x00000000ec000000)
 ParOldGen       total 44032K, used 1305K [0x00000000c0000000, 0x00000000c2b00000, 0x00000000eab00000)
  object space 44032K, 2% used [0x00000000c0000000,0x00000000c0146648,0x00000000c2b00000)
 Metaspace       used 5890K, capacity 6896K, committed 7040K, reserved 1056768K
  class space    used 574K, capacity 616K, committed 640K, reserved 1048576K

Card table byte_map: [0x0000000011f70000,0x0000000012180000] byte_map_base: 0x0000000011970000

Marking Bits: (ParMarkBitMap*) 0x0000000050b018f0
 Begin Bits: [0x00000000126e0000, 0x00000000136e0000)
 End Bits:   [0x00000000136e0000, 0x00000000146e0000)

Polling page: 0x0000000001060000

CodeCache: size=245760Kb used=4529Kb max_used=4543Kb free=241230Kb
 bounds [0x0000000002bb0000, 0x0000000003030000, 0x0000000011bb0000]
 total_blobs=1386 nmethods=1119 adapters=181
 compilation: enabled

Compilation events (10 events):
Event: 4.363 Thread 0x0000000015278000 nmethod 1136 0x0000000003014050 code [0x0000000003014180, 0x0000000003014218]
Event: 4.366 Thread 0x0000000015278000 1138       4       java.util.ArrayList$SubList::size (9 bytes)
Event: 4.366 Thread 0x0000000015278000 nmethod 1138 0x0000000003011e50 code [0x0000000003011f80, 0x0000000003012018]
Event: 4.368 Thread 0x0000000015278000 1139       4       com.android.dx.ssa.SCCP::simulateStmt (481 bytes)
Event: 4.389 Thread 0x0000000015276800 nmethod 1133 0x0000000003020110 code [0x00000000030202c0, 0x0000000003021078]
Event: 4.392 Thread 0x0000000015276800 1140       4       com.android.dx.ssa.SsaBasicBlock::forEachPhiInsn (54 bytes)
Event: 4.406 Thread 0x0000000015276800 nmethod 1140 0x0000000003015e50 code [0x0000000003015fe0, 0x00000000030166f8]
Event: 4.412 Thread 0x0000000015276800 1141       4       com.android.dx.ssa.SsaMethod$2::addToUses (48 bytes)
Event: 4.434 Thread 0x0000000015276800 nmethod 1141 0x00000000030221d0 code [0x0000000003022380, 0x0000000003022db8]
Event: 4.456 Thread 0x0000000015276800 1142   !   4       com.android.dx.cf.code.BytecodeArray::parseInstruction (2764 bytes)

GC Heap History (2 events):
Event: 3.564 GC heap before
{Heap before GC invocations=1 (full 0):
 PSYoungGen      total 18944K, used 16384K [0x00000000eab00000, 0x00000000ec000000, 0x0000000100000000)
  eden space 16384K, 100% used [0x00000000eab00000,0x00000000ebb00000,0x00000000ebb00000)
  from space 2560K, 0% used [0x00000000ebd80000,0x00000000ebd80000,0x00000000ec000000)
  to   space 2560K, 0% used [0x00000000ebb00000,0x00000000ebb00000,0x00000000ebd80000)
 ParOldGen       total 44032K, used 0K [0x00000000c0000000, 0x00000000c2b00000, 0x00000000eab00000)
  object space 44032K, 0% used [0x00000000c0000000,0x00000000c0000000,0x00000000c2b00000)
 Metaspace       used 5704K, capacity 6704K, committed 6784K, reserved 1056768K
  class space    used 573K, capacity 616K, committed 640K, reserved 1048576K
Event: 3.808 GC heap after
Heap after GC invocations=1 (full 0):
 PSYoungGen      total 18944K, used 2555K [0x00000000eab00000, 0x00000000ec000000, 0x0000000100000000)
  eden space 16384K, 0% used [0x00000000eab00000,0x00000000eab00000,0x00000000ebb00000)
  from space 2560K, 99% used [0x00000000ebb00000,0x00000000ebd7ede0,0x00000000ebd80000)
  to   space 2560K, 0% used [0x00000000ebd80000,0x00000000ebd80000,0x00000000ec000000)
 ParOldGen       total 44032K, used 1305K [0x00000000c0000000, 0x00000000c2b00000, 0x00000000eab00000)
  object space 44032K, 2% used [0x00000000c0000000,0x00000000c0146648,0x00000000c2b00000)
 Metaspace       used 5704K, capacity 6704K, committed 6784K, reserved 1056768K
  class space    used 573K, capacity 616K, committed 640K, reserved 1048576K
}

Deoptimization events (9 events):
Event: 1.041 Thread 0x0000000002ab0800 Uncommon trap: reason=unstable_if action=reinterpret pc=0x0000000002cfe714 method=java.lang.String.indexOf(II)I @ 49
Event: 3.048 Thread 0x0000000016e36800 Uncommon trap: reason=unstable_if action=reinterpret pc=0x0000000002dc5368 method=java.util.HashMap.getNode(ILjava/lang/Object;)Ljava/util/HashMap$Node; @ 62
Event: 3.545 Thread 0x0000000016e3b000 Uncommon trap: reason=class_check action=maybe_recompile pc=0x0000000002ee4944 method=com.android.dx.rop.type.Type.equals(Ljava/lang/Object;)Z @ 8
Event: 3.545 Thread 0x0000000016e3b000 Uncommon trap: reason=unstable_if action=reinterpret pc=0x0000000002ee4918 method=com.android.dx.rop.code.RegisterSpec.equals(ILcom/android/dx/rop/type/TypeBearer;Lcom/android/dx/rop/code/LocalItem;)Z @ 16
Event: 3.811 Thread 0x0000000016e3b000 Uncommon trap: reason=unstable_if action=reinterpret pc=0x0000000002e7d934 method=java.util.HashMap.getNode(ILjava/lang/Object;)Ljava/util/HashMap$Node; @ 129
Event: 3.872 Thread 0x0000000016e3d000 Uncommon trap: reason=unstable_if action=reinterpret pc=0x0000000002e22234 method=java.util.BitSet.ensureCapacity(I)V @ 6
Event: 3.924 Thread 0x0000000016e3d800 Uncommon trap: reason=unstable_if action=reinterpret pc=0x0000000002f42af0 method=java.util.HashMap.getNode(ILjava/lang/Object;)Ljava/util/HashMap$Node; @ 129
Event: 3.924 Thread 0x0000000016e3d800 Uncommon trap: reason=unstable_if action=reinterpret pc=0x0000000002df80e8 method=java.util.HashMap.getNode(ILjava/lang/Object;)Ljava/util/HashMap$Node; @ 129
Event: 4.251 Thread 0x0000000016e3d000 Uncommon trap: reason=null_check action=make_not_entrant pc=0x0000000002f166a0 method=com.android.dx.rop.type.Type.equals(Ljava/lang/Object;)Z @ 8

Internal exceptions (3 events):
Event: 0.069 Thread 0x0000000002ab0800 Exception <a 'java/lang/NoSuchMethodError': Method sun.misc.Unsafe.defineClass(Ljava/lang/String;[BII)Ljava/lang/Class; name or signature does not match> (0x00000000eab07c78) thrown at [C:\src\android\AOSP-openjdk\external\jetbrains\jdk\hotspot\src\share\v®.*+õÆ±?
Event: 0.069 Thread 0x0000000002ab0800 Exception <a 'java/lang/NoSuchMethodError': Method sun.misc.Unsafe.prefetchRead(Ljava/lang/Object;J)V name or signature does not match> (0x00000000eab07f60) thrown at [C:\src\android\AOSP-openjdk\external\jetbrains\jdk\hotspot\src\share\vm\prims\jni.cpp, l™8œ“
Event: 4.251 Thread 0x0000000016e3d000 Implicit null exception at 0x0000000002f165a2 to 0x0000000002f16692

Events (10 events):
Event: 3.924 Thread 0x0000000016e3d800 DEOPT PACKING pc=0x0000000002f42af0 sp=0x00000000176be580
Event: 3.924 Thread 0x0000000016e3d800 DEOPT UNPACKING pc=0x0000000002bf556a sp=0x00000000176be450 mode 2
Event: 3.924 Thread 0x0000000016e3d800 Uncommon trap: trap_request=0xffffff65 fr.pc=0x0000000002df80e8
Event: 3.924 Thread 0x0000000016e3d800 DEOPT PACKING pc=0x0000000002df80e8 sp=0x00000000176be3f0
Event: 3.924 Thread 0x0000000016e3d800 DEOPT UNPACKING pc=0x0000000002bf556a sp=0x00000000176be320 mode 2
Event: 4.251 Thread 0x0000000016e3d000 Uncommon trap: trap_request=0xfffffff4 fr.pc=0x0000000002f166a0
Event: 4.251 Thread 0x0000000016e3d000 DEOPT PACKING pc=0x0000000002f166a0 sp=0x00000000175be3d0
Event: 4.251 Thread 0x0000000016e3d000 DEOPT UNPACKING pc=0x0000000002bf556a sp=0x00000000175be358 mode 2
Event: 4.255 Executing VM operation: EnableBiasedLocking
Event: 4.257 Executing VM operation: EnableBiasedLocking done


Dynamic libraries:
0x00007ff6160e0000 - 0x00007ff616111000 	C:\Program Files\Android\Android Studio\jre\bin\java.exe
0x00007ffbfcd90000 - 0x00007ffbfcf61000 	C:\WINDOWS\SYSTEM32\ntdll.dll
0x00007ffbfc370000 - 0x00007ffbfc41b000 	C:\WINDOWS\System32\KERNEL32.DLL
0x00007ffbf9cd0000 - 0x00007ffbf9eed000 	C:\WINDOWS\System32\KERNELBASE.dll
0x00007ffbfa5e0000 - 0x00007ffbfa682000 	C:\WINDOWS\System32\ADVAPI32.dll
0x00007ffbfadc0000 - 0x00007ffbfae5e000 	C:\WINDOWS\System32\msvcrt.dll
0x00007ffbfa440000 - 0x00007ffbfa499000 	C:\WINDOWS\System32\sechost.dll
0x00007ffbfac50000 - 0x00007ffbfad71000 	C:\WINDOWS\System32\RPCRT4.dll
0x00007ffbfa9a0000 - 0x00007ffbfab05000 	C:\WINDOWS\System32\USER32.dll
0x00007ffbf9b10000 - 0x00007ffbf9b2e000 	C:\WINDOWS\System32\win32u.dll
0x00007ffbfad80000 - 0x00007ffbfadb4000 	C:\WINDOWS\System32\GDI32.dll
0x00007ffbfa0c0000 - 0x00007ffbfa242000 	C:\WINDOWS\System32\gdi32full.dll
0x00007ffbed7c0000 - 0x00007ffbeda3a000 	C:\WINDOWS\WinSxS\amd64_microsoft.windows.common-controls_6595b64144ccf1df_6.0.14393.953_none_42151e83c686086b\COMCTL32.dll
0x00007ffbfc690000 - 0x00007ffbfc958000 	C:\WINDOWS\System32\combase.dll
0x00007ffbf9a10000 - 0x00007ffbf9b05000 	C:\WINDOWS\System32\ucrtbase.dll
0x00007ffbfa2b0000 - 0x00007ffbfa31a000 	C:\WINDOWS\System32\bcryptPrimitives.dll
0x00007ffbfc5f0000 - 0x00007ffbfc61e000 	C:\WINDOWS\System32\IMM32.DLL
0x0000000050260000 - 0x0000000050332000 	C:\Program Files\Android\Android Studio\jre\jre\bin\msvcr100.dll
0x0000000050340000 - 0x0000000050b7c000 	C:\Program Files\Android\Android Studio\jre\jre\bin\server\jvm.dll
0x00007ffbfa830000 - 0x00007ffbfa838000 	C:\WINDOWS\System32\PSAPI.DLL
0x00007ffbef720000 - 0x00007ffbef729000 	C:\WINDOWS\SYSTEM32\WSOCK32.dll
0x00007ffbfc620000 - 0x00007ffbfc68a000 	C:\WINDOWS\System32\WS2_32.dll
0x00007ffbf7560000 - 0x00007ffbf7583000 	C:\WINDOWS\SYSTEM32\WINMM.dll
0x00007ffbec910000 - 0x00007ffbec91a000 	C:\WINDOWS\SYSTEM32\VERSION.dll
0x00007ffbf74f0000 - 0x00007ffbf751b000 	C:\WINDOWS\SYSTEM32\WINMMBASE.dll
0x00007ffbf9c80000 - 0x00007ffbf9cc2000 	C:\WINDOWS\System32\cfgmgr32.dll
0x00007ffbf6380000 - 0x00007ffbf638f000 	C:\Program Files\Android\Android Studio\jre\jre\bin\verify.dll
0x00007ffbecc10000 - 0x00007ffbecc39000 	C:\Program Files\Android\Android Studio\jre\jre\bin\java.dll
0x00007ffbef700000 - 0x00007ffbef716000 	C:\Program Files\Android\Android Studio\jre\jre\bin\zip.dll
0x00007ffbfae60000 - 0x00007ffbfc369000 	C:\WINDOWS\System32\SHELL32.dll
0x00007ffbf9280000 - 0x00007ffbf995a000 	C:\WINDOWS\System32\windows.storage.dll
0x00007ffbf9220000 - 0x00007ffbf926c000 	C:\WINDOWS\System32\powrprof.dll
0x00007ffbfa320000 - 0x00007ffbfa372000 	C:\WINDOWS\System32\shlwapi.dll
0x00007ffbf9270000 - 0x00007ffbf927f000 	C:\WINDOWS\System32\kernel.appcore.dll
0x00007ffbf9960000 - 0x00007ffbf9a09000 	C:\WINDOWS\System32\shcore.dll
0x00007ffbf9200000 - 0x00007ffbf9214000 	C:\WINDOWS\System32\profapi.dll

VM Arguments:
jvm_args: -Djava.awt.headless=true -Xmx1024M -Dfile.encoding=windows-1252 -Duser.country=US -Duser.language=en -Duser.variant 
java_command: com.android.dx.command.Main --dex --num-threads=4 --output C:\Users\ADITYA\AndroidStudioProjects\ADBrowser\app\build\intermediates\pre-dexed\debug\com.google.android.gms-play-services-base-10.0.1_f8201bec127ddb23d826e606c3d767fcabb24017.jar C:\Users\ADITYA\AndroidStudioProjects\ADBrowser\app\build\intermediates\exploded-aar\com.google.android.gms\play-services-base\10.0.1\jars\classes.jar
java_class_path (initial): C:\Users\ADITYA\AppData\Local\Android\sdk\build-tools\24.0.2\lib\dx.jar
Launcher Type: SUN_STANDARD

Environment Variables:
JAVA_HOME=C:\Program Files\Java\jdk1.8.0_101
PATH=C:\ProgramData\Oracle\Java\javapath;C:\WINDOWS\system32;C:\WINDOWS;C:\WINDOWS\System32\Wbem;C:\WINDOWS\System32\WindowsPowerShell\v1.0\;C:\Program Files (x86)\Windows Live\Shared;C:\Program Files (x86)\ATI Technologies\ATI.ACE\Core-Static;C:\Users\ADITYA\AppData\Local\Android\sdk\platform-tools;C:\Program Files\Java\jdk1.8.0_101\bin;C:\Program Files\nodejs\;C:\Users\ADITYA\AppData\Local\Microsoft\WindowsApps;C:\Users\ADITYA\AppData\Roaming\npm
USERNAME=ADITYA
OS=Windows_NT
PROCESSOR_IDENTIFIER=Intel64 Family 6 Model 58 Stepping 9, GenuineIntel



---------------  S Y S T E M  ---------------

OS: Windows 10.0 , 64 bit Build 14393 (10.0.14393.0)

CPU:total 4 (2 cores per cpu, 2 threads per core) family 6 model 58 stepping 9, cmov, cx8, fxsr, mmx, sse, sse2, sse3, ssse3, sse4.1, sse4.2, popcnt, avx, aes, clmul, erms, ht, tsc, tscinvbit, tscinv

Memory: 4k page, physical 4087144k(405244k free), swap 9066164k(3372k free)

vm_info: OpenJDK 64-Bit Server VM (25.112-b06) for windows-amd64 JRE (1.8.0_112-release-b06), built on Dec  8 2016 00:54:26 by "builder" with MS VC++ 10.0 (VS2010)

time: Mon May 29 22:20:42 2017
elapsed time: 4 seconds (0d 0h 0m 4s)

