#
# There is insufficient memory for the Java Runtime Environment to continue.
# Native memory allocation (malloc) failed to allocate 323216 bytes for Chunk::new
# Possible reasons:
#   The system is out of physical RAM or swap space
#   In 32 bit mode, the process size limit was hit
# Possible solutions:
#   Reduce memory load on the system
#   Increase physical memory or swap space
#   Check if swap backing store is full
#   Use 64 bit Java on a 64 bit OS
#   Decrease Java heap size (-Xmx/-Xms)
#   Decrease number of Java threads
#   Decrease Java thread stack sizes (-Xss)
#   Set larger code cache with -XX:ReservedCodeCacheSize=
# This output file may be truncated or incomplete.
#
#  Out of Memory Error (allocation.cpp:390), pid=11108, tid=0x0000000000002978
#
# JRE version: OpenJDK Runtime Environment (8.0_112-b06) (build 1.8.0_112-release-b06)
# Java VM: OpenJDK 64-Bit Server VM (25.112-b06 mixed mode windows-amd64 compressed oops)
# Failed to write core dump. Minidumps are not enabled by default on client versions of Windows
#

---------------  T H R E A D  ---------------

Current thread (0x00000000152c7800):  JavaThread "C2 CompilerThread0" daemon [_thread_in_native, id=10616, stack(0x0000000016910000,0x0000000016a10000)]

Stack: [0x0000000016910000,0x0000000016a10000]
[error occurred during error reporting (printing stack bounds), id 0xc0000005]

Native frames: (J=compiled Java code, j=interpreted, Vv=VM code, C=native code)


Current CompileTask:
C2:   7126 1227       4       com.android.dx.ssa.SsaMethod::computeReachability (131 bytes)


---------------  P R O C E S S  ---------------

Java Threads: ( => current thread )
  0x0000000016e54000 JavaThread "pool-1-thread-4" [_thread_blocked, id=3924, stack(0x0000000017610000,0x0000000017710000)]
  0x0000000016e53800 JavaThread "pool-1-thread-3" [_thread_blocked, id=6752, stack(0x0000000017510000,0x0000000017610000)]
  0x0000000016e52000 JavaThread "pool-1-thread-2" [_thread_blocked, id=15060, stack(0x0000000017410000,0x0000000017510000)]
  0x0000000016ec6000 JavaThread "pool-2-thread-1" [_thread_blocked, id=10508, stack(0x0000000017310000,0x0000000017410000)]
  0x0000000016ec5800 JavaThread "pool-1-thread-1" [_thread_blocked, id=16988, stack(0x0000000017210000,0x0000000017310000)]
  0x0000000016c23800 JavaThread "Service Thread" daemon [_thread_blocked, id=3288, stack(0x0000000017010000,0x0000000017110000)]
  0x0000000015313000 JavaThread "C1 CompilerThread2" daemon [_thread_blocked, id=11292, stack(0x0000000016b10000,0x0000000016c10000)]
  0x00000000152da000 JavaThread "C2 CompilerThread1" daemon [_thread_in_native, id=12264, stack(0x0000000016a10000,0x0000000016b10000)]
=>0x00000000152c7800 JavaThread "C2 CompilerThread0" daemon [_thread_in_native, id=10616, stack(0x0000000016910000,0x0000000016a10000)]
  0x00000000152c5000 JavaThread "Attach Listener" daemon [_thread_blocked, id=9524, stack(0x0000000016810000,0x0000000016910000)]
  0x00000000152c4000 JavaThread "Signal Dispatcher" daemon [_thread_blocked, id=11776, stack(0x0000000016710000,0x0000000016810000)]
  0x0000000002beb000 JavaThread "Finalizer" daemon [_thread_blocked, id=10736, stack(0x0000000016520000,0x0000000016620000)]
  0x0000000002be0000 JavaThread "Reference Handler" daemon [_thread_blocked, id=14732, stack(0x0000000016420000,0x0000000016520000)]
  0x0000000002af0800 JavaThread "main" [_thread_blocked, id=16768, stack(0x00000000029f0000,0x0000000002af0000)]

Other Threads:
  0x0000000015285800 VMThread [stack: 0x0000000016320000,0x0000000016420000] [id=11452]
  0x0000000016c24800 WatcherThread [stack: 0x0000000017110000,0x0000000017210000] [id=1912]

VM state:not at safepoint (normal execution)

VM Mutex/Monitor currently owned by a thread: None

Heap:
 PSYoungGen      total 35328K, used 8710K [0x00000000eab00000, 0x00000000ed000000, 0x0000000100000000)
  eden space 32768K, 18% used [0x00000000eab00000,0x00000000eb102dd0,0x00000000ecb00000)
  from space 2560K, 99% used [0x00000000ecd80000,0x00000000ecffeab8,0x00000000ed000000)
  to   space 2560K, 0% used [0x00000000ecb00000,0x00000000ecb00000,0x00000000ecd80000)
 ParOldGen       total 44032K, used 1837K [0x00000000c0000000, 0x00000000c2b00000, 0x00000000eab00000)
  object space 44032K, 4% used [0x00000000c0000000,0x00000000c01cb5e8,0x00000000c2b00000)
 Metaspace       used 5941K, capacity 6896K, committed 7040K, reserved 1056768K
  class space    used 570K, capacity 616K, committed 640K, reserved 1048576K

Card table byte_map: [0x0000000011fb0000,0x00000000121c0000] byte_map_base: 0x00000000119b0000

Marking Bits: (ParMarkBitMap*) 0x0000000050b018f0
 Begin Bits: [0x0000000012720000, 0x0000000013720000)
 End Bits:   [0x0000000013720000, 0x0000000014720000)

Polling page: 0x0000000000d20000

CodeCache: size=245760Kb used=5170Kb max_used=5170Kb free=240589Kb
 bounds [0x0000000002bf0000, 0x0000000003110000, 0x0000000011bf0000]
 total_blobs=1534 nmethods=1267 adapters=181
 compilation: enabled

Compilation events (10 events):
Event: 7.112 Thread 0x0000000015313000 nmethod 1268 0x00000000030f0710 code [0x00000000030f0880, 0x00000000030f0bd0]
Event: 7.112 Thread 0x0000000015313000 1269       3       java.util.TreeMap::<init> (20 bytes)
Event: 7.113 Thread 0x0000000015313000 nmethod 1269 0x00000000030f0cd0 code [0x00000000030f0e40, 0x00000000030f1070]
Event: 7.114 Thread 0x0000000015313000 1271       3       java.lang.Character::forDigit (42 bytes)
Event: 7.115 Thread 0x0000000015313000 nmethod 1271 0x00000000030f1510 code [0x00000000030f1680, 0x00000000030f1930]
Event: 7.115 Thread 0x0000000015313000 1272       3       com.android.dx.dex.file.IndexedItem::<init> (10 bytes)
Event: 7.115 Thread 0x0000000015313000 nmethod 1272 0x00000000030f1990 code [0x00000000030f1b00, 0x00000000030f1d10]
Event: 7.115 Thread 0x0000000015313000 1273   !   3       com.android.dx.cf.direct.AttributeFactory::parse (248 bytes)
Event: 7.119 Thread 0x0000000015313000 nmethod 1273 0x00000000030f1e10 code [0x00000000030f2400, 0x00000000030f6268]
Event: 7.119 Thread 0x0000000015313000 1274       3       com.android.dx.cf.direct.StdAttributeFactory::parse0 (532 bytes)

GC Heap History (4 events):
Event: 2.282 GC heap before
{Heap before GC invocations=1 (full 0):
 PSYoungGen      total 18944K, used 16384K [0x00000000eab00000, 0x00000000ec000000, 0x0000000100000000)
  eden space 16384K, 100% used [0x00000000eab00000,0x00000000ebb00000,0x00000000ebb00000)
  from space 2560K, 0% used [0x00000000ebd80000,0x00000000ebd80000,0x00000000ec000000)
  to   space 2560K, 0% used [0x00000000ebb00000,0x00000000ebb00000,0x00000000ebd80000)
 ParOldGen       total 44032K, used 0K [0x00000000c0000000, 0x00000000c2b00000, 0x00000000eab00000)
  object space 44032K, 0% used [0x00000000c0000000,0x00000000c0000000,0x00000000c2b00000)
 Metaspace       used 5075K, capacity 6160K, committed 6272K, reserved 1056768K
  class space    used 541K, capacity 584K, committed 640K, reserved 1048576K
Event: 2.849 GC heap after
Heap after GC invocations=1 (full 0):
 PSYoungGen      total 18944K, used 2549K [0x00000000eab00000, 0x00000000ed000000, 0x0000000100000000)
  eden space 16384K, 0% used [0x00000000eab00000,0x00000000eab00000,0x00000000ebb00000)
  from space 2560K, 99% used [0x00000000ebb00000,0x00000000ebd7d540,0x00000000ebd80000)
  to   space 2560K, 0% used [0x00000000ecd80000,0x00000000ecd80000,0x00000000ed000000)
 ParOldGen       total 44032K, used 247K [0x00000000c0000000, 0x00000000c2b00000, 0x00000000eab00000)
  object space 44032K, 0% used [0x00000000c0000000,0x00000000c003dda0,0x00000000c2b00000)
 Metaspace       used 5075K, capacity 6160K, committed 6272K, reserved 1056768K
  class space    used 541K, capacity 584K, committed 640K, reserved 1048576K
}
Event: 6.955 GC heap before
{Heap before GC invocations=2 (full 0):
 PSYoungGen      total 18944K, used 18933K [0x00000000eab00000, 0x00000000ed000000, 0x0000000100000000)
  eden space 16384K, 100% used [0x00000000eab00000,0x00000000ebb00000,0x00000000ebb00000)
  from space 2560K, 99% used [0x00000000ebb00000,0x00000000ebd7d540,0x00000000ebd80000)
  to   space 2560K, 0% used [0x00000000ecd80000,0x00000000ecd80000,0x00000000ed000000)
 ParOldGen       total 44032K, used 247K [0x00000000c0000000, 0x00000000c2b00000, 0x00000000eab00000)
  object space 44032K, 0% used [0x00000000c0000000,0x00000000c003dda0,0x00000000c2b00000)
 Metaspace       used 5866K, capacity 6832K, committed 7040K, reserved 1056768K
  class space    used 570K, capacity 616K, committed 640K, reserved 1048576K
Event: 7.053 GC heap after
Heap after GC invocations=2 (full 0):
 PSYoungGen      total 35328K, used 2554K [0x00000000eab00000, 0x00000000ed000000, 0x0000000100000000)
  eden space 32768K, 0% used [0x00000000eab00000,0x00000000eab00000,0x00000000ecb00000)
  from space 2560K, 99% used [0x00000000ecd80000,0x00000000ecffeab8,0x00000000ed000000)
  to   space 2560K, 0% used [0x00000000ecb00000,0x00000000ecb00000,0x00000000ecd80000)
 ParOldGen       total 44032K, used 1837K [0x00000000c0000000, 0x00000000c2b00000, 0x00000000eab00000)
  object space 44032K, 4% used [0x00000000c0000000,0x00000000c01cb5e8,0x00000000c2b00000)
 Metaspace       used 5866K, capacity 6832K, committed 7040K, reserved 1056768K
  class space    used 570K, capacity 616K, committed 640K, reserved 1048576K
}

Deoptimization events (5 events):
Event: 1.035 Thread 0x0000000002af0800 Uncommon trap: reason=unstable_if action=reinterpret pc=0x0000000002d44bd4 method=java.lang.String.indexOf(II)I @ 49
Event: 3.320 Thread 0x0000000016e54000 Uncommon trap: reason=unstable_if action=reinterpret pc=0x0000000002e15dfc method=java.util.HashMap.getNode(ILjava/lang/Object;)Ljava/util/HashMap$Node; @ 129
Event: 3.424 Thread 0x0000000016e53800 Uncommon trap: reason=unstable_if action=reinterpret pc=0x0000000002e279f0 method=java.util.BitSet.nextSetBit(I)I @ 87
Event: 3.444 Thread 0x0000000016ec5800 Uncommon trap: reason=unstable_if action=reinterpret pc=0x0000000002e787b4 method=java.util.BitSet.ensureCapacity(I)V @ 6
Event: 4.652 Thread 0x0000000002af0800 Uncommon trap: reason=unstable_if action=reinterpret pc=0x0000000002ffa7fc method=com.android.dx.util.IntList.binarysearch(I)I @ 105

Internal exceptions (2 events):
Event: 0.091 Thread 0x0000000002af0800 Exception <a 'java/lang/NoSuchMethodError': Method sun.misc.Unsafe.defineClass(Ljava/lang/String;[BII)Ljava/lang/Class; name or signature does not match> (0x00000000eab07c78) thrown at [C:\src\android\AOSP-openjdk\external\jetbrains\jdk\hotspot\src\share\v­Ý	W’t·?
Event: 0.092 Thread 0x0000000002af0800 Exception <a 'java/lang/NoSuchMethodError': Method sun.misc.Unsafe.prefetchRead(Ljava/lang/Object;J)V name or signature does not match> (0x00000000eab07f60) thrown at [C:\src\android\AOSP-openjdk\external\jetbrains\jdk\hotspot\src\share\vm\prims\jni.cpp, l

Events (10 events):
Event: 4.545 Executing VM operation: EnableBiasedLocking done
Event: 4.652 Thread 0x0000000002af0800 Uncommon trap: trap_request=0xffffff65 fr.pc=0x0000000002ffa7fc
Event: 4.652 Thread 0x0000000002af0800 DEOPT PACKING pc=0x0000000002ffa7fc sp=0x0000000002aee0f0
Event: 4.652 Thread 0x0000000002af0800 DEOPT UNPACKING pc=0x0000000002c3556a sp=0x0000000002aee068 mode 2
Event: 6.019 Thread 0x0000000016e54000 DEOPT PACKING pc=0x0000000002eec565 sp=0x000000001770e6f0
Event: 6.019 Thread 0x0000000016e54000 DEOPT UNPACKING pc=0x0000000002c375bf sp=0x000000001770e4d0 mode 0
Event: 6.193 Executing VM operation: ParallelGCFailedAllocation
Event: 7.053 Executing VM operation: ParallelGCFailedAllocation done
Event: 7.079 Thread 0x0000000016e54000 DEOPT PACKING pc=0x0000000002f5ac89 sp=0x000000001770e730
Event: 7.079 Thread 0x0000000016e54000 DEOPT UNPACKING pc=0x0000000002c375bf sp=0x000000001770e4f8 mode 0


Dynamic libraries:
0x00007ff6160e0000 - 0x00007ff616111000 	C:\Program Files\Android\Android Studio\jre\bin\java.exe
0x00007ffbfcd90000 - 0x00007ffbfcf61000 	C:\WINDOWS\SYSTEM32\ntdll.dll
0x00007ffbfc370000 - 0x00007ffbfc41b000 	C:\WINDOWS\System32\KERNEL32.DLL
0x00007ffbf9cd0000 - 0x00007ffbf9eed000 	C:\WINDOWS\System32\KERNELBASE.dll
0x00007ffbfa5e0000 - 0x00007ffbfa682000 	C:\WINDOWS\System32\ADVAPI32.dll
0x00007ffbfadc0000 - 0x00007ffbfae5e000 	C:\WINDOWS\System32\msvcrt.dll
0x00007ffbfa440000 - 0x00007ffbfa499000 	C:\WINDOWS\System32\sechost.dll
0x00007ffbfac50000 - 0x00007ffbfad71000 	C:\WINDOWS\System32\RPCRT4.dll
0x00007ffbfa9a0000 - 0x00007ffbfab05000 	C:\WINDOWS\System32\USER32.dll
0x00007ffbf9b10000 - 0x00007ffbf9b2e000 	C:\WINDOWS\System32\win32u.dll
0x00007ffbfad80000 - 0x00007ffbfadb4000 	C:\WINDOWS\System32\GDI32.dll
0x00007ffbfa0c0000 - 0x00007ffbfa242000 	C:\WINDOWS\System32\gdi32full.dll
0x00007ffbed7c0000 - 0x00007ffbeda3a000 	C:\WINDOWS\WinSxS\amd64_microsoft.windows.common-controls_6595b64144ccf1df_6.0.14393.953_none_42151e83c686086b\COMCTL32.dll
0x00007ffbfc690000 - 0x00007ffbfc958000 	C:\WINDOWS\System32\combase.dll
0x00007ffbf9a10000 - 0x00007ffbf9b05000 	C:\WINDOWS\System32\ucrtbase.dll
0x00007ffbfa2b0000 - 0x00007ffbfa31a000 	C:\WINDOWS\System32\bcryptPrimitives.dll
0x00007ffbfc5f0000 - 0x00007ffbfc61e000 	C:\WINDOWS\System32\IMM32.DLL
0x0000000050260000 - 0x0000000050332000 	C:\Program Files\Android\Android Studio\jre\jre\bin\msvcr100.dll
0x0000000050340000 - 0x0000000050b7c000 	C:\Program Files\Android\Android Studio\jre\jre\bin\server\jvm.dll
0x00007ffbfa830000 - 0x00007ffbfa838000 	C:\WINDOWS\System32\PSAPI.DLL
0x00007ffbef720000 - 0x00007ffbef729000 	C:\WINDOWS\SYSTEM32\WSOCK32.dll
0x00007ffbf7560000 - 0x00007ffbf7583000 	C:\WINDOWS\SYSTEM32\WINMM.dll
0x00007ffbec910000 - 0x00007ffbec91a000 	C:\WINDOWS\SYSTEM32\VERSION.dll
0x00007ffbf74f0000 - 0x00007ffbf751b000 	C:\WINDOWS\SYSTEM32\WINMMBASE.dll
0x00007ffbf9c80000 - 0x00007ffbf9cc2000 	C:\WINDOWS\System32\cfgmgr32.dll
0x00007ffbfc620000 - 0x00007ffbfc68a000 	C:\WINDOWS\System32\ws2_32.DLL
0x00007ffbf6380000 - 0x00007ffbf638f000 	C:\Program Files\Android\Android Studio\jre\jre\bin\verify.dll
0x00007ffbecc10000 - 0x00007ffbecc39000 	C:\Program Files\Android\Android Studio\jre\jre\bin\java.dll
0x00007ffbef700000 - 0x00007ffbef716000 	C:\Program Files\Android\Android Studio\jre\jre\bin\zip.dll
0x00007ffbfae60000 - 0x00007ffbfc369000 	C:\WINDOWS\System32\SHELL32.dll
0x00007ffbf9280000 - 0x00007ffbf995a000 	C:\WINDOWS\System32\windows.storage.dll
0x00007ffbf9220000 - 0x00007ffbf926c000 	C:\WINDOWS\System32\powrprof.dll
0x00007ffbfa320000 - 0x00007ffbfa372000 	C:\WINDOWS\System32\shlwapi.dll
0x00007ffbf9270000 - 0x00007ffbf927f000 	C:\WINDOWS\System32\kernel.appcore.dll
0x00007ffbf9960000 - 0x00007ffbf9a09000 	C:\WINDOWS\System32\shcore.dll
0x00007ffbf9200000 - 0x00007ffbf9214000 	C:\WINDOWS\System32\profapi.dll

VM Arguments:
jvm_args: -Djava.awt.headless=true -Xmx1024M -Dfile.encoding=windows-1252 -Duser.country=US -Duser.language=en -Duser.variant 
java_command: com.android.dx.command.Main --dex --num-threads=4 --output C:\Users\ADITYA\AndroidStudioProjects\ADBrowser\app\build\intermediates\pre-dexed\debug\com.google.android.gms-play-services-ads-10.0.1_740e437af5c94ef7b3438e02e5d00a19b9d3a73d.jar C:\Users\ADITYA\AndroidStudioProjects\ADBrowser\app\build\intermediates\exploded-aar\com.google.android.gms\play-services-ads\10.0.1\jars\classes.jar
java_class_path (initial): C:\Users\ADITYA\AppData\Local\Android\sdk\build-tools\24.0.2\lib\dx.jar
Launcher Type: SUN_STANDARD

Environment Variables:
JAVA_HOME=C:\Program Files\Java\jdk1.8.0_101
PATH=C:\ProgramData\Oracle\Java\javapath;C:\WINDOWS\system32;C:\WINDOWS;C:\WINDOWS\System32\Wbem;C:\WINDOWS\System32\WindowsPowerShell\v1.0\;C:\Program Files (x86)\Windows Live\Shared;C:\Program Files (x86)\ATI Technologies\ATI.ACE\Core-Static;C:\Users\ADITYA\AppData\Local\Android\sdk\platform-tools;C:\Program Files\Java\jdk1.8.0_101\bin;C:\Program Files\nodejs\;C:\Users\ADITYA\AppData\Local\Microsoft\WindowsApps;C:\Users\ADITYA\AppData\Roaming\npm
USERNAME=ADITYA
OS=Windows_NT
PROCESSOR_IDENTIFIER=Intel64 Family 6 Model 58 Stepping 9, GenuineIntel



---------------  S Y S T E M  ---------------

OS: Windows 10.0 , 64 bit Build 14393 (10.0.14393.0)

CPU:total 4 (2 cores per cpu, 2 threads per core) family 6 model 58 stepping 9, cmov, cx8, fxsr, mmx, sse, sse2, sse3, ssse3, sse4.1, sse4.2, popcnt, avx, aes, clmul, erms, ht, tsc, tscinvbit, tscinv

Memory: 4k page, physical 4087144k(433900k free), swap 9066164k(2640k free)

vm_info: OpenJDK 64-Bit Server VM (25.112-b06) for windows-amd64 JRE (1.8.0_112-release-b06), built on Dec  8 2016 00:54:26 by "builder" with MS VC++ 10.0 (VS2010)

time: Mon May 29 22:20:12 2017
elapsed time: 7 seconds (0d 0h 0m 7s)

