#
# There is insufficient memory for the Java Runtime Environment to continue.
# Native memory allocation (malloc) failed to allocate 279056 bytes for Chunk::new
# Possible reasons:
#   The system is out of physical RAM or swap space
#   In 32 bit mode, the process size limit was hit
# Possible solutions:
#   Reduce memory load on the system
#   Increase physical memory or swap space
#   Check if swap backing store is full
#   Use 64 bit Java on a 64 bit OS
#   Decrease Java heap size (-Xmx/-Xms)
#   Decrease number of Java threads
#   Decrease Java thread stack sizes (-Xss)
#   Set larger code cache with -XX:ReservedCodeCacheSize=
# This output file may be truncated or incomplete.
#
#  Out of Memory Error (allocation.cpp:390), pid=5576, tid=0x00000000000040f8
#
# JRE version: OpenJDK Runtime Environment (8.0_112-b06) (build 1.8.0_112-release-b06)
# Java VM: OpenJDK 64-Bit Server VM (25.112-b06 mixed mode windows-amd64 compressed oops)
# Failed to write core dump. Minidumps are not enabled by default on client versions of Windows
#

---------------  T H R E A D  ---------------

Current thread (0x00000000158b4800):  JavaThread "C2 CompilerThread1" daemon [_thread_in_native, id=16632, stack(0x0000000016fc0000,0x00000000170c0000)]

Stack: [0x0000000016fc0000,0x00000000170c0000]
[error occurred during error reporting (printing stack bounds), id 0xc0000005]

Native frames: (J=compiled Java code, j=interpreted, Vv=VM code, C=native code)


Current CompileTask:
C2:   8271 1025   !   4       com.android.dx.cf.code.BytecodeArray::parseInstruction (2764 bytes)


---------------  P R O C E S S  ---------------

Java Threads: ( => current thread )
  0x0000000017420800 JavaThread "pool-1-thread-4" [_thread_in_Java, id=3280, stack(0x0000000017bc0000,0x0000000017cc0000)]
  0x0000000017331000 JavaThread "pool-1-thread-3" [_thread_in_Java, id=4480, stack(0x0000000017ac0000,0x0000000017bc0000)]
  0x0000000017330000 JavaThread "pool-1-thread-2" [_thread_in_Java, id=10912, stack(0x00000000179c0000,0x0000000017ac0000)]
  0x000000001732d800 JavaThread "pool-2-thread-1" [_thread_blocked, id=6480, stack(0x00000000178c0000,0x00000000179c0000)]
  0x0000000017322000 JavaThread "pool-1-thread-1" [_thread_in_Java, id=15996, stack(0x00000000177c0000,0x00000000178c0000)]
  0x00000000158be800 JavaThread "Service Thread" daemon [_thread_blocked, id=14476, stack(0x00000000175c0000,0x00000000176c0000)]
  0x00000000158b7800 JavaThread "C1 CompilerThread2" daemon [_thread_blocked, id=16212, stack(0x00000000170c0000,0x00000000171c0000)]
=>0x00000000158b4800 JavaThread "C2 CompilerThread1" daemon [_thread_in_native, id=16632, stack(0x0000000016fc0000,0x00000000170c0000)]
  0x0000000015867800 JavaThread "C2 CompilerThread0" daemon [_thread_blocked, id=8636, stack(0x0000000016ec0000,0x0000000016fc0000)]
  0x0000000015865800 JavaThread "Attach Listener" daemon [_thread_blocked, id=13384, stack(0x0000000016dc0000,0x0000000016ec0000)]
  0x0000000015864000 JavaThread "Signal Dispatcher" daemon [_thread_blocked, id=2140, stack(0x0000000016cc0000,0x0000000016dc0000)]
  0x0000000003185800 JavaThread "Finalizer" daemon [_thread_blocked, id=12728, stack(0x0000000016ad0000,0x0000000016bd0000)]
  0x0000000003180000 JavaThread "Reference Handler" daemon [_thread_blocked, id=3060, stack(0x00000000169d0000,0x0000000016ad0000)]
  0x0000000003090800 JavaThread "main" [_thread_in_Java, id=5312, stack(0x0000000002dc0000,0x0000000002ec0000)]

Other Threads:
  0x0000000015825800 VMThread [stack: 0x00000000168d0000,0x00000000169d0000] [id=16132]
  0x00000000171c2800 WatcherThread [stack: 0x00000000176c0000,0x00000000177c0000] [id=7472]

VM state:not at safepoint (normal execution)

VM Mutex/Monitor currently owned by a thread: None

Heap:
 PSYoungGen      total 18944K, used 11193K [0x00000000eab00000, 0x00000000ec000000, 0x0000000100000000)
  eden space 16384K, 52% used [0x00000000eab00000,0x00000000eb3766d0,0x00000000ebb00000)
  from space 2560K, 98% used [0x00000000ebb00000,0x00000000ebd78018,0x00000000ebd80000)
  to   space 2560K, 0% used [0x00000000ebd80000,0x00000000ebd80000,0x00000000ec000000)
 ParOldGen       total 44032K, used 1813K [0x00000000c0000000, 0x00000000c2b00000, 0x00000000eab00000)
  object space 44032K, 4% used [0x00000000c0000000,0x00000000c01c5520,0x00000000c2b00000)
 Metaspace       used 5818K, capacity 6832K, committed 7040K, reserved 1056768K
  class space    used 573K, capacity 616K, committed 640K, reserved 1048576K

Card table byte_map: [0x0000000012550000,0x0000000012760000] byte_map_base: 0x0000000011f50000

Marking Bits: (ParMarkBitMap*) 0x0000000050b018f0
 Begin Bits: [0x0000000012cc0000, 0x0000000013cc0000)
 End Bits:   [0x0000000013cc0000, 0x0000000014cc0000)

Polling page: 0x0000000000ff0000

CodeCache: size=245760Kb used=4185Kb max_used=4197Kb free=241574Kb
 bounds [0x0000000003190000, 0x00000000035b0000, 0x0000000012190000]
 total_blobs=1291 nmethods=1024 adapters=181
 compilation: enabled

Compilation events (10 events):
Event: 8.165 Thread 0x00000000158b4800 1023       4       com.android.dx.rop.cst.Constant::compareTo (9 bytes)
Event: 8.165 Thread 0x00000000158b7800 1027       3       java.lang.Character::forDigit (42 bytes)
Event: 8.166 Thread 0x00000000158b7800 nmethod 1027 0x000000000359b610 code [0x000000000359b780, 0x000000000359ba30]
Event: 8.166 Thread 0x00000000158b7800 1028       3       com.android.dx.cf.code.Frame::mergeWith (80 bytes)
Event: 8.167 Thread 0x00000000158b4800 nmethod 1023 0x000000000359b090 code [0x000000000359b200, 0x000000000359b418]
Event: 8.167 Thread 0x00000000158b4800 1026   !   4       com.android.dx.util.IntList::set (53 bytes)
Event: 8.167 Thread 0x00000000158b7800 nmethod 1028 0x000000000359e490 code [0x000000000359e6c0, 0x000000000359f6a8]
Event: 8.168 Thread 0x00000000158b4800 nmethod 1026 0x000000000359c810 code [0x000000000359c960, 0x000000000359ca58]
Event: 8.168 Thread 0x00000000158b4800 1025   !   4       com.android.dx.cf.code.BytecodeArray::parseInstruction (2764 bytes)
Event: 8.169 Thread 0x0000000015867800 nmethod 1020 0x00000000035a6b90 code [0x00000000035a6d00, 0x00000000035a7308]

GC Heap History (2 events):
Event: 7.727 GC heap before
{Heap before GC invocations=1 (full 0):
 PSYoungGen      total 18944K, used 16384K [0x00000000eab00000, 0x00000000ec000000, 0x0000000100000000)
  eden space 16384K, 100% used [0x00000000eab00000,0x00000000ebb00000,0x00000000ebb00000)
  from space 2560K, 0% used [0x00000000ebd80000,0x00000000ebd80000,0x00000000ec000000)
  to   space 2560K, 0% used [0x00000000ebb00000,0x00000000ebb00000,0x00000000ebd80000)
 ParOldGen       total 44032K, used 0K [0x00000000c0000000, 0x00000000c2b00000, 0x00000000eab00000)
  object space 44032K, 0% used [0x00000000c0000000,0x00000000c0000000,0x00000000c2b00000)
 Metaspace       used 5703K, capacity 6704K, committed 6784K, reserved 1056768K
  class space    used 570K, capacity 616K, committed 640K, reserved 1048576K
Event: 7.957 GC heap after
Heap after GC invocations=1 (full 0):
 PSYoungGen      total 18944K, used 2528K [0x00000000eab00000, 0x00000000ec000000, 0x0000000100000000)
  eden space 16384K, 0% used [0x00000000eab00000,0x00000000eab00000,0x00000000ebb00000)
  from space 2560K, 98% used [0x00000000ebb00000,0x00000000ebd78018,0x00000000ebd80000)
  to   space 2560K, 0% used [0x00000000ebd80000,0x00000000ebd80000,0x00000000ec000000)
 ParOldGen       total 44032K, used 1813K [0x00000000c0000000, 0x00000000c2b00000, 0x00000000eab00000)
  object space 44032K, 4% used [0x00000000c0000000,0x00000000c01c5520,0x00000000c2b00000)
 Metaspace       used 5703K, capacity 6704K, committed 6784K, reserved 1056768K
  class space    used 570K, capacity 616K, committed 640K, reserved 1048576K
}

Deoptimization events (10 events):
Event: 7.511 Thread 0x0000000017330000 Uncommon trap: reason=bimorphic action=maybe_recompile pc=0x00000000033e2550 method=java.util.HashMap.getNode(ILjava/lang/Object;)Ljava/util/HashMap$Node; @ 126
Event: 7.512 Thread 0x0000000017330000 Uncommon trap: reason=bimorphic action=maybe_recompile pc=0x00000000033e2550 method=java.util.HashMap.getNode(ILjava/lang/Object;)Ljava/util/HashMap$Node; @ 126
Event: 7.512 Thread 0x0000000017330000 Uncommon trap: reason=bimorphic action=maybe_recompile pc=0x00000000033e2550 method=java.util.HashMap.getNode(ILjava/lang/Object;)Ljava/util/HashMap$Node; @ 126
Event: 7.512 Thread 0x0000000017330000 Uncommon trap: reason=bimorphic action=maybe_recompile pc=0x00000000033e2550 method=java.util.HashMap.getNode(ILjava/lang/Object;)Ljava/util/HashMap$Node; @ 126
Event: 7.512 Thread 0x0000000017330000 Uncommon trap: reason=bimorphic action=maybe_recompile pc=0x00000000033ee79c method=java.util.HashMap.getNode(ILjava/lang/Object;)Ljava/util/HashMap$Node; @ 126
Event: 7.512 Thread 0x0000000017331000 Uncommon trap: reason=unstable_if action=reinterpret pc=0x00000000033e1e74 method=java.util.BitSet.ensureCapacity(I)V @ 6
Event: 8.013 Thread 0x0000000017331000 Uncommon trap: reason=class_check action=maybe_recompile pc=0x00000000033fd4bc method=com.android.dx.ssa.NormalSsaInsn.accept(Lcom/android/dx/ssa/SsaInsn$Visitor;)V @ 9
Event: 8.013 Thread 0x0000000017331000 Uncommon trap: reason=class_check action=maybe_recompile pc=0x00000000033fd4bc method=com.android.dx.ssa.NormalSsaInsn.accept(Lcom/android/dx/ssa/SsaInsn$Visitor;)V @ 9
Event: 8.013 Thread 0x0000000017331000 Uncommon trap: reason=class_check action=maybe_recompile pc=0x00000000033fd4bc method=com.android.dx.ssa.NormalSsaInsn.accept(Lcom/android/dx/ssa/SsaInsn$Visitor;)V @ 9
Event: 8.013 Thread 0x0000000017331000 Uncommon trap: reason=class_check action=maybe_recompile pc=0x00000000033fd4bc method=com.android.dx.ssa.NormalSsaInsn.accept(Lcom/android/dx/ssa/SsaInsn$Visitor;)V @ 9

Internal exceptions (2 events):
Event: 0.176 Thread 0x0000000003090800 Exception <a 'java/lang/NoSuchMethodError': Method sun.misc.Unsafe.defineClass(Ljava/lang/String;[BII)Ljava/lang/Class; name or signature does not match> (0x00000000eab07c78) thrown at [C:\src\android\AOSP-openjdk\external\jetbrains\jdk\hotspot\src\share\vóõÝÊ‹Æ?
Event: 0.176 Thread 0x0000000003090800 Exception <a 'java/lang/NoSuchMethodError': Method sun.misc.Unsafe.prefetchRead(Ljava/lang/Object;J)V name or signature does not match> (0x00000000eab07f60) thrown at [C:\src\android\AOSP-openjdk\external\jetbrains\jdk\hotspot\src\share\vm\prims\jni.cpp, l

Events (10 events):
Event: 8.013 Thread 0x0000000017331000 DEOPT UNPACKING pc=0x00000000031d556a sp=0x0000000017bbeb40 mode 2
Event: 8.013 Thread 0x0000000017331000 Uncommon trap: trap_request=0xffffffde fr.pc=0x00000000033fd4bc
Event: 8.013 Thread 0x0000000017331000 DEOPT PACKING pc=0x00000000033fd4bc sp=0x0000000017bbeb80
Event: 8.013 Thread 0x0000000017331000 DEOPT UNPACKING pc=0x00000000031d556a sp=0x0000000017bbeb40 mode 2
Event: 8.047 loading class com/android/dx/dex/file/ParameterAnnotationStruct
Event: 8.047 loading class com/android/dx/dex/file/ParameterAnnotationStruct done
Event: 8.048 loading class com/android/dx/dex/file/UniformListItem
Event: 8.048 loading class com/android/dx/dex/file/UniformListItem done
Event: 8.048 loading class com/android/dx/dex/file/AnnotationSetRefItem
Event: 8.048 loading class com/android/dx/dex/file/AnnotationSetRefItem done


Dynamic libraries:
0x00007ff6160e0000 - 0x00007ff616111000 	C:\Program Files\Android\Android Studio\jre\bin\java.exe
0x00007ffbfcd90000 - 0x00007ffbfcf61000 	C:\WINDOWS\SYSTEM32\ntdll.dll
0x00007ffbfc370000 - 0x00007ffbfc41b000 	C:\WINDOWS\System32\KERNEL32.DLL
0x00007ffbf9cd0000 - 0x00007ffbf9eed000 	C:\WINDOWS\System32\KERNELBASE.dll
0x00007ffbfa5e0000 - 0x00007ffbfa682000 	C:\WINDOWS\System32\ADVAPI32.dll
0x00007ffbfadc0000 - 0x00007ffbfae5e000 	C:\WINDOWS\System32\msvcrt.dll
0x00007ffbfa440000 - 0x00007ffbfa499000 	C:\WINDOWS\System32\sechost.dll
0x00007ffbfac50000 - 0x00007ffbfad71000 	C:\WINDOWS\System32\RPCRT4.dll
0x00007ffbfa9a0000 - 0x00007ffbfab05000 	C:\WINDOWS\System32\USER32.dll
0x00007ffbf9b10000 - 0x00007ffbf9b2e000 	C:\WINDOWS\System32\win32u.dll
0x00007ffbfad80000 - 0x00007ffbfadb4000 	C:\WINDOWS\System32\GDI32.dll
0x00007ffbfa0c0000 - 0x00007ffbfa242000 	C:\WINDOWS\System32\gdi32full.dll
0x00007ffbed7c0000 - 0x00007ffbeda3a000 	C:\WINDOWS\WinSxS\amd64_microsoft.windows.common-controls_6595b64144ccf1df_6.0.14393.953_none_42151e83c686086b\COMCTL32.dll
0x00007ffbfc690000 - 0x00007ffbfc958000 	C:\WINDOWS\System32\combase.dll
0x00007ffbf9a10000 - 0x00007ffbf9b05000 	C:\WINDOWS\System32\ucrtbase.dll
0x00007ffbfa2b0000 - 0x00007ffbfa31a000 	C:\WINDOWS\System32\bcryptPrimitives.dll
0x00007ffbfc5f0000 - 0x00007ffbfc61e000 	C:\WINDOWS\System32\IMM32.DLL
0x0000000050260000 - 0x0000000050332000 	C:\Program Files\Android\Android Studio\jre\jre\bin\msvcr100.dll
0x0000000050340000 - 0x0000000050b7c000 	C:\Program Files\Android\Android Studio\jre\jre\bin\server\jvm.dll
0x00007ffbfa830000 - 0x00007ffbfa838000 	C:\WINDOWS\System32\PSAPI.DLL
0x00007ffbef720000 - 0x00007ffbef729000 	C:\WINDOWS\SYSTEM32\WSOCK32.dll
0x00007ffbfc620000 - 0x00007ffbfc68a000 	C:\WINDOWS\System32\WS2_32.dll
0x00007ffbf7560000 - 0x00007ffbf7583000 	C:\WINDOWS\SYSTEM32\WINMM.dll
0x00007ffbec910000 - 0x00007ffbec91a000 	C:\WINDOWS\SYSTEM32\VERSION.dll
0x00007ffbf74f0000 - 0x00007ffbf751b000 	C:\WINDOWS\SYSTEM32\WINMMBASE.dll
0x00007ffbf9c80000 - 0x00007ffbf9cc2000 	C:\WINDOWS\System32\cfgmgr32.dll
0x00007ffbf6380000 - 0x00007ffbf638f000 	C:\Program Files\Android\Android Studio\jre\jre\bin\verify.dll
0x00007ffbecc10000 - 0x00007ffbecc39000 	C:\Program Files\Android\Android Studio\jre\jre\bin\java.dll
0x00007ffbef700000 - 0x00007ffbef716000 	C:\Program Files\Android\Android Studio\jre\jre\bin\zip.dll
0x00007ffbfae60000 - 0x00007ffbfc369000 	C:\WINDOWS\System32\SHELL32.dll
0x00007ffbf9280000 - 0x00007ffbf995a000 	C:\WINDOWS\System32\windows.storage.dll
0x00007ffbf9220000 - 0x00007ffbf926c000 	C:\WINDOWS\System32\powrprof.dll
0x00007ffbfa320000 - 0x00007ffbfa372000 	C:\WINDOWS\System32\shlwapi.dll
0x00007ffbf9270000 - 0x00007ffbf927f000 	C:\WINDOWS\System32\kernel.appcore.dll
0x00007ffbf9960000 - 0x00007ffbf9a09000 	C:\WINDOWS\System32\shcore.dll
0x00007ffbf9200000 - 0x00007ffbf9214000 	C:\WINDOWS\System32\profapi.dll

VM Arguments:
jvm_args: -Djava.awt.headless=true -Xmx1024M -Dfile.encoding=windows-1252 -Duser.country=US -Duser.language=en -Duser.variant 
java_command: com.android.dx.command.Main --dex --num-threads=4 --output C:\Users\ADITYA\AndroidStudioProjects\ADBrowser\app\build\intermediates\pre-dexed\debug\com.google.android.gms-play-services-clearcut-10.0.1_15b2dbab5d43253f835ea8444728f9c3dbf351d7.jar C:\Users\ADITYA\AndroidStudioProjects\ADBrowser\app\build\intermediates\exploded-aar\com.google.android.gms\play-services-clearcut\10.0.1\jars\classes.jar
java_class_path (initial): C:\Users\ADITYA\AppData\Local\Android\sdk\build-tools\24.0.2\lib\dx.jar
Launcher Type: SUN_STANDARD

Environment Variables:
JAVA_HOME=C:\Program Files\Java\jdk1.8.0_101
PATH=C:\ProgramData\Oracle\Java\javapath;C:\WINDOWS\system32;C:\WINDOWS;C:\WINDOWS\System32\Wbem;C:\WINDOWS\System32\WindowsPowerShell\v1.0\;C:\Program Files (x86)\Windows Live\Shared;C:\Program Files (x86)\ATI Technologies\ATI.ACE\Core-Static;C:\Users\ADITYA\AppData\Local\Android\sdk\platform-tools;C:\Program Files\Java\jdk1.8.0_101\bin;C:\Program Files\nodejs\;C:\Users\ADITYA\AppData\Local\Microsoft\WindowsApps;C:\Users\ADITYA\AppData\Roaming\npm
USERNAME=ADITYA
OS=Windows_NT
PROCESSOR_IDENTIFIER=Intel64 Family 6 Model 58 Stepping 9, GenuineIntel



---------------  S Y S T E M  ---------------

OS: Windows 10.0 , 64 bit Build 14393 (10.0.14393.0)

CPU:total 4 (2 cores per cpu, 2 threads per core) family 6 model 58 stepping 9, cmov, cx8, fxsr, mmx, sse, sse2, sse3, ssse3, sse4.1, sse4.2, popcnt, avx, aes, clmul, erms, ht, tsc, tscinvbit, tscinv

Memory: 4k page, physical 4087144k(433420k free), swap 9066164k(4464k free)

vm_info: OpenJDK 64-Bit Server VM (25.112-b06) for windows-amd64 JRE (1.8.0_112-release-b06), built on Dec  8 2016 00:54:26 by "builder" with MS VC++ 10.0 (VS2010)

time: Mon May 29 22:19:18 2017
elapsed time: 8 seconds (0d 0h 0m 8s)

