#
# There is insufficient memory for the Java Runtime Environment to continue.
# Native memory allocation (malloc) failed to allocate 219056 bytes for Chunk::new
# Possible reasons:
#   The system is out of physical RAM or swap space
#   In 32 bit mode, the process size limit was hit
# Possible solutions:
#   Reduce memory load on the system
#   Increase physical memory or swap space
#   Check if swap backing store is full
#   Use 64 bit Java on a 64 bit OS
#   Decrease Java heap size (-Xmx/-Xms)
#   Decrease number of Java threads
#   Decrease Java thread stack sizes (-Xss)
#   Set larger code cache with -XX:ReservedCodeCacheSize=
# This output file may be truncated or incomplete.
#
#  Out of Memory Error (allocation.cpp:390), pid=16252, tid=0x00000000000030ac
#
# JRE version: OpenJDK Runtime Environment (8.0_112-b06) (build 1.8.0_112-release-b06)
# Java VM: OpenJDK 64-Bit Server VM (25.112-b06 mixed mode windows-amd64 compressed oops)
# Failed to write core dump. Minidumps are not enabled by default on client versions of Windows
#

---------------  T H R E A D  ---------------

Current thread (0x0000000014f97800):  JavaThread "C2 CompilerThread1" daemon [_thread_in_native, id=12460, stack(0x00000000166f0000,0x00000000167f0000)]

Stack: [0x00000000166f0000,0x00000000167f0000]
[error occurred during error reporting (printing stack bounds), id 0xc0000005]

Native frames: (J=compiled Java code, j=interpreted, Vv=VM code, C=native code)


Current CompileTask:
C2:   4638 1269       4       com.android.dx.ssa.SCCP::simulateBranch (666 bytes)


---------------  P R O C E S S  ---------------

Java Threads: ( => current thread )
  0x0000000016b4f800 JavaThread "pool-1-thread-4" [_thread_in_Java, id=13756, stack(0x00000000172f0000,0x00000000173f0000)]
  0x0000000016ab1800 JavaThread "pool-1-thread-3" [_thread_in_Java, id=15464, stack(0x00000000171f0000,0x00000000172f0000)]
  0x0000000016a92000 JavaThread "pool-1-thread-2" [_thread_in_Java, id=12888, stack(0x00000000170f0000,0x00000000171f0000)]
  0x0000000016a8b800 JavaThread "pool-2-thread-1" [_thread_blocked, id=5204, stack(0x0000000016ff0000,0x00000000170f0000)]
  0x0000000016a84800 JavaThread "pool-1-thread-1" [_thread_in_Java, id=9844, stack(0x0000000016ef0000,0x0000000016ff0000)]
  0x0000000014ffd800 JavaThread "Service Thread" daemon [_thread_blocked, id=3448, stack(0x0000000016cf0000,0x0000000016df0000)]
  0x0000000014fa1000 JavaThread "C1 CompilerThread2" daemon [_thread_in_native, id=5816, stack(0x00000000167f0000,0x00000000168f0000)]
=>0x0000000014f97800 JavaThread "C2 CompilerThread1" daemon [_thread_in_native, id=12460, stack(0x00000000166f0000,0x00000000167f0000)]
  0x0000000014fa7800 JavaThread "C2 CompilerThread0" daemon [_thread_in_native, id=3668, stack(0x00000000165f0000,0x00000000166f0000)]
  0x0000000014fa5800 JavaThread "Attach Listener" daemon [_thread_blocked, id=12152, stack(0x00000000164f0000,0x00000000165f0000)]
  0x0000000014fa4000 JavaThread "Signal Dispatcher" daemon [_thread_blocked, id=7728, stack(0x00000000163f0000,0x00000000164f0000)]
  0x00000000028c5800 JavaThread "Finalizer" daemon [_thread_blocked, id=6720, stack(0x0000000016200000,0x0000000016300000)]
  0x00000000028c0000 JavaThread "Reference Handler" daemon [_thread_blocked, id=13672, stack(0x0000000016100000,0x0000000016200000)]
  0x00000000027d0800 JavaThread "main" [_thread_in_native, id=8680, stack(0x00000000026d0000,0x00000000027d0000)]

Other Threads:
  0x0000000014f65800 VMThread [stack: 0x0000000016000000,0x0000000016100000] [id=7836]
  0x0000000014ffe800 WatcherThread [stack: 0x0000000016df0000,0x0000000016ef0000] [id=6224]

VM state:not at safepoint (normal execution)

VM Mutex/Monitor currently owned by a thread: None

Heap:
 PSYoungGen      total 35328K, used 16750K [0x00000000eab00000, 0x00000000ed000000, 0x0000000100000000)
  eden space 32768K, 43% used [0x00000000eab00000,0x00000000eb8e3a38,0x00000000ecb00000)
  from space 2560K, 98% used [0x00000000ecd80000,0x00000000ecff8048,0x00000000ed000000)
  to   space 2560K, 0% used [0x00000000ecb00000,0x00000000ecb00000,0x00000000ecd80000)
 ParOldGen       total 44032K, used 4310K [0x00000000c0000000, 0x00000000c2b00000, 0x00000000eab00000)
  object space 44032K, 9% used [0x00000000c0000000,0x00000000c04358a8,0x00000000c2b00000)
 Metaspace       used 6039K, capacity 7024K, committed 7296K, reserved 1056768K
  class space    used 578K, capacity 616K, committed 640K, reserved 1048576K

Card table byte_map: [0x0000000011c90000,0x0000000011ea0000] byte_map_base: 0x0000000011690000

Marking Bits: (ParMarkBitMap*) 0x0000000050b018f0
 Begin Bits: [0x0000000012400000, 0x0000000013400000)
 End Bits:   [0x0000000013400000, 0x0000000014400000)

Polling page: 0x0000000000a70000

CodeCache: size=245760Kb used=5651Kb max_used=5654Kb free=240108Kb
 bounds [0x00000000028d0000, 0x0000000002e60000, 0x00000000118d0000]
 total_blobs=1624 nmethods=1355 adapters=182
 compilation: enabled

Compilation events (10 events):
Event: 4.627 Thread 0x0000000014fa1000 nmethod 1356 0x0000000002e4ec10 code [0x0000000002e4ee40, 0x0000000002e4fe28]
Event: 4.627 Thread 0x0000000014fa1000 1357       3       com.android.dx.ssa.SsaBasicBlock::insertNewSuccessor (228 bytes)
Event: 4.629 Thread 0x0000000014fa1000 nmethod 1357 0x0000000002e502d0 code [0x0000000002e50600, 0x0000000002e51b28]
Event: 4.629 Thread 0x0000000014fa1000 1359       3       com.android.dx.ssa.SsaMethod::onSourceChanged (65 bytes)
Event: 4.630 Thread 0x0000000014fa1000 nmethod 1359 0x0000000002e525d0 code [0x0000000002e527a0, 0x0000000002e53018]
Event: 4.630 Thread 0x0000000014fa1000 1358       3       com.android.dx.rop.code.RegisterSpec::withType (13 bytes)
Event: 4.630 Thread 0x0000000014fa1000 nmethod 1358 0x0000000002e53510 code [0x0000000002e53680, 0x0000000002e53868]
Event: 4.631 Thread 0x0000000014fa1000 1360       3       com.android.dx.rop.code.ThrowingInsn::<init> (49 bytes)
Event: 4.632 Thread 0x0000000014fa1000 nmethod 1360 0x0000000002e53950 code [0x0000000002e53ae0, 0x0000000002e53f48]
Event: 4.635 Thread 0x0000000014fa1000 1361       3       com.android.dx.cf.code.BasicBlocker::visitBranch (98 bytes)

GC Heap History (4 events):
Event: 2.952 GC heap before
{Heap before GC invocations=1 (full 0):
 PSYoungGen      total 18944K, used 16384K [0x00000000eab00000, 0x00000000ec000000, 0x0000000100000000)
  eden space 16384K, 100% used [0x00000000eab00000,0x00000000ebb00000,0x00000000ebb00000)
  from space 2560K, 0% used [0x00000000ebd80000,0x00000000ebd80000,0x00000000ec000000)
  to   space 2560K, 0% used [0x00000000ebb00000,0x00000000ebb00000,0x00000000ebd80000)
 ParOldGen       total 44032K, used 0K [0x00000000c0000000, 0x00000000c2b00000, 0x00000000eab00000)
  object space 44032K, 0% used [0x00000000c0000000,0x00000000c0000000,0x00000000c2b00000)
 Metaspace       used 5793K, capacity 6832K, committed 7040K, reserved 1056768K
  class space    used 577K, capacity 616K, committed 640K, reserved 1048576K
Event: 3.068 GC heap after
Heap after GC invocations=1 (full 0):
 PSYoungGen      total 18944K, used 2551K [0x00000000eab00000, 0x00000000ed000000, 0x0000000100000000)
  eden space 16384K, 0% used [0x00000000eab00000,0x00000000eab00000,0x00000000ebb00000)
  from space 2560K, 99% used [0x00000000ebb00000,0x00000000ebd7dc98,0x00000000ebd80000)
  to   space 2560K, 0% used [0x00000000ecd80000,0x00000000ecd80000,0x00000000ed000000)
 ParOldGen       total 44032K, used 1587K [0x00000000c0000000, 0x00000000c2b00000, 0x00000000eab00000)
  object space 44032K, 3% used [0x00000000c0000000,0x00000000c018cfd8,0x00000000c2b00000)
 Metaspace       used 5793K, capacity 6832K, committed 7040K, reserved 1056768K
  class space    used 577K, capacity 616K, committed 640K, reserved 1048576K
}
Event: 3.997 GC heap before
{Heap before GC invocations=2 (full 0):
 PSYoungGen      total 18944K, used 18935K [0x00000000eab00000, 0x00000000ed000000, 0x0000000100000000)
  eden space 16384K, 100% used [0x00000000eab00000,0x00000000ebb00000,0x00000000ebb00000)
  from space 2560K, 99% used [0x00000000ebb00000,0x00000000ebd7dc98,0x00000000ebd80000)
  to   space 2560K, 0% used [0x00000000ecd80000,0x00000000ecd80000,0x00000000ed000000)
 ParOldGen       total 44032K, used 1587K [0x00000000c0000000, 0x00000000c2b00000, 0x00000000eab00000)
  object space 44032K, 3% used [0x00000000c0000000,0x00000000c018cfd8,0x00000000c2b00000)
 Metaspace       used 6014K, capacity 7024K, committed 7296K, reserved 1056768K
  class space    used 578K, capacity 616K, committed 640K, reserved 1048576K
Event: 4.559 GC heap after
Heap after GC invocations=2 (full 0):
 PSYoungGen      total 35328K, used 2528K [0x00000000eab00000, 0x00000000ed000000, 0x0000000100000000)
  eden space 32768K, 0% used [0x00000000eab00000,0x00000000eab00000,0x00000000ecb00000)
  from space 2560K, 98% used [0x00000000ecd80000,0x00000000ecff8048,0x00000000ed000000)
  to   space 2560K, 0% used [0x00000000ecb00000,0x00000000ecb00000,0x00000000ecd80000)
 ParOldGen       total 44032K, used 4310K [0x00000000c0000000, 0x00000000c2b00000, 0x00000000eab00000)
  object space 44032K, 9% used [0x00000000c0000000,0x00000000c04358a8,0x00000000c2b00000)
 Metaspace       used 6014K, capacity 7024K, committed 7296K, reserved 1056768K
  class space    used 578K, capacity 616K, committed 640K, reserved 1048576K
}

Deoptimization events (7 events):
Event: 3.070 Thread 0x0000000016a92000 Uncommon trap: reason=unstable_if action=reinterpret pc=0x0000000002c854ec method=com.android.dx.rop.code.RegisterSpecSet.put(Lcom/android/dx/rop/code/RegisterSpec;)V @ 77
Event: 3.101 Thread 0x0000000016b4f800 Uncommon trap: reason=null_check action=make_not_entrant pc=0x0000000002bb7748 method=com.android.dx.ssa.SsaRenamer.getLocalForNewReg(I)Lcom/android/dx/rop/code/LocalItem; @ 19
Event: 3.103 Thread 0x0000000016b4f800 Uncommon trap: reason=null_check action=make_not_entrant pc=0x0000000002ba9950 method=com.android.dx.ssa.SsaRenamer.getLocalForNewReg(I)Lcom/android/dx/rop/code/LocalItem; @ 19
Event: 3.246 Thread 0x0000000016ab1800 Uncommon trap: reason=unstable_if action=reinterpret pc=0x0000000002b8de74 method=java.util.BitSet.ensureCapacity(I)V @ 6
Event: 3.400 Thread 0x00000000027d0800 Uncommon trap: reason=unstable_if action=reinterpret pc=0x0000000002c66898 method=com.android.dx.rop.code.RegisterSpec.equals(ILcom/android/dx/rop/type/TypeBearer;Lcom/android/dx/rop/code/LocalItem;)Z @ 42
Event: 4.612 Thread 0x0000000016ab1800 Uncommon trap: reason=bimorphic action=maybe_recompile pc=0x0000000002e419b4 method=com.android.dx.cf.code.BytecodeArray.parseInstruction(ILcom/android/dx/cf/code/BytecodeArray$Visitor;)I @ 907
Event: 4.612 Thread 0x0000000016ab1800 Uncommon trap: reason=bimorphic action=maybe_recompile pc=0x0000000002e419b4 method=com.android.dx.cf.code.BytecodeArray.parseInstruction(ILcom/android/dx/cf/code/BytecodeArray$Visitor;)I @ 907

Internal exceptions (4 events):
Event: 0.064 Thread 0x00000000027d0800 Exception <a 'java/lang/NoSuchMethodError': Method sun.misc.Unsafe.defineClass(Ljava/lang/String;[BII)Ljava/lang/Class; name or signature does not match> (0x00000000eab07c78) thrown at [C:\src\android\AOSP-openjdk\external\jetbrains\jdk\hotspot\src\share\vXTÙ÷ML∞?
Event: 0.064 Thread 0x00000000027d0800 Exception <a 'java/lang/NoSuchMethodError': Method sun.misc.Unsafe.prefetchRead(Ljava/lang/Object;J)V name or signature does not match> (0x00000000eab07f60) thrown at [C:\src\android\AOSP-openjdk\external\jetbrains\jdk\hotspot\src\share\vm\prims\jni.cpp, lÕ(‘ÍçŒ@
Event: 3.101 Thread 0x0000000016b4f800 Implicit null exception at 0x0000000002bb520f to 0x0000000002bb7701
Event: 3.103 Thread 0x0000000016b4f800 Implicit null exception at 0x0000000002ba768a to 0x0000000002ba9929

Events (10 events):
Event: 3.400 Thread 0x00000000027d0800 DEOPT PACKING pc=0x0000000002c66898 sp=0x00000000027ce180
Event: 3.400 Thread 0x00000000027d0800 DEOPT UNPACKING pc=0x000000000291556a sp=0x00000000027ce108 mode 2
Event: 3.679 Executing VM operation: ParallelGCFailedAllocation
Event: 4.559 Executing VM operation: ParallelGCFailedAllocation done
Event: 4.612 Thread 0x0000000016ab1800 Uncommon trap: trap_request=0xffffffc6 fr.pc=0x0000000002e419b4
Event: 4.612 Thread 0x0000000016ab1800 DEOPT PACKING pc=0x0000000002e419b4 sp=0x00000000172ee880
Event: 4.612 Thread 0x0000000016ab1800 DEOPT UNPACKING pc=0x000000000291556a sp=0x00000000172ee7f8 mode 2
Event: 4.612 Thread 0x0000000016ab1800 Uncommon trap: trap_request=0xffffffc6 fr.pc=0x0000000002e419b4
Event: 4.613 Thread 0x0000000016ab1800 DEOPT PACKING pc=0x0000000002e419b4 sp=0x00000000172ee670
Event: 4.613 Thread 0x0000000016ab1800 DEOPT UNPACKING pc=0x000000000291556a sp=0x00000000172ee5e8 mode 2


Dynamic libraries:
0x00007ff6160e0000 - 0x00007ff616111000 	C:\Program Files\Android\Android Studio\jre\bin\java.exe
0x00007ffbfcd90000 - 0x00007ffbfcf61000 	C:\WINDOWS\SYSTEM32\ntdll.dll
0x00007ffbfc370000 - 0x00007ffbfc41b000 	C:\WINDOWS\System32\KERNEL32.DLL
0x00007ffbf9cd0000 - 0x00007ffbf9eed000 	C:\WINDOWS\System32\KERNELBASE.dll
0x00007ffbfa5e0000 - 0x00007ffbfa682000 	C:\WINDOWS\System32\ADVAPI32.dll
0x00007ffbfadc0000 - 0x00007ffbfae5e000 	C:\WINDOWS\System32\msvcrt.dll
0x00007ffbfa440000 - 0x00007ffbfa499000 	C:\WINDOWS\System32\sechost.dll
0x00007ffbfac50000 - 0x00007ffbfad71000 	C:\WINDOWS\System32\RPCRT4.dll
0x00007ffbfa9a0000 - 0x00007ffbfab05000 	C:\WINDOWS\System32\USER32.dll
0x00007ffbf9b10000 - 0x00007ffbf9b2e000 	C:\WINDOWS\System32\win32u.dll
0x00007ffbfad80000 - 0x00007ffbfadb4000 	C:\WINDOWS\System32\GDI32.dll
0x00007ffbfa0c0000 - 0x00007ffbfa242000 	C:\WINDOWS\System32\gdi32full.dll
0x00007ffbed7c0000 - 0x00007ffbeda3a000 	C:\WINDOWS\WinSxS\amd64_microsoft.windows.common-controls_6595b64144ccf1df_6.0.14393.953_none_42151e83c686086b\COMCTL32.dll
0x00007ffbfc690000 - 0x00007ffbfc958000 	C:\WINDOWS\System32\combase.dll
0x00007ffbf9a10000 - 0x00007ffbf9b05000 	C:\WINDOWS\System32\ucrtbase.dll
0x00007ffbfa2b0000 - 0x00007ffbfa31a000 	C:\WINDOWS\System32\bcryptPrimitives.dll
0x00007ffbfc5f0000 - 0x00007ffbfc61e000 	C:\WINDOWS\System32\IMM32.DLL
0x0000000050260000 - 0x0000000050332000 	C:\Program Files\Android\Android Studio\jre\jre\bin\msvcr100.dll
0x0000000050340000 - 0x0000000050b7c000 	C:\Program Files\Android\Android Studio\jre\jre\bin\server\jvm.dll
0x00007ffbfa830000 - 0x00007ffbfa838000 	C:\WINDOWS\System32\PSAPI.DLL
0x00007ffbef720000 - 0x00007ffbef729000 	C:\WINDOWS\SYSTEM32\WSOCK32.dll
0x00007ffbfc620000 - 0x00007ffbfc68a000 	C:\WINDOWS\System32\WS2_32.dll
0x00007ffbf7560000 - 0x00007ffbf7583000 	C:\WINDOWS\SYSTEM32\WINMM.dll
0x00007ffbec910000 - 0x00007ffbec91a000 	C:\WINDOWS\SYSTEM32\VERSION.dll
0x00007ffbf74f0000 - 0x00007ffbf751b000 	C:\WINDOWS\SYSTEM32\WINMMBASE.dll
0x00007ffbf9c80000 - 0x00007ffbf9cc2000 	C:\WINDOWS\System32\cfgmgr32.dll
0x00007ffbf6380000 - 0x00007ffbf638f000 	C:\Program Files\Android\Android Studio\jre\jre\bin\verify.dll
0x00007ffbecc10000 - 0x00007ffbecc39000 	C:\Program Files\Android\Android Studio\jre\jre\bin\java.dll
0x00007ffbef700000 - 0x00007ffbef716000 	C:\Program Files\Android\Android Studio\jre\jre\bin\zip.dll
0x00007ffbfae60000 - 0x00007ffbfc369000 	C:\WINDOWS\System32\SHELL32.dll
0x00007ffbf9280000 - 0x00007ffbf995a000 	C:\WINDOWS\System32\windows.storage.dll
0x00007ffbf9220000 - 0x00007ffbf926c000 	C:\WINDOWS\System32\powrprof.dll
0x00007ffbfa320000 - 0x00007ffbfa372000 	C:\WINDOWS\System32\shlwapi.dll
0x00007ffbf9270000 - 0x00007ffbf927f000 	C:\WINDOWS\System32\kernel.appcore.dll
0x00007ffbf9960000 - 0x00007ffbf9a09000 	C:\WINDOWS\System32\shcore.dll
0x00007ffbf9200000 - 0x00007ffbf9214000 	C:\WINDOWS\System32\profapi.dll

VM Arguments:
jvm_args: -Djava.awt.headless=true -Xmx1024M -Dfile.encoding=windows-1252 -Duser.country=US -Duser.language=en -Duser.variant 
java_command: com.android.dx.command.Main --dex --num-threads=4 --output C:\Users\ADITYA\AndroidStudioProjects\ADBrowser\app\build\intermediates\pre-dexed\debug\com.mopub-mopub-sdk-native-static-4.14.0_3356e93cd830ec0c2255d7e9aa83b660b024bfa8.jar C:\Users\ADITYA\AndroidStudioProjects\ADBrowser\app\build\intermediates\exploded-aar\com.mopub\mopub-sdk-native-static\4.14.0\jars\classes.jar
java_class_path (initial): C:\Users\ADITYA\AppData\Local\Android\sdk\build-tools\24.0.2\lib\dx.jar
Launcher Type: SUN_STANDARD

Environment Variables:
JAVA_HOME=C:\Program Files\Java\jdk1.8.0_101
PATH=C:\ProgramData\Oracle\Java\javapath;C:\WINDOWS\system32;C:\WINDOWS;C:\WINDOWS\System32\Wbem;C:\WINDOWS\System32\WindowsPowerShell\v1.0\;C:\Program Files (x86)\Windows Live\Shared;C:\Program Files (x86)\ATI Technologies\ATI.ACE\Core-Static;C:\Users\ADITYA\AppData\Local\Android\sdk\platform-tools;C:\Program Files\Java\jdk1.8.0_101\bin;C:\Program Files\nodejs\;C:\Users\ADITYA\AppData\Local\Microsoft\WindowsApps;C:\Users\ADITYA\AppData\Roaming\npm
USERNAME=ADITYA
OS=Windows_NT
PROCESSOR_IDENTIFIER=Intel64 Family 6 Model 58 Stepping 9, GenuineIntel



---------------  S Y S T E M  ---------------

OS: Windows 10.0 , 64 bit Build 14393 (10.0.14393.0)

CPU:total 4 (2 cores per cpu, 2 threads per core) family 6 model 58 stepping 9, cmov, cx8, fxsr, mmx, sse, sse2, sse3, ssse3, sse4.1, sse4.2, popcnt, avx, aes, clmul, erms, ht, tsc, tscinvbit, tscinv

Memory: 4k page, physical 4087144k(403568k free), swap 9066164k(3984k free)

vm_info: OpenJDK 64-Bit Server VM (25.112-b06) for windows-amd64 JRE (1.8.0_112-release-b06), built on Dec  8 2016 00:54:26 by "builder" with MS VC++ 10.0 (VS2010)

time: Mon May 29 22:20:42 2017
elapsed time: 4 seconds (0d 0h 0m 4s)

