#
# There is insufficient memory for the Java Runtime Environment to continue.
# Native memory allocation (malloc) failed to allocate 444544 bytes for Chunk::new
# Possible reasons:
#   The system is out of physical RAM or swap space
#   In 32 bit mode, the process size limit was hit
# Possible solutions:
#   Reduce memory load on the system
#   Increase physical memory or swap space
#   Check if swap backing store is full
#   Use 64 bit Java on a 64 bit OS
#   Decrease Java heap size (-Xmx/-Xms)
#   Decrease number of Java threads
#   Decrease Java thread stack sizes (-Xss)
#   Set larger code cache with -XX:ReservedCodeCacheSize=
# This output file may be truncated or incomplete.
#
#  Out of Memory Error (allocation.cpp:390), pid=16552, tid=0x0000000000002ffc
#
# JRE version: OpenJDK Runtime Environment (8.0_112-b06) (build 1.8.0_112-release-b06)
# Java VM: OpenJDK 64-Bit Server VM (25.112-b06 mixed mode windows-amd64 compressed oops)
# Failed to write core dump. Minidumps are not enabled by default on client versions of Windows
#

---------------  T H R E A D  ---------------

Current thread (0x00000000158d7800):  JavaThread "C2 CompilerThread1" daemon [_thread_in_native, id=12284, stack(0x0000000017020000,0x0000000017120000)]

Stack: [0x0000000017020000,0x0000000017120000]
[error occurred during error reporting (printing stack bounds), id 0xc0000005]

Native frames: (J=compiled Java code, j=interpreted, Vv=VM code, C=native code)


Current CompileTask:
C2:   5433 1090   !   4       com.android.dx.cf.code.BytecodeArray::parseInstruction (2764 bytes)


---------------  P R O C E S S  ---------------

Java Threads: ( => current thread )
  0x0000000017488000 JavaThread "pool-2-thread-1" [_thread_blocked, id=15884, stack(0x0000000017920000,0x0000000017a20000)]
  0x0000000017487000 JavaThread "pool-1-thread-1" [_thread_in_Java, id=13536, stack(0x0000000017820000,0x0000000017920000)]
  0x0000000017221800 JavaThread "Service Thread" daemon [_thread_blocked, id=4988, stack(0x0000000017620000,0x0000000017720000)]
  0x000000001593a800 JavaThread "C1 CompilerThread2" daemon [_thread_blocked, id=16228, stack(0x0000000017120000,0x0000000017220000)]
=>0x00000000158d7800 JavaThread "C2 CompilerThread1" daemon [_thread_in_native, id=12284, stack(0x0000000017020000,0x0000000017120000)]
  0x00000000158e7800 JavaThread "C2 CompilerThread0" daemon [_thread_in_native, id=172, stack(0x0000000016f20000,0x0000000017020000)]
  0x00000000158e5800 JavaThread "Attach Listener" daemon [_thread_blocked, id=11172, stack(0x0000000016e20000,0x0000000016f20000)]
  0x00000000158e4000 JavaThread "Signal Dispatcher" daemon [_thread_blocked, id=10108, stack(0x0000000016d20000,0x0000000016e20000)]
  0x0000000003205800 JavaThread "Finalizer" daemon [_thread_blocked, id=5624, stack(0x0000000016b30000,0x0000000016c30000)]
  0x0000000003200000 JavaThread "Reference Handler" daemon [_thread_blocked, id=10568, stack(0x0000000016a30000,0x0000000016b30000)]
  0x0000000003110800 JavaThread "main" [_thread_blocked, id=8116, stack(0x0000000002f30000,0x0000000003030000)]

Other Threads:
  0x00000000158a4800 VMThread [stack: 0x0000000016930000,0x0000000016a30000] [id=9072]
  0x000000001593e800 WatcherThread [stack: 0x0000000017720000,0x0000000017820000] [id=1984]

VM state:not at safepoint (normal execution)

VM Mutex/Monitor currently owned by a thread: None

Heap:
 PSYoungGen      total 18944K, used 9431K [0x00000000eab00000, 0x00000000ec000000, 0x0000000100000000)
  eden space 16384K, 42% used [0x00000000eab00000,0x00000000eb1b9e70,0x00000000ebb00000)
  from space 2560K, 99% used [0x00000000ebb00000,0x00000000ebd7c028,0x00000000ebd80000)
  to   space 2560K, 0% used [0x00000000ebd80000,0x00000000ebd80000,0x00000000ec000000)
 ParOldGen       total 44032K, used 1676K [0x00000000c0000000, 0x00000000c2b00000, 0x00000000eab00000)
  object space 44032K, 3% used [0x00000000c0000000,0x00000000c01a30f0,0x00000000c2b00000)
 Metaspace       used 5678K, capacity 6832K, committed 7040K, reserved 1056768K
  class space    used 556K, capacity 616K, committed 640K, reserved 1048576K

Card table byte_map: [0x00000000125d0000,0x00000000127e0000] byte_map_base: 0x0000000011fd0000

Marking Bits: (ParMarkBitMap*) 0x0000000050b018f0
 Begin Bits: [0x0000000012d40000, 0x0000000013d40000)
 End Bits:   [0x0000000013d40000, 0x0000000014d40000)

Polling page: 0x0000000001760000

CodeCache: size=245760Kb used=4443Kb max_used=4443Kb free=241316Kb
 bounds [0x0000000003210000, 0x0000000003670000, 0x0000000012210000]
 total_blobs=1376 nmethods=1115 adapters=175
 compilation: enabled

Compilation events (10 events):
Event: 5.071 Thread 0x000000001593a800 1102       3       com.android.dx.cf.code.Ropper::addExceptionSetupBlocks (203 bytes)
Event: 5.073 Thread 0x00000000158e7800 1105       4       com.android.dx.ssa.SsaMethod::bitSetFromLabelList (47 bytes)
Event: 5.074 Thread 0x000000001593a800 nmethod 1102 0x0000000003655050 code [0x0000000003655460, 0x00000000036579b8]
Event: 5.074 Thread 0x000000001593a800 1104       1       com.android.dx.rop.cst.CstString::getType (4 bytes)
Event: 5.074 Thread 0x000000001593a800 nmethod 1104 0x000000000363cf50 code [0x000000000363d0a0, 0x000000000363d1b0]
Event: 5.074 Thread 0x000000001593a800 1103       3       com.android.dx.cf.code.Ropper::getRopMethod (64 bytes)
Event: 5.075 Thread 0x000000001593a800 nmethod 1103 0x0000000003653790 code [0x00000000036539e0, 0x0000000003654778]
Event: 5.075 Thread 0x000000001593a800 1106       3       com.android.dx.ssa.SsaConverter::edgeSplitMoveExceptionsAndResults (157 bytes)
Event: 5.078 Thread 0x000000001593a800 nmethod 1106 0x0000000003659610 code [0x00000000036599c0, 0x000000000365b828]
Event: 5.081 Thread 0x00000000158e7800 nmethod 1105 0x0000000003652c50 code [0x0000000003652dc0, 0x0000000003653248]

GC Heap History (2 events):
Event: 4.238 GC heap before
{Heap before GC invocations=1 (full 0):
 PSYoungGen      total 18944K, used 16384K [0x00000000eab00000, 0x00000000ec000000, 0x0000000100000000)
  eden space 16384K, 100% used [0x00000000eab00000,0x00000000ebb00000,0x00000000ebb00000)
  from space 2560K, 0% used [0x00000000ebd80000,0x00000000ebd80000,0x00000000ec000000)
  to   space 2560K, 0% used [0x00000000ebb00000,0x00000000ebb00000,0x00000000ebd80000)
 ParOldGen       total 44032K, used 0K [0x00000000c0000000, 0x00000000c2b00000, 0x00000000eab00000)
  object space 44032K, 0% used [0x00000000c0000000,0x00000000c0000000,0x00000000c2b00000)
 Metaspace       used 5583K, capacity 6768K, committed 7040K, reserved 1056768K
  class space    used 554K, capacity 616K, committed 640K, reserved 1048576K
Event: 4.819 GC heap after
Heap after GC invocations=1 (full 0):
 PSYoungGen      total 18944K, used 2544K [0x00000000eab00000, 0x00000000ec000000, 0x0000000100000000)
  eden space 16384K, 0% used [0x00000000eab00000,0x00000000eab00000,0x00000000ebb00000)
  from space 2560K, 99% used [0x00000000ebb00000,0x00000000ebd7c028,0x00000000ebd80000)
  to   space 2560K, 0% used [0x00000000ebd80000,0x00000000ebd80000,0x00000000ec000000)
 ParOldGen       total 44032K, used 1676K [0x00000000c0000000, 0x00000000c2b00000, 0x00000000eab00000)
  object space 44032K, 3% used [0x00000000c0000000,0x00000000c01a30f0,0x00000000c2b00000)
 Metaspace       used 5583K, capacity 6768K, committed 7040K, reserved 1056768K
  class space    used 554K, capacity 616K, committed 640K, reserved 1048576K
}

Deoptimization events (4 events):
Event: 3.734 Thread 0x000000001748c000 Uncommon trap: reason=unstable_if action=reinterpret pc=0x0000000003441128 method=java.util.HashMap.getNode(ILjava/lang/Object;)Ljava/util/HashMap$Node; @ 62
Event: 4.173 Thread 0x000000001748c000 Uncommon trap: reason=unstable_if action=reinterpret pc=0x0000000003477fb4 method=java.util.BitSet.ensureCapacity(I)V @ 6
Event: 4.882 Thread 0x0000000017487000 Uncommon trap: reason=unstable_if action=reinterpret pc=0x000000000353b014 method=java.util.HashMap.getNode(ILjava/lang/Object;)Ljava/util/HashMap$Node; @ 129
Event: 4.882 Thread 0x0000000017487000 Uncommon trap: reason=unstable_if action=reinterpret pc=0x00000000035d132c method=java.util.HashMap.getNode(ILjava/lang/Object;)Ljava/util/HashMap$Node; @ 129

Internal exceptions (2 events):
Event: 0.180 Thread 0x0000000003110800 Exception <a 'java/lang/NoSuchMethodError': Method sun.misc.Unsafe.defineClass(Ljava/lang/String;[BII)Ljava/lang/Class; name or signature does not match> (0x00000000eab07c78) thrown at [C:\src\android\AOSP-openjdk\external\jetbrains\jdk\hotspot\src\share\vUpæK‹Ç?
Event: 0.180 Thread 0x0000000003110800 Exception <a 'java/lang/NoSuchMethodError': Method sun.misc.Unsafe.prefetchRead(Ljava/lang/Object;J)V name or signature does not match> (0x00000000eab07f60) thrown at [C:\src\android\AOSP-openjdk\external\jetbrains\jdk\hotspot\src\share\vm\prims\jni.cpp, l

Events (10 events):
Event: 5.060 Thread 0x0000000017487000 DEOPT PACKING pc=0x000000000348770a sp=0x000000001791e630
Event: 5.060 Thread 0x0000000017487000 DEOPT UNPACKING pc=0x00000000032575bf sp=0x000000001791e398 mode 0
Event: 5.061 Thread 0x0000000017487000 DEOPT PACKING pc=0x000000000348770a sp=0x000000001791e630
Event: 5.061 Thread 0x0000000017487000 DEOPT UNPACKING pc=0x00000000032575bf sp=0x000000001791e398 mode 0
Event: 5.061 Thread 0x0000000017487000 DEOPT PACKING pc=0x000000000348770a sp=0x000000001791e630
Event: 5.061 Thread 0x0000000017487000 DEOPT UNPACKING pc=0x00000000032575bf sp=0x000000001791e398 mode 0
Event: 5.062 Thread 0x0000000017487000 DEOPT PACKING pc=0x000000000348770a sp=0x000000001791e630
Event: 5.062 Thread 0x0000000017487000 DEOPT UNPACKING pc=0x00000000032575bf sp=0x000000001791e398 mode 0
Event: 5.063 Thread 0x0000000017487000 DEOPT PACKING pc=0x000000000348770a sp=0x000000001791e630
Event: 5.063 Thread 0x0000000017487000 DEOPT UNPACKING pc=0x00000000032575bf sp=0x000000001791e398 mode 0


Dynamic libraries:
0x00007ff6160e0000 - 0x00007ff616111000 	C:\Program Files\Android\Android Studio\jre\bin\java.exe
0x00007ffbfcd90000 - 0x00007ffbfcf61000 	C:\WINDOWS\SYSTEM32\ntdll.dll
0x00007ffbfc370000 - 0x00007ffbfc41b000 	C:\WINDOWS\System32\KERNEL32.DLL
0x00007ffbf9cd0000 - 0x00007ffbf9eed000 	C:\WINDOWS\System32\KERNELBASE.dll
0x00007ffbfa5e0000 - 0x00007ffbfa682000 	C:\WINDOWS\System32\ADVAPI32.dll
0x00007ffbfadc0000 - 0x00007ffbfae5e000 	C:\WINDOWS\System32\msvcrt.dll
0x00007ffbfa440000 - 0x00007ffbfa499000 	C:\WINDOWS\System32\sechost.dll
0x00007ffbfac50000 - 0x00007ffbfad71000 	C:\WINDOWS\System32\RPCRT4.dll
0x00007ffbfa9a0000 - 0x00007ffbfab05000 	C:\WINDOWS\System32\USER32.dll
0x00007ffbf9b10000 - 0x00007ffbf9b2e000 	C:\WINDOWS\System32\win32u.dll
0x00007ffbfad80000 - 0x00007ffbfadb4000 	C:\WINDOWS\System32\GDI32.dll
0x00007ffbfa0c0000 - 0x00007ffbfa242000 	C:\WINDOWS\System32\gdi32full.dll
0x00007ffbed7c0000 - 0x00007ffbeda3a000 	C:\WINDOWS\WinSxS\amd64_microsoft.windows.common-controls_6595b64144ccf1df_6.0.14393.953_none_42151e83c686086b\COMCTL32.dll
0x00007ffbfc690000 - 0x00007ffbfc958000 	C:\WINDOWS\System32\combase.dll
0x00007ffbf9a10000 - 0x00007ffbf9b05000 	C:\WINDOWS\System32\ucrtbase.dll
0x00007ffbfa2b0000 - 0x00007ffbfa31a000 	C:\WINDOWS\System32\bcryptPrimitives.dll
0x00007ffbfc5f0000 - 0x00007ffbfc61e000 	C:\WINDOWS\System32\IMM32.DLL
0x0000000050260000 - 0x0000000050332000 	C:\Program Files\Android\Android Studio\jre\jre\bin\msvcr100.dll
0x0000000050340000 - 0x0000000050b7c000 	C:\Program Files\Android\Android Studio\jre\jre\bin\server\jvm.dll
0x00007ffbfa830000 - 0x00007ffbfa838000 	C:\WINDOWS\System32\PSAPI.DLL
0x00007ffbef720000 - 0x00007ffbef729000 	C:\WINDOWS\SYSTEM32\WSOCK32.dll
0x00007ffbf7560000 - 0x00007ffbf7583000 	C:\WINDOWS\SYSTEM32\WINMM.dll
0x00007ffbec910000 - 0x00007ffbec91a000 	C:\WINDOWS\SYSTEM32\VERSION.dll
0x00007ffbf74f0000 - 0x00007ffbf751b000 	C:\WINDOWS\SYSTEM32\WINMMBASE.dll
0x00007ffbf9c80000 - 0x00007ffbf9cc2000 	C:\WINDOWS\System32\cfgmgr32.dll
0x00007ffbfc620000 - 0x00007ffbfc68a000 	C:\WINDOWS\System32\WS2_32.dll
0x00007ffbf6380000 - 0x00007ffbf638f000 	C:\Program Files\Android\Android Studio\jre\jre\bin\verify.dll
0x00007ffbecc10000 - 0x00007ffbecc39000 	C:\Program Files\Android\Android Studio\jre\jre\bin\java.dll
0x00007ffbef700000 - 0x00007ffbef716000 	C:\Program Files\Android\Android Studio\jre\jre\bin\zip.dll
0x00007ffbfae60000 - 0x00007ffbfc369000 	C:\WINDOWS\System32\SHELL32.dll
0x00007ffbf9280000 - 0x00007ffbf995a000 	C:\WINDOWS\System32\windows.storage.dll
0x00007ffbf9220000 - 0x00007ffbf926c000 	C:\WINDOWS\System32\powrprof.dll
0x00007ffbfa320000 - 0x00007ffbfa372000 	C:\WINDOWS\System32\shlwapi.dll
0x00007ffbf9270000 - 0x00007ffbf927f000 	C:\WINDOWS\System32\kernel.appcore.dll
0x00007ffbf9960000 - 0x00007ffbf9a09000 	C:\WINDOWS\System32\shcore.dll
0x00007ffbf9200000 - 0x00007ffbf9214000 	C:\WINDOWS\System32\profapi.dll

VM Arguments:
jvm_args: -Djava.awt.headless=true -Xmx1024M -Dfile.encoding=windows-1252 -Duser.country=US -Duser.language=en -Duser.variant 
java_command: com.android.dx.command.Main --dex --num-threads=4 --output C:\Users\ADITYA\AndroidStudioProjects\ADBrowser\app\build\intermediates\pre-dexed\debug\debug_225eea7cd00d5cec16e2be5eb207e4fbf0a1331b.jar C:\Users\ADITYA\AndroidStudioProjects\ADBrowser\app\build\intermediates\classes\debug
java_class_path (initial): C:\Users\ADITYA\AppData\Local\Android\sdk\build-tools\24.0.2\lib\dx.jar
Launcher Type: SUN_STANDARD

Environment Variables:
JAVA_HOME=C:\Program Files\Java\jdk1.8.0_101
PATH=C:\ProgramData\Oracle\Java\javapath;C:\WINDOWS\system32;C:\WINDOWS;C:\WINDOWS\System32\Wbem;C:\WINDOWS\System32\WindowsPowerShell\v1.0\;C:\Program Files (x86)\Windows Live\Shared;C:\Program Files (x86)\ATI Technologies\ATI.ACE\Core-Static;C:\Users\ADITYA\AppData\Local\Android\sdk\platform-tools;C:\Program Files\Java\jdk1.8.0_101\bin;C:\Program Files\nodejs\;C:\Users\ADITYA\AppData\Local\Microsoft\WindowsApps;C:\Users\ADITYA\AppData\Roaming\npm
USERNAME=ADITYA
OS=Windows_NT
PROCESSOR_IDENTIFIER=Intel64 Family 6 Model 58 Stepping 9, GenuineIntel



---------------  S Y S T E M  ---------------

OS: Windows 10.0 , 64 bit Build 14393 (10.0.14393.0)

CPU:total 4 (2 cores per cpu, 2 threads per core) family 6 model 58 stepping 9, cmov, cx8, fxsr, mmx, sse, sse2, sse3, ssse3, sse4.1, sse4.2, popcnt, avx, aes, clmul, erms, ht, tsc, tscinvbit, tscinv

Memory: 4k page, physical 4087144k(465368k free), swap 9066164k(8188k free)

vm_info: OpenJDK 64-Bit Server VM (25.112-b06) for windows-amd64 JRE (1.8.0_112-release-b06), built on Dec  8 2016 00:54:26 by "builder" with MS VC++ 10.0 (VS2010)

time: Mon May 29 22:17:44 2017
elapsed time: 5 seconds (0d 0h 0m 5s)

