#
# There is insufficient memory for the Java Runtime Environment to continue.
# Native memory allocation (malloc) failed to allocate 32784 bytes for Chunk::new
# Possible reasons:
#   The system is out of physical RAM or swap space
#   In 32 bit mode, the process size limit was hit
# Possible solutions:
#   Reduce memory load on the system
#   Increase physical memory or swap space
#   Check if swap backing store is full
#   Use 64 bit Java on a 64 bit OS
#   Decrease Java heap size (-Xmx/-Xms)
#   Decrease number of Java threads
#   Decrease Java thread stack sizes (-Xss)
#   Set larger code cache with -XX:ReservedCodeCacheSize=
# This output file may be truncated or incomplete.
#
#  Out of Memory Error (allocation.cpp:390), pid=10828, tid=0x0000000000001e70
#
# JRE version: OpenJDK Runtime Environment (8.0_112-b06) (build 1.8.0_112-release-b06)
# Java VM: OpenJDK 64-Bit Server VM (25.112-b06 mixed mode windows-amd64 compressed oops)
# Failed to write core dump. Minidumps are not enabled by default on client versions of Windows
#

---------------  T H R E A D  ---------------

Current thread (0x00000000152a7800):  JavaThread "C2 CompilerThread1" daemon [_thread_in_native, id=7792, stack(0x0000000016a00000,0x0000000016b00000)]

Stack: [0x0000000016a00000,0x0000000016b00000]
[error occurred during error reporting (printing stack bounds), id 0xc0000005]

Native frames: (J=compiled Java code, j=interpreted, Vv=VM code, C=native code)


Current CompileTask:
C2:   3499 1059       4       com.android.dx.ssa.back.LivenessAnalyzer::handleTailRecursion (94 bytes)


---------------  P R O C E S S  ---------------

Java Threads: ( => current thread )
  0x0000000016e93800 JavaThread "pool-1-thread-4" [_thread_in_vm, id=2116, stack(0x0000000017600000,0x0000000017700000)]
  0x0000000016e93000 JavaThread "pool-1-thread-3" [_thread_in_Java, id=9968, stack(0x0000000017500000,0x0000000017600000)]
  0x0000000016e92000 JavaThread "pool-1-thread-2" [_thread_in_Java, id=11616, stack(0x0000000017400000,0x0000000017500000)]
  0x0000000016e51000 JavaThread "pool-2-thread-1" [_thread_blocked, id=664, stack(0x0000000017300000,0x0000000017400000)]
  0x0000000016e50800 JavaThread "pool-1-thread-1" [_thread_in_vm, id=14952, stack(0x0000000017200000,0x0000000017300000)]
  0x0000000016c01800 JavaThread "Service Thread" daemon [_thread_blocked, id=11792, stack(0x0000000017000000,0x0000000017100000)]
  0x000000001530b000 JavaThread "C1 CompilerThread2" daemon [_thread_in_native, id=9120, stack(0x0000000016b00000,0x0000000016c00000)]
=>0x00000000152a7800 JavaThread "C2 CompilerThread1" daemon [_thread_in_native, id=7792, stack(0x0000000016a00000,0x0000000016b00000)]
  0x00000000152b7800 JavaThread "C2 CompilerThread0" daemon [_thread_in_native, id=6008, stack(0x0000000016900000,0x0000000016a00000)]
  0x00000000152b5800 JavaThread "Attach Listener" daemon [_thread_blocked, id=3584, stack(0x0000000016800000,0x0000000016900000)]
  0x00000000152b4000 JavaThread "Signal Dispatcher" daemon [_thread_blocked, id=9460, stack(0x0000000016700000,0x0000000016800000)]
  0x0000000002bdb000 JavaThread "Finalizer" daemon [_thread_blocked, id=4964, stack(0x0000000016510000,0x0000000016610000)]
  0x0000000002bd0000 JavaThread "Reference Handler" daemon [_thread_blocked, id=12524, stack(0x0000000016410000,0x0000000016510000)]
  0x0000000002ae0800 JavaThread "main" [_thread_blocked, id=9376, stack(0x0000000002930000,0x0000000002a30000)]

Other Threads:
  0x0000000015275800 VMThread [stack: 0x0000000016310000,0x0000000016410000] [id=11428]
  0x000000001530e800 WatcherThread [stack: 0x0000000017100000,0x0000000017200000] [id=9096]

VM state:not at safepoint (normal execution)

VM Mutex/Monitor currently owned by a thread:  ([mutex/lock_event])
[0x0000000002adbdd0] CompiledIC_lock - owner thread: 0x0000000016e50800

Heap:
 PSYoungGen      total 18944K, used 12435K [0x00000000eab00000, 0x00000000ec000000, 0x0000000100000000)
  eden space 16384K, 60% used [0x00000000eab00000,0x00000000eb4a7d60,0x00000000ebb00000)
  from space 2560K, 99% used [0x00000000ebb00000,0x00000000ebd7d248,0x00000000ebd80000)
  to   space 2560K, 0% used [0x00000000ebd80000,0x00000000ebd80000,0x00000000ec000000)
 ParOldGen       total 44032K, used 734K [0x00000000c0000000, 0x00000000c2b00000, 0x00000000eab00000)
  object space 44032K, 1% used [0x00000000c0000000,0x00000000c00b7ae8,0x00000000c2b00000)
 Metaspace       used 5883K, capacity 6832K, committed 7040K, reserved 1056768K
  class space    used 575K, capacity 616K, committed 640K, reserved 1048576K

Card table byte_map: [0x0000000011fa0000,0x00000000121b0000] byte_map_base: 0x00000000119a0000

Marking Bits: (ParMarkBitMap*) 0x0000000050b018f0
 Begin Bits: [0x0000000012710000, 0x0000000013710000)
 End Bits:   [0x0000000013710000, 0x0000000014710000)

Polling page: 0x0000000000d80000

CodeCache: size=245760Kb used=4135Kb max_used=4135Kb free=241624Kb
 bounds [0x0000000002be0000, 0x0000000002ff0000, 0x0000000011be0000]
 total_blobs=1330 nmethods=1062 adapters=182
 compilation: enabled

Compilation events (10 events):
Event: 3.492 Thread 0x000000001530b000 nmethod 1031 0x0000000002fe6550 code [0x0000000002fe66c0, 0x0000000002fe69a8]
Event: 3.492 Thread 0x000000001530b000 1058       1       com.android.dx.rop.annotation.NameValuePair::getName (5 bytes)
Event: 3.492 Thread 0x000000001530b000 nmethod 1058 0x0000000002fe6a50 code [0x0000000002fe6ba0, 0x0000000002fe6cb0]
Event: 3.492 Thread 0x000000001530b000 1048       1       com.android.dx.cf.iface.StdMember::getDefiningClass (5 bytes)
Event: 3.492 Thread 0x000000001530b000 nmethod 1048 0x0000000002fe6d10 code [0x0000000002fe6e60, 0x0000000002fe6f70]
Event: 3.492 Thread 0x000000001530b000 1051       1       sun.util.calendar.CalendarDate::getMonth (5 bytes)
Event: 3.492 Thread 0x000000001530b000 nmethod 1051 0x0000000002fe6fd0 code [0x0000000002fe7120, 0x0000000002fe7230]
Event: 3.493 Thread 0x000000001530b000 1062       3       com.android.dx.cf.code.LocalVariableList::set (23 bytes)
Event: 3.494 Thread 0x000000001530b000 nmethod 1062 0x0000000002fe7290 code [0x0000000002fe7480, 0x0000000002fe7d78]
Event: 3.495 Thread 0x000000001530b000 1063       3       com.android.dx.cf.code.Simulator$SimVisitor::visitConstant (332 bytes)

GC Heap History (2 events):
Event: 3.081 GC heap before
{Heap before GC invocations=1 (full 0):
 PSYoungGen      total 18944K, used 16384K [0x00000000eab00000, 0x00000000ec000000, 0x0000000100000000)
  eden space 16384K, 100% used [0x00000000eab00000,0x00000000ebb00000,0x00000000ebb00000)
  from space 2560K, 0% used [0x00000000ebd80000,0x00000000ebd80000,0x00000000ec000000)
  to   space 2560K, 0% used [0x00000000ebb00000,0x00000000ebb00000,0x00000000ebd80000)
 ParOldGen       total 44032K, used 0K [0x00000000c0000000, 0x00000000c2b00000, 0x00000000eab00000)
  object space 44032K, 0% used [0x00000000c0000000,0x00000000c0000000,0x00000000c2b00000)
 Metaspace       used 5412K, capacity 6448K, committed 6528K, reserved 1056768K
  class space    used 567K, capacity 616K, committed 640K, reserved 1048576K
Event: 3.114 GC heap after
Heap after GC invocations=1 (full 0):
 PSYoungGen      total 18944K, used 2548K [0x00000000eab00000, 0x00000000ec000000, 0x0000000100000000)
  eden space 16384K, 0% used [0x00000000eab00000,0x00000000eab00000,0x00000000ebb00000)
  from space 2560K, 99% used [0x00000000ebb00000,0x00000000ebd7d248,0x00000000ebd80000)
  to   space 2560K, 0% used [0x00000000ebd80000,0x00000000ebd80000,0x00000000ec000000)
 ParOldGen       total 44032K, used 734K [0x00000000c0000000, 0x00000000c2b00000, 0x00000000eab00000)
  object space 44032K, 1% used [0x00000000c0000000,0x00000000c00b7ae8,0x00000000c2b00000)
 Metaspace       used 5412K, capacity 6448K, committed 6528K, reserved 1056768K
  class space    used 567K, capacity 616K, committed 640K, reserved 1048576K
}

Deoptimization events (4 events):
Event: 0.645 Thread 0x0000000002ae0800 Uncommon trap: reason=unstable_if action=reinterpret pc=0x0000000002d34554 method=java.lang.String.compareTo(Ljava/lang/String;)I @ 38
Event: 1.283 Thread 0x0000000002ae0800 Uncommon trap: reason=unstable_if action=reinterpret pc=0x0000000002d31454 method=java.lang.String.indexOf(II)I @ 49
Event: 3.119 Thread 0x0000000002ae0800 Uncommon trap: reason=unstable_if action=reinterpret pc=0x0000000002de429c method=java.util.HashMap.getNode(ILjava/lang/Object;)Ljava/util/HashMap$Node; @ 129
Event: 3.451 Thread 0x0000000016e50800 Uncommon trap: reason=unstable_if action=reinterpret pc=0x0000000002ed591c method=com.android.dx.rop.cst.Constant.compareTo(Lcom/android/dx/rop/cst/Constant;)I @ 12

Internal exceptions (2 events):
Event: 0.142 Thread 0x0000000002ae0800 Exception <a 'java/lang/NoSuchMethodError': Method sun.misc.Unsafe.defineClass(Ljava/lang/String;[BII)Ljava/lang/Class; name or signature does not match> (0x00000000eab07c78) thrown at [C:\src\android\AOSP-openjdk\external\jetbrains\jdk\hotspot\src\share\važƒíË(Â?
Event: 0.142 Thread 0x0000000002ae0800 Exception <a 'java/lang/NoSuchMethodError': Method sun.misc.Unsafe.prefetchRead(Ljava/lang/Object;J)V name or signature does not match> (0x00000000eab07f60) thrown at [C:\src\android\AOSP-openjdk\external\jetbrains\jdk\hotspot\src\share\vm\prims\jni.cpp, l

Events (10 events):
Event: 3.417 loading class com/android/dx/dex/file/AnnotationSetRefItem done
Event: 3.437 loading class java/util/DualPivotQuicksort
Event: 3.443 loading class java/util/DualPivotQuicksort done
Event: 3.451 Thread 0x0000000016e50800 Uncommon trap: trap_request=0xffffff65 fr.pc=0x0000000002ed591c
Event: 3.451 Thread 0x0000000016e50800 DEOPT PACKING pc=0x0000000002ed591c sp=0x00000000172fe890
Event: 3.451 Thread 0x0000000016e50800 DEOPT UNPACKING pc=0x0000000002c2556a sp=0x00000000172fe830 mode 2
Event: 3.471 loading class java/util/TreeMap$EntrySet
Event: 3.483 loading class java/util/TreeMap$EntrySet done
Event: 3.484 loading class java/util/TreeMap$EntryIterator
Event: 3.484 loading class java/util/TreeMap$EntryIterator done


Dynamic libraries:
0x00007ff6160e0000 - 0x00007ff616111000 	C:\Program Files\Android\Android Studio\jre\bin\java.exe
0x00007ffbfcd90000 - 0x00007ffbfcf61000 	C:\WINDOWS\SYSTEM32\ntdll.dll
0x00007ffbfc370000 - 0x00007ffbfc41b000 	C:\WINDOWS\System32\KERNEL32.DLL
0x00007ffbf9cd0000 - 0x00007ffbf9eed000 	C:\WINDOWS\System32\KERNELBASE.dll
0x00007ffbfa5e0000 - 0x00007ffbfa682000 	C:\WINDOWS\System32\ADVAPI32.dll
0x00007ffbfadc0000 - 0x00007ffbfae5e000 	C:\WINDOWS\System32\msvcrt.dll
0x00007ffbfa440000 - 0x00007ffbfa499000 	C:\WINDOWS\System32\sechost.dll
0x00007ffbfac50000 - 0x00007ffbfad71000 	C:\WINDOWS\System32\RPCRT4.dll
0x00007ffbfa9a0000 - 0x00007ffbfab05000 	C:\WINDOWS\System32\USER32.dll
0x00007ffbf9b10000 - 0x00007ffbf9b2e000 	C:\WINDOWS\System32\win32u.dll
0x00007ffbfad80000 - 0x00007ffbfadb4000 	C:\WINDOWS\System32\GDI32.dll
0x00007ffbfa0c0000 - 0x00007ffbfa242000 	C:\WINDOWS\System32\gdi32full.dll
0x00007ffbed7c0000 - 0x00007ffbeda3a000 	C:\WINDOWS\WinSxS\amd64_microsoft.windows.common-controls_6595b64144ccf1df_6.0.14393.953_none_42151e83c686086b\COMCTL32.dll
0x00007ffbfc690000 - 0x00007ffbfc958000 	C:\WINDOWS\System32\combase.dll
0x00007ffbf9a10000 - 0x00007ffbf9b05000 	C:\WINDOWS\System32\ucrtbase.dll
0x00007ffbfa2b0000 - 0x00007ffbfa31a000 	C:\WINDOWS\System32\bcryptPrimitives.dll
0x00007ffbfc5f0000 - 0x00007ffbfc61e000 	C:\WINDOWS\System32\IMM32.DLL
0x0000000050260000 - 0x0000000050332000 	C:\Program Files\Android\Android Studio\jre\jre\bin\msvcr100.dll
0x0000000050340000 - 0x0000000050b7c000 	C:\Program Files\Android\Android Studio\jre\jre\bin\server\jvm.dll
0x00007ffbfa830000 - 0x00007ffbfa838000 	C:\WINDOWS\System32\PSAPI.DLL
0x00007ffbef720000 - 0x00007ffbef729000 	C:\WINDOWS\SYSTEM32\WSOCK32.dll
0x00007ffbf7560000 - 0x00007ffbf7583000 	C:\WINDOWS\SYSTEM32\WINMM.dll
0x00007ffbfc620000 - 0x00007ffbfc68a000 	C:\WINDOWS\System32\WS2_32.dll
0x00007ffbec910000 - 0x00007ffbec91a000 	C:\WINDOWS\SYSTEM32\VERSION.dll
0x00007ffbf74f0000 - 0x00007ffbf751b000 	C:\WINDOWS\SYSTEM32\WINMMBASE.dll
0x00007ffbf9c80000 - 0x00007ffbf9cc2000 	C:\WINDOWS\System32\cfgmgr32.dll
0x00007ffbf6380000 - 0x00007ffbf638f000 	C:\Program Files\Android\Android Studio\jre\jre\bin\verify.dll
0x00007ffbecc10000 - 0x00007ffbecc39000 	C:\Program Files\Android\Android Studio\jre\jre\bin\java.dll
0x00007ffbef700000 - 0x00007ffbef716000 	C:\Program Files\Android\Android Studio\jre\jre\bin\zip.dll
0x00007ffbfae60000 - 0x00007ffbfc369000 	C:\WINDOWS\System32\SHELL32.dll
0x00007ffbf9280000 - 0x00007ffbf995a000 	C:\WINDOWS\System32\windows.storage.dll
0x00007ffbf9220000 - 0x00007ffbf926c000 	C:\WINDOWS\System32\powrprof.dll
0x00007ffbfa320000 - 0x00007ffbfa372000 	C:\WINDOWS\System32\shlwapi.dll
0x00007ffbf9270000 - 0x00007ffbf927f000 	C:\WINDOWS\System32\kernel.appcore.dll
0x00007ffbf9960000 - 0x00007ffbf9a09000 	C:\WINDOWS\System32\shcore.dll
0x00007ffbf9200000 - 0x00007ffbf9214000 	C:\WINDOWS\System32\profapi.dll

VM Arguments:
jvm_args: -Djava.awt.headless=true -Xmx1024M -Dfile.encoding=windows-1252 -Duser.country=US -Duser.language=en -Duser.variant 
java_command: com.android.dx.command.Main --dex --num-threads=4 --output C:\Users\ADITYA\AndroidStudioProjects\ADBrowser\app\build\intermediates\pre-dexed\debug\internal_impl-24.0.0_4057cae7b86fb0ef92a8aafb4cdac3d2d41cef93.jar C:\Users\ADITYA\AndroidStudioProjects\ADBrowser\app\build\intermediates\exploded-aar\com.android.support\support-v4\24.0.0\jars\libs\internal_impl-24.0.0.jar
java_class_path (initial): C:\Users\ADITYA\AppData\Local\Android\sdk\build-tools\24.0.2\lib\dx.jar
Launcher Type: SUN_STANDARD

Environment Variables:
JAVA_HOME=C:\Program Files\Java\jdk1.8.0_101
PATH=C:\ProgramData\Oracle\Java\javapath;C:\WINDOWS\system32;C:\WINDOWS;C:\WINDOWS\System32\Wbem;C:\WINDOWS\System32\WindowsPowerShell\v1.0\;C:\Program Files (x86)\Windows Live\Shared;C:\Program Files (x86)\ATI Technologies\ATI.ACE\Core-Static;C:\Users\ADITYA\AppData\Local\Android\sdk\platform-tools;C:\Program Files\Java\jdk1.8.0_101\bin;C:\Program Files\nodejs\;C:\Users\ADITYA\AppData\Local\Microsoft\WindowsApps;C:\Users\ADITYA\AppData\Roaming\npm
USERNAME=ADITYA
OS=Windows_NT
PROCESSOR_IDENTIFIER=Intel64 Family 6 Model 58 Stepping 9, GenuineIntel



---------------  S Y S T E M  ---------------

OS: Windows 10.0 , 64 bit Build 14393 (10.0.14393.0)

CPU:total 4 (2 cores per cpu, 2 threads per core) family 6 model 58 stepping 9, cmov, cx8, fxsr, mmx, sse, sse2, sse3, ssse3, sse4.1, sse4.2, popcnt, avx, aes, clmul, erms, ht, tsc, tscinvbit, tscinv

Memory: 4k page, physical 4087144k(281160k free), swap 9066164k(12k free)

vm_info: OpenJDK 64-Bit Server VM (25.112-b06) for windows-amd64 JRE (1.8.0_112-release-b06), built on Dec  8 2016 00:54:26 by "builder" with MS VC++ 10.0 (VS2010)

time: Mon May 29 22:18:01 2017
elapsed time: 3 seconds (0d 0h 0m 3s)

