#
# There is insufficient memory for the Java Runtime Environment to continue.
# Native memory allocation (malloc) failed to allocate 159840 bytes for Chunk::new
# Possible reasons:
#   The system is out of physical RAM or swap space
#   In 32 bit mode, the process size limit was hit
# Possible solutions:
#   Reduce memory load on the system
#   Increase physical memory or swap space
#   Check if swap backing store is full
#   Use 64 bit Java on a 64 bit OS
#   Decrease Java heap size (-Xmx/-Xms)
#   Decrease number of Java threads
#   Decrease Java thread stack sizes (-Xss)
#   Set larger code cache with -XX:ReservedCodeCacheSize=
# This output file may be truncated or incomplete.
#
#  Out of Memory Error (allocation.cpp:390), pid=9512, tid=0x0000000000003324
#
# JRE version: OpenJDK Runtime Environment (8.0_112-b06) (build 1.8.0_112-release-b06)
# Java VM: OpenJDK 64-Bit Server VM (25.112-b06 mixed mode windows-amd64 compressed oops)
# Failed to write core dump. Minidumps are not enabled by default on client versions of Windows
#

---------------  T H R E A D  ---------------

Current thread (0x0000000015937800):  JavaThread "C2 CompilerThread0" daemon [_thread_in_native, id=13092, stack(0x0000000016f80000,0x0000000017080000)]

Stack: [0x0000000016f80000,0x0000000017080000]
[error occurred during error reporting (printing stack bounds), id 0xc0000005]

Native frames: (J=compiled Java code, j=interpreted, Vv=VM code, C=native code)


Current CompileTask:
C2:   6530 1240       4       com.android.dx.ssa.back.FirstFitLocalCombiningAllocator$1::visitNonMoveInsn (6 bytes)


---------------  P R O C E S S  ---------------

Java Threads: ( => current thread )
  0x00000000174b9800 JavaThread "pool-2-thread-1" [_thread_blocked, id=4968, stack(0x0000000017980000,0x0000000017a80000)]
  0x00000000174b8800 JavaThread "pool-1-thread-1" [_thread_in_Java, id=3292, stack(0x0000000017880000,0x0000000017980000)]
  0x0000000017289000 JavaThread "Service Thread" daemon [_thread_blocked, id=1460, stack(0x0000000017680000,0x0000000017780000)]
  0x0000000015931000 JavaThread "C1 CompilerThread2" daemon [_thread_blocked, id=10916, stack(0x0000000017180000,0x0000000017280000)]
  0x0000000015927800 JavaThread "C2 CompilerThread1" daemon [_thread_in_native, id=2652, stack(0x0000000017080000,0x0000000017180000)]
=>0x0000000015937800 JavaThread "C2 CompilerThread0" daemon [_thread_in_native, id=13092, stack(0x0000000016f80000,0x0000000017080000)]
  0x0000000015935800 JavaThread "Attach Listener" daemon [_thread_blocked, id=4208, stack(0x0000000016e80000,0x0000000016f80000)]
  0x0000000015934000 JavaThread "Signal Dispatcher" daemon [_thread_blocked, id=16932, stack(0x0000000016d80000,0x0000000016e80000)]
  0x0000000003255800 JavaThread "Finalizer" daemon [_thread_blocked, id=9316, stack(0x0000000016b90000,0x0000000016c90000)]
  0x0000000003250000 JavaThread "Reference Handler" daemon [_thread_blocked, id=11648, stack(0x0000000016a90000,0x0000000016b90000)]
  0x0000000003160800 JavaThread "main" [_thread_blocked, id=6724, stack(0x0000000002f90000,0x0000000003090000)]

Other Threads:
  0x00000000158f4800 VMThread [stack: 0x0000000016990000,0x0000000016a90000] [id=11484]
  0x000000001598d000 WatcherThread [stack: 0x0000000017780000,0x0000000017880000] [id=600]

VM state:not at safepoint (normal execution)

VM Mutex/Monitor currently owned by a thread: None

Heap:
 PSYoungGen      total 18944K, used 18912K [0x00000000eab00000, 0x00000000ed000000, 0x0000000100000000)
  eden space 16384K, 100% used [0x00000000eab00000,0x00000000ebb00000,0x00000000ebb00000)
  from space 2560K, 98% used [0x00000000ebb00000,0x00000000ebd78038,0x00000000ebd80000)
  to   space 2560K, 0% used [0x00000000ecd80000,0x00000000ecd80000,0x00000000ed000000)
 ParOldGen       total 44032K, used 1661K [0x00000000c0000000, 0x00000000c2b00000, 0x00000000eab00000)
  object space 44032K, 3% used [0x00000000c0000000,0x00000000c019f520,0x00000000c2b00000)
 Metaspace       used 5772K, capacity 6896K, committed 7040K, reserved 1056768K
  class space    used 556K, capacity 616K, committed 640K, reserved 1048576K

Card table byte_map: [0x0000000012620000,0x0000000012830000] byte_map_base: 0x0000000012020000

Marking Bits: (ParMarkBitMap*) 0x0000000050b018f0
 Begin Bits: [0x0000000012d90000, 0x0000000013d90000)
 End Bits:   [0x0000000013d90000, 0x0000000014d90000)

Polling page: 0x0000000001410000

CodeCache: size=245760Kb used=5285Kb max_used=5285Kb free=240474Kb
 bounds [0x0000000003260000, 0x0000000003790000, 0x0000000012260000]
 total_blobs=1508 nmethods=1247 adapters=175
 compilation: enabled

Compilation events (10 events):
Event: 6.498 Thread 0x0000000015931000 1250       3       com.android.dx.ssa.SsaMethod$1::visitPhiInsn (17 bytes)
Event: 6.499 Thread 0x0000000015931000 nmethod 1250 0x0000000003787e50 code [0x0000000003787fc0, 0x00000000037883b0]
Event: 6.500 Thread 0x0000000015931000 1251       3       com.android.dx.ssa.back.FirstFitLocalCombiningAllocator::tryMapReg (41 bytes)
Event: 6.501 Thread 0x0000000015931000 nmethod 1251 0x0000000003788550 code [0x0000000003788780, 0x0000000003789548]
Event: 6.505 Thread 0x0000000015931000 1252       3       com.android.dx.ssa.SsaConverter::edgeSplitMoveExceptionsAndResults (157 bytes)
Event: 6.507 Thread 0x0000000015931000 nmethod 1252 0x0000000003789c10 code [0x0000000003789fa0, 0x000000000378bc68]
Event: 6.507 Thread 0x0000000015931000 1254       3       com.android.dx.ssa.MoveParamCombiner$1::visitPhiInsn (1 bytes)
Event: 6.507 Thread 0x0000000015931000 nmethod 1254 0x000000000378d010 code [0x000000000378d160, 0x000000000378d2b0]
Event: 6.507 Thread 0x0000000015931000 1253       3       com.android.dx.ssa.SsaRenamer$BlockRenamer::visitPhiInsn (6 bytes)
Event: 6.507 Thread 0x0000000015931000 nmethod 1253 0x000000000378d350 code [0x000000000378d4c0, 0x000000000378d668]

GC Heap History (2 events):
Event: 4.111 GC heap before
{Heap before GC invocations=1 (full 0):
 PSYoungGen      total 18944K, used 16384K [0x00000000eab00000, 0x00000000ec000000, 0x0000000100000000)
  eden space 16384K, 100% used [0x00000000eab00000,0x00000000ebb00000,0x00000000ebb00000)
  from space 2560K, 0% used [0x00000000ebd80000,0x00000000ebd80000,0x00000000ec000000)
  to   space 2560K, 0% used [0x00000000ebb00000,0x00000000ebb00000,0x00000000ebd80000)
 ParOldGen       total 44032K, used 0K [0x00000000c0000000, 0x00000000c2b00000, 0x00000000eab00000)
  object space 44032K, 0% used [0x00000000c0000000,0x00000000c0000000,0x00000000c2b00000)
 Metaspace       used 5614K, capacity 6768K, committed 7040K, reserved 1056768K
  class space    used 554K, capacity 616K, committed 640K, reserved 1048576K
Event: 4.197 GC heap after
Heap after GC invocations=1 (full 0):
 PSYoungGen      total 18944K, used 2528K [0x00000000eab00000, 0x00000000ed000000, 0x0000000100000000)
  eden space 16384K, 0% used [0x00000000eab00000,0x00000000eab00000,0x00000000ebb00000)
  from space 2560K, 98% used [0x00000000ebb00000,0x00000000ebd78038,0x00000000ebd80000)
  to   space 2560K, 0% used [0x00000000ecd80000,0x00000000ecd80000,0x00000000ed000000)
 ParOldGen       total 44032K, used 1661K [0x00000000c0000000, 0x00000000c2b00000, 0x00000000eab00000)
  object space 44032K, 3% used [0x00000000c0000000,0x00000000c019f520,0x00000000c2b00000)
 Metaspace       used 5614K, capacity 6768K, committed 7040K, reserved 1056768K
  class space    used 554K, capacity 616K, committed 640K, reserved 1048576K
}

Deoptimization events (6 events):
Event: 1.737 Thread 0x0000000003160800 Uncommon trap: reason=unstable_if action=reinterpret pc=0x000000000339f354 method=java.lang.String.indexOf(II)I @ 49
Event: 2.909 Thread 0x0000000003160800 Uncommon trap: reason=unstable_if action=reinterpret pc=0x000000000346922c method=java.util.HashMap.getNode(ILjava/lang/Object;)Ljava/util/HashMap$Node; @ 62
Event: 3.498 Thread 0x0000000003160800 Uncommon trap: reason=unstable_if action=reinterpret pc=0x00000000034b8aa8 method=java.util.HashMap.getNode(ILjava/lang/Object;)Ljava/util/HashMap$Node; @ 62
Event: 3.536 Thread 0x00000000174b8800 Uncommon trap: reason=unstable_if action=reinterpret pc=0x00000000035c1118 method=java.util.HashMap.getNode(ILjava/lang/Object;)Ljava/util/HashMap$Node; @ 129
Event: 3.536 Thread 0x00000000174b8800 Uncommon trap: reason=unstable_if action=reinterpret pc=0x00000000035cad84 method=java.util.HashMap.putVal(ILjava/lang/Object;Ljava/lang/Object;ZZ)Ljava/lang/Object; @ 193
Event: 5.937 Thread 0x00000000174b8800 Uncommon trap: reason=unstable_if action=reinterpret pc=0x00000000036c4ef8 method=com.android.dx.cf.code.BytecodeArray.parseInstruction(ILcom/android/dx/cf/code/BytecodeArray$Visitor;)I @ 1261

Internal exceptions (2 events):
Event: 0.500 Thread 0x0000000003160800 Exception <a 'java/lang/NoSuchMethodError': Method sun.misc.Unsafe.defineClass(Ljava/lang/String;[BII)Ljava/lang/Class; name or signature does not match> (0x00000000eab07c78) thrown at [C:\src\android\AOSP-openjdk\external\jetbrains\jdk\hotspot\src\share\vB[õ!à?
Event: 0.500 Thread 0x0000000003160800 Exception <a 'java/lang/NoSuchMethodError': Method sun.misc.Unsafe.prefetchRead(Ljava/lang/Object;J)V name or signature does not match> (0x00000000eab07f60) thrown at [C:\src\android\AOSP-openjdk\external\jetbrains\jdk\hotspot\src\share\vm\prims\jni.cpp, l

Events (10 events):
Event: 5.937 Thread 0x00000000174b8800 DEOPT PACKING pc=0x00000000036c4ef8 sp=0x000000001797e8f0
Event: 5.937 Thread 0x00000000174b8800 DEOPT UNPACKING pc=0x00000000032a556a sp=0x000000001797e8a0 mode 2
Event: 6.077 Thread 0x00000000174b8800 DEOPT PACKING pc=0x0000000003533ec4 sp=0x000000001797e880
Event: 6.077 Thread 0x00000000174b8800 DEOPT UNPACKING pc=0x00000000032a75bf sp=0x000000001797e598 mode 0
Event: 6.490 Thread 0x00000000174b8800 DEOPT PACKING pc=0x00000000035a966b sp=0x000000001797e6f0
Event: 6.490 Thread 0x00000000174b8800 DEOPT UNPACKING pc=0x00000000032a75bf sp=0x000000001797e4b8 mode 0
Event: 6.505 Thread 0x00000000174b8800 DEOPT PACKING pc=0x00000000036dbc7d sp=0x000000001797e8f0
Event: 6.505 Thread 0x00000000174b8800 DEOPT UNPACKING pc=0x00000000032a75bf sp=0x000000001797e630 mode 0
Event: 6.506 Thread 0x00000000174b8800 DEOPT PACKING pc=0x00000000035a966b sp=0x000000001797e6f0
Event: 6.506 Thread 0x00000000174b8800 DEOPT UNPACKING pc=0x00000000032a75bf sp=0x000000001797e4b8 mode 0


Dynamic libraries:
0x00007ff6160e0000 - 0x00007ff616111000 	C:\Program Files\Android\Android Studio\jre\bin\java.exe
0x00007ffbfcd90000 - 0x00007ffbfcf61000 	C:\WINDOWS\SYSTEM32\ntdll.dll
0x00007ffbfc370000 - 0x00007ffbfc41b000 	C:\WINDOWS\System32\KERNEL32.DLL
0x00007ffbf9cd0000 - 0x00007ffbf9eed000 	C:\WINDOWS\System32\KERNELBASE.dll
0x00007ffbfa5e0000 - 0x00007ffbfa682000 	C:\WINDOWS\System32\ADVAPI32.dll
0x00007ffbfadc0000 - 0x00007ffbfae5e000 	C:\WINDOWS\System32\msvcrt.dll
0x00007ffbfa440000 - 0x00007ffbfa499000 	C:\WINDOWS\System32\sechost.dll
0x00007ffbfac50000 - 0x00007ffbfad71000 	C:\WINDOWS\System32\RPCRT4.dll
0x00007ffbfa9a0000 - 0x00007ffbfab05000 	C:\WINDOWS\System32\USER32.dll
0x00007ffbf9b10000 - 0x00007ffbf9b2e000 	C:\WINDOWS\System32\win32u.dll
0x00007ffbfad80000 - 0x00007ffbfadb4000 	C:\WINDOWS\System32\GDI32.dll
0x00007ffbfa0c0000 - 0x00007ffbfa242000 	C:\WINDOWS\System32\gdi32full.dll
0x00007ffbed7c0000 - 0x00007ffbeda3a000 	C:\WINDOWS\WinSxS\amd64_microsoft.windows.common-controls_6595b64144ccf1df_6.0.14393.953_none_42151e83c686086b\COMCTL32.dll
0x00007ffbfc690000 - 0x00007ffbfc958000 	C:\WINDOWS\System32\combase.dll
0x00007ffbf9a10000 - 0x00007ffbf9b05000 	C:\WINDOWS\System32\ucrtbase.dll
0x00007ffbfa2b0000 - 0x00007ffbfa31a000 	C:\WINDOWS\System32\bcryptPrimitives.dll
0x00007ffbfc5f0000 - 0x00007ffbfc61e000 	C:\WINDOWS\System32\IMM32.DLL
0x0000000050260000 - 0x0000000050332000 	C:\Program Files\Android\Android Studio\jre\jre\bin\msvcr100.dll
0x0000000050340000 - 0x0000000050b7c000 	C:\Program Files\Android\Android Studio\jre\jre\bin\server\jvm.dll
0x00007ffbfa830000 - 0x00007ffbfa838000 	C:\WINDOWS\System32\PSAPI.DLL
0x00007ffbef720000 - 0x00007ffbef729000 	C:\WINDOWS\SYSTEM32\WSOCK32.dll
0x00007ffbfc620000 - 0x00007ffbfc68a000 	C:\WINDOWS\System32\WS2_32.dll
0x00007ffbf7560000 - 0x00007ffbf7583000 	C:\WINDOWS\SYSTEM32\WINMM.dll
0x00007ffbec910000 - 0x00007ffbec91a000 	C:\WINDOWS\SYSTEM32\VERSION.dll
0x00007ffbf74f0000 - 0x00007ffbf751b000 	C:\WINDOWS\SYSTEM32\WINMMBASE.dll
0x00007ffbf9c80000 - 0x00007ffbf9cc2000 	C:\WINDOWS\System32\cfgmgr32.dll
0x00007ffbf6380000 - 0x00007ffbf638f000 	C:\Program Files\Android\Android Studio\jre\jre\bin\verify.dll
0x00007ffbecc10000 - 0x00007ffbecc39000 	C:\Program Files\Android\Android Studio\jre\jre\bin\java.dll
0x00007ffbef700000 - 0x00007ffbef716000 	C:\Program Files\Android\Android Studio\jre\jre\bin\zip.dll
0x00007ffbfae60000 - 0x00007ffbfc369000 	C:\WINDOWS\System32\SHELL32.dll
0x00007ffbf9280000 - 0x00007ffbf995a000 	C:\WINDOWS\System32\windows.storage.dll
0x00007ffbf9220000 - 0x00007ffbf926c000 	C:\WINDOWS\System32\powrprof.dll
0x00007ffbfa320000 - 0x00007ffbfa372000 	C:\WINDOWS\System32\shlwapi.dll
0x00007ffbf9270000 - 0x00007ffbf927f000 	C:\WINDOWS\System32\kernel.appcore.dll
0x00007ffbf9960000 - 0x00007ffbf9a09000 	C:\WINDOWS\System32\shcore.dll
0x00007ffbf9200000 - 0x00007ffbf9214000 	C:\WINDOWS\System32\profapi.dll

VM Arguments:
jvm_args: -Djava.awt.headless=true -Xmx1024M -Dfile.encoding=windows-1252 -Duser.country=US -Duser.language=en -Duser.variant 
java_command: com.android.dx.command.Main --dex --num-threads=4 --output C:\Users\ADITYA\AndroidStudioProjects\ADBrowser\app\build\intermediates\pre-dexed\debug\debug_225eea7cd00d5cec16e2be5eb207e4fbf0a1331b.jar C:\Users\ADITYA\AndroidStudioProjects\ADBrowser\app\build\intermediates\classes\debug
java_class_path (initial): C:\Users\ADITYA\AppData\Local\Android\sdk\build-tools\24.0.2\lib\dx.jar
Launcher Type: SUN_STANDARD

Environment Variables:
JAVA_HOME=C:\Program Files\Java\jdk1.8.0_101
PATH=C:\ProgramData\Oracle\Java\javapath;C:\WINDOWS\system32;C:\WINDOWS;C:\WINDOWS\System32\Wbem;C:\WINDOWS\System32\WindowsPowerShell\v1.0\;C:\Program Files (x86)\Windows Live\Shared;C:\Program Files (x86)\ATI Technologies\ATI.ACE\Core-Static;C:\Users\ADITYA\AppData\Local\Android\sdk\platform-tools;C:\Program Files\Java\jdk1.8.0_101\bin;C:\Program Files\nodejs\;C:\Users\ADITYA\AppData\Local\Microsoft\WindowsApps;C:\Users\ADITYA\AppData\Roaming\npm
USERNAME=ADITYA
OS=Windows_NT
PROCESSOR_IDENTIFIER=Intel64 Family 6 Model 58 Stepping 9, GenuineIntel



---------------  S Y S T E M  ---------------

OS: Windows 10.0 , 64 bit Build 14393 (10.0.14393.0)

CPU:total 4 (2 cores per cpu, 2 threads per core) family 6 model 58 stepping 9, cmov, cx8, fxsr, mmx, sse, sse2, sse3, ssse3, sse4.1, sse4.2, popcnt, avx, aes, clmul, erms, ht, tsc, tscinvbit, tscinv

Memory: 4k page, physical 4087144k(374792k free), swap 9066164k(1696k free)

vm_info: OpenJDK 64-Bit Server VM (25.112-b06) for windows-amd64 JRE (1.8.0_112-release-b06), built on Dec  8 2016 00:54:26 by "builder" with MS VC++ 10.0 (VS2010)

time: Mon May 29 22:16:37 2017
elapsed time: 6 seconds (0d 0h 0m 6s)

