#
# There is insufficient memory for the Java Runtime Environment to continue.
# Native memory allocation (malloc) failed to allocate 65552 bytes for Chunk::new
# Possible reasons:
#   The system is out of physical RAM or swap space
#   In 32 bit mode, the process size limit was hit
# Possible solutions:
#   Reduce memory load on the system
#   Increase physical memory or swap space
#   Check if swap backing store is full
#   Use 64 bit Java on a 64 bit OS
#   Decrease Java heap size (-Xmx/-Xms)
#   Decrease number of Java threads
#   Decrease Java thread stack sizes (-Xss)
#   Set larger code cache with -XX:ReservedCodeCacheSize=
# This output file may be truncated or incomplete.
#
#  Out of Memory Error (allocation.cpp:390), pid=8788, tid=0x0000000000000488
#
# JRE version: OpenJDK Runtime Environment (8.0_112-b06) (build 1.8.0_112-release-b06)
# Java VM: OpenJDK 64-Bit Server VM (25.112-b06 mixed mode windows-amd64 compressed oops)
# Failed to write core dump. Minidumps are not enabled by default on client versions of Windows
#

---------------  T H R E A D  ---------------

Current thread (0x00000000153b7800):  JavaThread "C2 CompilerThread0" daemon [_thread_in_native, id=1160, stack(0x00000000169f0000,0x0000000016af0000)]

Stack: [0x00000000169f0000,0x0000000016af0000]
[error occurred during error reporting (printing stack bounds), id 0xc0000005]

Native frames: (J=compiled Java code, j=interpreted, Vv=VM code, C=native code)


Current CompileTask:
C2:   7008 1562       4       com.android.dx.ssa.back.LivenessAnalyzer::run (231 bytes)


---------------  P R O C E S S  ---------------

Java Threads: ( => current thread )
  0x000000001707c800 JavaThread "pool-1-thread-4" [_thread_in_Java, id=14180, stack(0x00000000176f0000,0x00000000177f0000)]
  0x0000000017077800 JavaThread "pool-1-thread-3" [_thread_blocked, id=14804, stack(0x00000000175f0000,0x00000000176f0000)]
  0x0000000017077000 JavaThread "pool-1-thread-2" [_thread_in_Java, id=11316, stack(0x00000000174f0000,0x00000000175f0000)]
  0x0000000016f3d000 JavaThread "pool-2-thread-1" [_thread_blocked, id=4916, stack(0x00000000173f0000,0x00000000174f0000)]
  0x0000000016f3a000 JavaThread "pool-1-thread-1" [_thread_blocked, id=6996, stack(0x00000000172f0000,0x00000000173f0000)]
  0x000000001540e000 JavaThread "Service Thread" daemon [_thread_blocked, id=13112, stack(0x00000000170f0000,0x00000000171f0000)]
  0x00000000153b1000 JavaThread "C1 CompilerThread2" daemon [_thread_blocked, id=8852, stack(0x0000000016bf0000,0x0000000016cf0000)]
  0x00000000153a7800 JavaThread "C2 CompilerThread1" daemon [_thread_in_native, id=11188, stack(0x0000000016af0000,0x0000000016bf0000)]
=>0x00000000153b7800 JavaThread "C2 CompilerThread0" daemon [_thread_in_native, id=1160, stack(0x00000000169f0000,0x0000000016af0000)]
  0x00000000153b5800 JavaThread "Attach Listener" daemon [_thread_blocked, id=13596, stack(0x00000000168f0000,0x00000000169f0000)]
  0x00000000153b4000 JavaThread "Signal Dispatcher" daemon [_thread_blocked, id=11808, stack(0x00000000167f0000,0x00000000168f0000)]
  0x0000000002cdb000 JavaThread "Finalizer" daemon [_thread_blocked, id=1112, stack(0x0000000016600000,0x0000000016700000)]
  0x0000000002cd0000 JavaThread "Reference Handler" daemon [_thread_blocked, id=12172, stack(0x0000000016500000,0x0000000016600000)]
  0x0000000002be0800 JavaThread "main" [_thread_blocked, id=6728, stack(0x0000000002ae0000,0x0000000002be0000)]

Other Threads:
  0x0000000015376800 VMThread [stack: 0x0000000016400000,0x0000000016500000] [id=8140]
  0x0000000016cfb800 WatcherThread [stack: 0x00000000171f0000,0x00000000172f0000] [id=504]

VM state:not at safepoint (normal execution)

VM Mutex/Monitor currently owned by a thread: None

Heap:
 PSYoungGen      total 35328K, used 24159K [0x00000000eab00000, 0x00000000ed000000, 0x0000000100000000)
  eden space 32768K, 65% used [0x00000000eab00000,0x00000000ec01e128,0x00000000ecb00000)
  from space 2560K, 99% used [0x00000000ecd80000,0x00000000ecff9c78,0x00000000ed000000)
  to   space 2560K, 0% used [0x00000000ecb00000,0x00000000ecb00000,0x00000000ecd80000)
 ParOldGen       total 44032K, used 4536K [0x00000000c0000000, 0x00000000c2b00000, 0x00000000eab00000)
  object space 44032K, 10% used [0x00000000c0000000,0x00000000c046e368,0x00000000c2b00000)
 Metaspace       used 6159K, capacity 7088K, committed 7296K, reserved 1056768K
  class space    used 578K, capacity 616K, committed 640K, reserved 1048576K

Card table byte_map: [0x00000000120a0000,0x00000000122b0000] byte_map_base: 0x0000000011aa0000

Marking Bits: (ParMarkBitMap*) 0x0000000050b018f0
 Begin Bits: [0x0000000012810000, 0x0000000013810000)
 End Bits:   [0x0000000013810000, 0x0000000014810000)

Polling page: 0x00000000029c0000

CodeCache: size=245760Kb used=6583Kb max_used=6586Kb free=239176Kb
 bounds [0x0000000002ce0000, 0x0000000003360000, 0x0000000011ce0000]
 total_blobs=1831 nmethods=1563 adapters=182
 compilation: enabled

Compilation events (10 events):
Event: 6.974 Thread 0x00000000153a7800 nmethod 1553 0x0000000003334010 code [0x0000000003334180, 0x0000000003334418]
Event: 6.974 Thread 0x00000000153a7800 1557       4       com.android.dx.ssa.back.SsaToRop$1::visitBlock (97 bytes)
Event: 6.975 Thread 0x00000000153b1000 1559       3       java.util.concurrent.locks.AbstractQueuedSynchronizer::compareAndSetWaitStatus (13 bytes)
Event: 6.975 Thread 0x00000000153b1000 nmethod 1559 0x0000000003333d10 code [0x0000000003333e60, 0x0000000003333fb0]
Event: 6.975 Thread 0x00000000153b1000 1560       3       java.util.concurrent.locks.AbstractQueuedSynchronizer$Node::predecessor (19 bytes)
Event: 6.976 Thread 0x00000000153b1000 nmethod 1560 0x0000000003335d50 code [0x0000000003335ec0, 0x0000000003336108]
Event: 6.983 Thread 0x00000000153b1000 1564       3       com.android.dx.dex.file.ClassDefItem::addDirectMethod (9 bytes)
Event: 6.984 Thread 0x00000000153b1000 nmethod 1564 0x0000000003335110 code [0x00000000033352c0, 0x0000000003335978]
Event: 6.991 Thread 0x00000000153b7800 nmethod 1552 0x00000000033522d0 code [0x0000000003352440, 0x0000000003352ef8]
Event: 6.991 Thread 0x00000000153b7800 1562       4       com.android.dx.ssa.back.LivenessAnalyzer::run (231 bytes)

GC Heap History (4 events):
Event: 2.276 GC heap before
{Heap before GC invocations=1 (full 0):
 PSYoungGen      total 18944K, used 16384K [0x00000000eab00000, 0x00000000ec000000, 0x0000000100000000)
  eden space 16384K, 100% used [0x00000000eab00000,0x00000000ebb00000,0x00000000ebb00000)
  from space 2560K, 0% used [0x00000000ebd80000,0x00000000ebd80000,0x00000000ec000000)
  to   space 2560K, 0% used [0x00000000ebb00000,0x00000000ebb00000,0x00000000ebd80000)
 ParOldGen       total 44032K, used 0K [0x00000000c0000000, 0x00000000c2b00000, 0x00000000eab00000)
  object space 44032K, 0% used [0x00000000c0000000,0x00000000c0000000,0x00000000c2b00000)
 Metaspace       used 5609K, capacity 6640K, committed 6784K, reserved 1056768K
  class space    used 574K, capacity 616K, committed 640K, reserved 1048576K
Event: 2.710 GC heap after
Heap after GC invocations=1 (full 0):
 PSYoungGen      total 18944K, used 2552K [0x00000000eab00000, 0x00000000ed000000, 0x0000000100000000)
  eden space 16384K, 0% used [0x00000000eab00000,0x00000000eab00000,0x00000000ebb00000)
  from space 2560K, 99% used [0x00000000ebb00000,0x00000000ebd7e070,0x00000000ebd80000)
  to   space 2560K, 0% used [0x00000000ecd80000,0x00000000ecd80000,0x00000000ed000000)
 ParOldGen       total 44032K, used 1329K [0x00000000c0000000, 0x00000000c2b00000, 0x00000000eab00000)
  object space 44032K, 3% used [0x00000000c0000000,0x00000000c014c6e8,0x00000000c2b00000)
 Metaspace       used 5609K, capacity 6640K, committed 6784K, reserved 1056768K
  class space    used 574K, capacity 616K, committed 640K, reserved 1048576K
}
Event: 4.748 GC heap before
{Heap before GC invocations=2 (full 0):
 PSYoungGen      total 18944K, used 18936K [0x00000000eab00000, 0x00000000ed000000, 0x0000000100000000)
  eden space 16384K, 100% used [0x00000000eab00000,0x00000000ebb00000,0x00000000ebb00000)
  from space 2560K, 99% used [0x00000000ebb00000,0x00000000ebd7e070,0x00000000ebd80000)
  to   space 2560K, 0% used [0x00000000ecd80000,0x00000000ecd80000,0x00000000ed000000)
 ParOldGen       total 44032K, used 2516K [0x00000000c0000000, 0x00000000c2b00000, 0x00000000eab00000)
  object space 44032K, 5% used [0x00000000c0000000,0x00000000c02752b8,0x00000000c2b00000)
 Metaspace       used 6042K, capacity 7024K, committed 7296K, reserved 1056768K
  class space    used 578K, capacity 616K, committed 640K, reserved 1048576K
Event: 5.190 GC heap after
Heap after GC invocations=2 (full 0):
 PSYoungGen      total 35328K, used 2535K [0x00000000eab00000, 0x00000000ed000000, 0x0000000100000000)
  eden space 32768K, 0% used [0x00000000eab00000,0x00000000eab00000,0x00000000ecb00000)
  from space 2560K, 99% used [0x00000000ecd80000,0x00000000ecff9c78,0x00000000ed000000)
  to   space 2560K, 0% used [0x00000000ecb00000,0x00000000ecb00000,0x00000000ecd80000)
 ParOldGen       total 44032K, used 4536K [0x00000000c0000000, 0x00000000c2b00000, 0x00000000eab00000)
  object space 44032K, 10% used [0x00000000c0000000,0x00000000c046e368,0x00000000c2b00000)
 Metaspace       used 6042K, capacity 7024K, committed 7296K, reserved 1056768K
  class space    used 578K, capacity 616K, committed 640K, reserved 1048576K
}

Deoptimization events (10 events):
Event: 0.790 Thread 0x0000000002be0800 Uncommon trap: reason=unstable_if action=reinterpret pc=0x0000000002e36c54 method=java.lang.String.compareTo(Ljava/lang/String;)I @ 38
Event: 1.007 Thread 0x0000000002be0800 Uncommon trap: reason=unstable_if action=reinterpret pc=0x0000000002e31254 method=java.lang.String.indexOf(II)I @ 49
Event: 2.194 Thread 0x0000000002be0800 Uncommon trap: reason=unstable_if action=reinterpret pc=0x0000000002f12bb0 method=java.util.BitSet.nextSetBit(I)I @ 87
Event: 4.103 Thread 0x0000000017077000 Uncommon trap: reason=null_check action=make_not_entrant pc=0x00000000030558a0 method=com.android.dx.rop.type.Type.equals(Ljava/lang/Object;)Z @ 8
Event: 4.106 Thread 0x0000000017077000 Uncommon trap: reason=bimorphic action=maybe_recompile pc=0x0000000002f399c8 method=java.util.HashMap.getNode(ILjava/lang/Object;)Ljava/util/HashMap$Node; @ 126
Event: 4.110 Thread 0x0000000017077000 Uncommon trap: reason=unstable_if action=reinterpret pc=0x00000000030cf474 method=com.android.dx.rop.code.LocalItem.hashCode()I @ 25
Event: 4.110 Thread 0x0000000017077000 Uncommon trap: reason=unstable_if action=reinterpret pc=0x0000000003017058 method=com.android.dx.rop.code.LocalItem.hashCode()I @ 25
Event: 4.114 Thread 0x0000000017077000 Uncommon trap: reason=unstable_if action=reinterpret pc=0x000000000305a0e8 method=com.android.dx.rop.code.LocalItem.hashCode()I @ 25
Event: 6.206 Thread 0x0000000016f3a000 Uncommon trap: reason=class_check action=maybe_recompile pc=0x00000000032eea9c method=com.android.dx.rop.code.RegisterSpec.withSimpleType()Lcom/android/dx/rop/code/RegisterSpec; @ 21
Event: 6.206 Thread 0x0000000016f3a000 Uncommon trap: reason=unstable_if action=reinterpret pc=0x00000000032ee940 method=com.android.dx.ssa.LocalVariableExtractor.processBlock(I)V @ 251

Internal exceptions (3 events):
Event: 0.095 Thread 0x0000000002be0800 Exception <a 'java/lang/NoSuchMethodError': Method sun.misc.Unsafe.defineClass(Ljava/lang/String;[BII)Ljava/lang/Class; name or signature does not match> (0x00000000eab07c78) thrown at [C:\src\android\AOSP-openjdk\external\jetbrains\jdk\hotspot\src\share\vÔ.
 –A¸?
Event: 0.095 Thread 0x0000000002be0800 Exception <a 'java/lang/NoSuchMethodError': Method sun.misc.Unsafe.prefetchRead(Ljava/lang/Object;J)V name or signature does not match> (0x00000000eab07f60) thrown at [C:\src\android\AOSP-openjdk\external\jetbrains\jdk\hotspot\src\share\vm\prims\jni.cpp, lG^‘dei@
Event: 4.103 Thread 0x0000000017077000 Implicit null exception at 0x00000000030557a2 to 0x0000000003055892

Events (10 events):
Event: 4.180 Executing VM operation: ParallelGCFailedAllocation
Event: 4.673 Executing VM operation: ParallelGCFailedAllocation done
Event: 4.748 Executing VM operation: ParallelGCSystemGC
Event: 5.190 Executing VM operation: ParallelGCSystemGC done
Event: 6.206 Thread 0x0000000016f3a000 Uncommon trap: trap_request=0xffffffde fr.pc=0x00000000032eea9c
Event: 6.206 Thread 0x0000000016f3a000 DEOPT PACKING pc=0x00000000032eea9c sp=0x00000000173ee9e0
Event: 6.206 Thread 0x0000000016f3a000 DEOPT UNPACKING pc=0x0000000002d2556a sp=0x00000000173ee958 mode 2
Event: 6.206 Thread 0x0000000016f3a000 Uncommon trap: trap_request=0xffffff65 fr.pc=0x00000000032ee940
Event: 6.206 Thread 0x0000000016f3a000 DEOPT PACKING pc=0x00000000032ee940 sp=0x00000000173ee9e0
Event: 6.206 Thread 0x0000000016f3a000 DEOPT UNPACKING pc=0x0000000002d2556a sp=0x00000000173ee9c0 mode 2


Dynamic libraries:
0x00007ff6160e0000 - 0x00007ff616111000 	C:\Program Files\Android\Android Studio\jre\bin\java.exe
0x00007ffbfcd90000 - 0x00007ffbfcf61000 	C:\WINDOWS\SYSTEM32\ntdll.dll
0x00007ffbfc370000 - 0x00007ffbfc41b000 	C:\WINDOWS\System32\KERNEL32.DLL
0x00007ffbf9cd0000 - 0x00007ffbf9eed000 	C:\WINDOWS\System32\KERNELBASE.dll
0x00007ffbfa5e0000 - 0x00007ffbfa682000 	C:\WINDOWS\System32\ADVAPI32.dll
0x00007ffbfadc0000 - 0x00007ffbfae5e000 	C:\WINDOWS\System32\msvcrt.dll
0x00007ffbfa440000 - 0x00007ffbfa499000 	C:\WINDOWS\System32\sechost.dll
0x00007ffbfac50000 - 0x00007ffbfad71000 	C:\WINDOWS\System32\RPCRT4.dll
0x00007ffbfa9a0000 - 0x00007ffbfab05000 	C:\WINDOWS\System32\USER32.dll
0x00007ffbf9b10000 - 0x00007ffbf9b2e000 	C:\WINDOWS\System32\win32u.dll
0x00007ffbfad80000 - 0x00007ffbfadb4000 	C:\WINDOWS\System32\GDI32.dll
0x00007ffbfa0c0000 - 0x00007ffbfa242000 	C:\WINDOWS\System32\gdi32full.dll
0x00007ffbed7c0000 - 0x00007ffbeda3a000 	C:\WINDOWS\WinSxS\amd64_microsoft.windows.common-controls_6595b64144ccf1df_6.0.14393.953_none_42151e83c686086b\COMCTL32.dll
0x00007ffbfc690000 - 0x00007ffbfc958000 	C:\WINDOWS\System32\combase.dll
0x00007ffbf9a10000 - 0x00007ffbf9b05000 	C:\WINDOWS\System32\ucrtbase.dll
0x00007ffbfa2b0000 - 0x00007ffbfa31a000 	C:\WINDOWS\System32\bcryptPrimitives.dll
0x00007ffbfc5f0000 - 0x00007ffbfc61e000 	C:\WINDOWS\System32\IMM32.DLL
0x0000000050260000 - 0x0000000050332000 	C:\Program Files\Android\Android Studio\jre\jre\bin\msvcr100.dll
0x0000000050340000 - 0x0000000050b7c000 	C:\Program Files\Android\Android Studio\jre\jre\bin\server\jvm.dll
0x00007ffbfa830000 - 0x00007ffbfa838000 	C:\WINDOWS\System32\PSAPI.DLL
0x00007ffbef720000 - 0x00007ffbef729000 	C:\WINDOWS\SYSTEM32\WSOCK32.dll
0x00007ffbf7560000 - 0x00007ffbf7583000 	C:\WINDOWS\SYSTEM32\WINMM.dll
0x00007ffbfc620000 - 0x00007ffbfc68a000 	C:\WINDOWS\System32\WS2_32.dll
0x00007ffbec910000 - 0x00007ffbec91a000 	C:\WINDOWS\SYSTEM32\VERSION.dll
0x00007ffbf74f0000 - 0x00007ffbf751b000 	C:\WINDOWS\SYSTEM32\WINMMBASE.dll
0x00007ffbf9c80000 - 0x00007ffbf9cc2000 	C:\WINDOWS\System32\cfgmgr32.dll
0x00007ffbf6380000 - 0x00007ffbf638f000 	C:\Program Files\Android\Android Studio\jre\jre\bin\verify.dll
0x00007ffbecc10000 - 0x00007ffbecc39000 	C:\Program Files\Android\Android Studio\jre\jre\bin\java.dll
0x00007ffbef700000 - 0x00007ffbef716000 	C:\Program Files\Android\Android Studio\jre\jre\bin\zip.dll
0x00007ffbfae60000 - 0x00007ffbfc369000 	C:\WINDOWS\System32\SHELL32.dll
0x00007ffbf9280000 - 0x00007ffbf995a000 	C:\WINDOWS\System32\windows.storage.dll
0x00007ffbf9220000 - 0x00007ffbf926c000 	C:\WINDOWS\System32\powrprof.dll
0x00007ffbfa320000 - 0x00007ffbfa372000 	C:\WINDOWS\System32\shlwapi.dll
0x00007ffbf9270000 - 0x00007ffbf927f000 	C:\WINDOWS\System32\kernel.appcore.dll
0x00007ffbf9960000 - 0x00007ffbf9a09000 	C:\WINDOWS\System32\shcore.dll
0x00007ffbf9200000 - 0x00007ffbf9214000 	C:\WINDOWS\System32\profapi.dll

VM Arguments:
jvm_args: -Djava.awt.headless=true -Xmx1024M -Dfile.encoding=windows-1252 -Duser.country=US -Duser.language=en -Duser.variant 
java_command: com.android.dx.command.Main --dex --num-threads=4 --output C:\Users\ADITYA\AndroidStudioProjects\ADBrowser\app\build\intermediates\pre-dexed\debug\com.mopub-mopub-sdk-base-4.14.0_8635b078cccc79813e81adb9c9a3c60ac2fc8a6a.jar C:\Users\ADITYA\AndroidStudioProjects\ADBrowser\app\build\intermediates\exploded-aar\com.mopub\mopub-sdk-base\4.14.0\jars\classes.jar
java_class_path (initial): C:\Users\ADITYA\AppData\Local\Android\sdk\build-tools\24.0.2\lib\dx.jar
Launcher Type: SUN_STANDARD

Environment Variables:
JAVA_HOME=C:\Program Files\Java\jdk1.8.0_101
PATH=C:\ProgramData\Oracle\Java\javapath;C:\WINDOWS\system32;C:\WINDOWS;C:\WINDOWS\System32\Wbem;C:\WINDOWS\System32\WindowsPowerShell\v1.0\;C:\Program Files (x86)\Windows Live\Shared;C:\Program Files (x86)\ATI Technologies\ATI.ACE\Core-Static;C:\Users\ADITYA\AppData\Local\Android\sdk\platform-tools;C:\Program Files\Java\jdk1.8.0_101\bin;C:\Program Files\nodejs\;C:\Users\ADITYA\AppData\Local\Microsoft\WindowsApps;C:\Users\ADITYA\AppData\Roaming\npm
USERNAME=ADITYA
OS=Windows_NT
PROCESSOR_IDENTIFIER=Intel64 Family 6 Model 58 Stepping 9, GenuineIntel



---------------  S Y S T E M  ---------------

OS: Windows 10.0 , 64 bit Build 14393 (10.0.14393.0)

CPU:total 4 (2 cores per cpu, 2 threads per core) family 6 model 58 stepping 9, cmov, cx8, fxsr, mmx, sse, sse2, sse3, ssse3, sse4.1, sse4.2, popcnt, avx, aes, clmul, erms, ht, tsc, tscinvbit, tscinv

Memory: 4k page, physical 4087144k(426412k free), swap 9066164k(5408k free)

vm_info: OpenJDK 64-Bit Server VM (25.112-b06) for windows-amd64 JRE (1.8.0_112-release-b06), built on Dec  8 2016 00:54:26 by "builder" with MS VC++ 10.0 (VS2010)

time: Mon May 29 22:20:12 2017
elapsed time: 7 seconds (0d 0h 0m 7s)

