#
# There is insufficient memory for the Java Runtime Environment to continue.
# Native memory allocation (malloc) failed to allocate 32744 bytes for ChunkPool::allocate
# Possible reasons:
#   The system is out of physical RAM or swap space
#   In 32 bit mode, the process size limit was hit
# Possible solutions:
#   Reduce memory load on the system
#   Increase physical memory or swap space
#   Check if swap backing store is full
#   Use 64 bit Java on a 64 bit OS
#   Decrease Java heap size (-Xmx/-Xms)
#   Decrease number of Java threads
#   Decrease Java thread stack sizes (-Xss)
#   Set larger code cache with -XX:ReservedCodeCacheSize=
# This output file may be truncated or incomplete.
#
#  Out of Memory Error (allocation.cpp:273), pid=13828, tid=0x0000000000003e78
#
# JRE version: OpenJDK Runtime Environment (8.0_112-b06) (build 1.8.0_112-release-b06)
# Java VM: OpenJDK 64-Bit Server VM (25.112-b06 mixed mode windows-amd64 compressed oops)
# Failed to write core dump. Minidumps are not enabled by default on client versions of Windows
#

---------------  T H R E A D  ---------------

Current thread (0x0000000014bc0800):  JavaThread "C1 CompilerThread2" daemon [_thread_in_native, id=15992, stack(0x0000000016910000,0x0000000016a10000)]

Stack: [0x0000000016910000,0x0000000016a10000]
[error occurred during error reporting (printing stack bounds), id 0xc0000005]

Native frames: (J=compiled Java code, j=interpreted, Vv=VM code, C=native code)


Current CompileTask:
C1:  22112 2204       3       java.util.DualPivotQuicksort::sort (614 bytes)


---------------  P R O C E S S  ---------------

Java Threads: ( => current thread )
  0x000000001679c800 JavaThread "pool-1-thread-4" [_thread_in_Java, id=14788, stack(0x0000000017010000,0x0000000017110000)]
  0x0000000016798000 JavaThread "pool-1-thread-3" [_thread_in_Java, id=10120, stack(0x0000000016f10000,0x0000000017010000)]
  0x0000000016796800 JavaThread "pool-1-thread-2" [_thread_in_Java, id=9516, stack(0x0000000016e10000,0x0000000016f10000)]
  0x0000000016792000 JavaThread "pool-2-thread-1" [_thread_blocked, id=9064, stack(0x0000000016d10000,0x0000000016e10000)]
  0x0000000016791000 JavaThread "pool-1-thread-1" [_thread_in_Java, id=8940, stack(0x0000000016c10000,0x0000000016d10000)]
  0x0000000016524000 JavaThread "Service Thread" daemon [_thread_blocked, id=5784, stack(0x0000000016a10000,0x0000000016b10000)]
=>0x0000000014bc0800 JavaThread "C1 CompilerThread2" daemon [_thread_in_native, id=15992, stack(0x0000000016910000,0x0000000016a10000)]
  0x0000000014bb7800 JavaThread "C2 CompilerThread1" daemon [_thread_in_native, id=16984, stack(0x0000000016410000,0x0000000016510000)]
  0x0000000014bc7800 JavaThread "C2 CompilerThread0" daemon [_thread_in_native, id=7592, stack(0x0000000016310000,0x0000000016410000)]
  0x0000000014bc5000 JavaThread "Attach Listener" daemon [_thread_blocked, id=13284, stack(0x0000000016210000,0x0000000016310000)]
  0x0000000014bc4000 JavaThread "Signal Dispatcher" daemon [_thread_blocked, id=7320, stack(0x0000000016110000,0x0000000016210000)]
  0x00000000024eb000 JavaThread "Finalizer" daemon [_thread_blocked, id=12504, stack(0x0000000015e20000,0x0000000015f20000)]
  0x00000000024e0000 JavaThread "Reference Handler" daemon [_thread_blocked, id=10708, stack(0x0000000015d20000,0x0000000015e20000)]
  0x00000000023f0800 JavaThread "main" [_thread_in_Java, id=11044, stack(0x0000000002220000,0x0000000002320000)]

Other Threads:
  0x0000000014b85800 VMThread [stack: 0x0000000015c20000,0x0000000015d20000] [id=10060]
  0x000000001651a000 WatcherThread [stack: 0x0000000016b10000,0x0000000016c10000] [id=5196]

VM state:not at safepoint (normal execution)

VM Mutex/Monitor currently owned by a thread: None

Heap:
 PSYoungGen      total 143360K, used 30812K [0x00000000eab00000, 0x00000000f7c80000, 0x0000000100000000)
  eden space 115200K, 26% used [0x00000000eab00000,0x00000000ec917340,0x00000000f1b80000)
  from space 28160K, 0% used [0x00000000f4400000,0x00000000f4400000,0x00000000f5f80000)
  to   space 41472K, 0% used [0x00000000f1b80000,0x00000000f1b80000,0x00000000f4400000)
 ParOldGen       total 175104K, used 72911K [0x00000000c0000000, 0x00000000cab00000, 0x00000000eab00000)
  object space 175104K, 41% used [0x00000000c0000000,0x00000000c4733cf8,0x00000000cab00000)
 Metaspace       used 6391K, capacity 7154K, committed 7296K, reserved 1056768K
  class space    used 596K, capacity 618K, committed 640K, reserved 1048576K

Card table byte_map: [0x00000000118b0000,0x0000000011ac0000] byte_map_base: 0x00000000112b0000

Marking Bits: (ParMarkBitMap*) 0x0000000050b018f0
 Begin Bits: [0x0000000012020000, 0x0000000013020000)
 End Bits:   [0x0000000013020000, 0x0000000014020000)

Polling page: 0x00000000009f0000

CodeCache: size=245760Kb used=7790Kb max_used=9943Kb free=237969Kb
 bounds [0x00000000024f0000, 0x0000000002ec0000, 0x00000000114f0000]
 total_blobs=1951 nmethods=1683 adapters=181
 compilation: enabled

Compilation events (10 events):
Event: 22.085 Thread 0x0000000014bc0800 nmethod 2194 0x0000000002674050 code [0x00000000026741c0, 0x0000000002674408]
Event: 22.085 Thread 0x0000000014bc0800 2195       3       sun.util.calendar.Gregorian$Date::<init> (6 bytes)
Event: 22.085 Thread 0x0000000014bc0800 nmethod 2195 0x00000000027aa010 code [0x00000000027aa180, 0x00000000027aa430]
Event: 22.085 Thread 0x0000000014bc0800 2196       3       sun.util.calendar.BaseCalendar$Date::<init> (32 bytes)
Event: 22.085 Thread 0x0000000014bc0800 nmethod 2196 0x00000000026d5b10 code [0x00000000026d5c80, 0x00000000026d5ed0]
Event: 22.085 Thread 0x0000000014bc0800 2197       3       sun.util.calendar.CalendarDate::<init> (16 bytes)
Event: 22.086 Thread 0x0000000014bc0800 nmethod 2197 0x000000000285e5d0 code [0x000000000285e720, 0x000000000285e8f0]
Event: 22.106 Thread 0x0000000014bc0800 2203       3       java.util.Arrays::sort (19 bytes)
Event: 22.107 Thread 0x0000000014bc0800 nmethod 2203 0x00000000026d0190 code [0x00000000026d0300, 0x00000000026d04d8]
Event: 22.107 Thread 0x0000000014bc0800 2204       3       java.util.DualPivotQuicksort::sort (614 bytes)

GC Heap History (10 events):
Event: 15.597 GC heap before
{Heap before GC invocations=10 (full 3):
 PSYoungGen      total 117248K, used 97280K [0x00000000eab00000, 0x00000000f5200000, 0x0000000100000000)
  eden space 97280K, 100% used [0x00000000eab00000,0x00000000f0a00000,0x00000000f0a00000)
  from space 19968K, 0% used [0x00000000f3e80000,0x00000000f3e80000,0x00000000f5200000)
  to   space 30208K, 74% used [0x00000000f1700000,0x00000000f2ce5038,0x00000000f3480000)
 ParOldGen       total 142336K, used 90612K [0x00000000c0000000, 0x00000000c8b00000, 0x00000000eab00000)
  object space 142336K, 63% used [0x00000000c0000000,0x00000000c587d1d0,0x00000000c8b00000)
 Metaspace       used 6312K, capacity 7090K, committed 7296K, reserved 1056768K
  class space    used 595K, capacity 618K, committed 640K, reserved 1048576K
Event: 15.990 GC heap after
Heap after GC invocations=10 (full 3):
 PSYoungGen      total 117248K, used 0K [0x00000000eab00000, 0x00000000f5200000, 0x0000000100000000)
  eden space 97280K, 0% used [0x00000000eab00000,0x00000000eab00000,0x00000000f0a00000)
  from space 19968K, 0% used [0x00000000f3e80000,0x00000000f3e80000,0x00000000f5200000)
  to   space 30208K, 18% used [0x00000000f1700000,0x00000000f1c64c50,0x00000000f3480000)
 ParOldGen       total 205312K, used 141987K [0x00000000c0000000, 0x00000000cc880000, 0x00000000eab00000)
  object space 205312K, 69% used [0x00000000c0000000,0x00000000c8aa8f78,0x00000000cc880000)
 Metaspace       used 6312K, capacity 7090K, committed 7296K, reserved 1056768K
  class space    used 595K, capacity 618K, committed 640K, reserved 1048576K
}
Event: 17.251 GC heap before
{Heap before GC invocations=11 (full 4):
 PSYoungGen      total 117248K, used 97280K [0x00000000eab00000, 0x00000000f5200000, 0x0000000100000000)
  eden space 97280K, 100% used [0x00000000eab00000,0x00000000f0a00000,0x00000000f0a00000)
  from space 19968K, 0% used [0x00000000f3e80000,0x00000000f3e80000,0x00000000f5200000)
  to   space 30208K, 18% used [0x00000000f1700000,0x00000000f1c64c50,0x00000000f3480000)
 ParOldGen       total 205312K, used 141987K [0x00000000c0000000, 0x00000000cc880000, 0x00000000eab00000)
  object space 205312K, 69% used [0x00000000c0000000,0x00000000c8aa8f78,0x00000000cc880000)
 Metaspace       used 6344K, capacity 7154K, committed 7296K, reserved 1056768K
  class space    used 596K, capacity 618K, committed 640K, reserved 1048576K
Event: 19.765 GC heap after
Heap after GC invocations=11 (full 4):
 PSYoungGen      total 117248K, used 0K [0x00000000eab00000, 0x00000000f5200000, 0x0000000100000000)
  eden space 97280K, 0% used [0x00000000eab00000,0x00000000eab00000,0x00000000f0a00000)
  from space 19968K, 0% used [0x00000000f3e80000,0x00000000f3e80000,0x00000000f5200000)
  to   space 30208K, 0% used [0x00000000f1700000,0x00000000f1700000,0x00000000f3480000)
 ParOldGen       total 205312K, used 187287K [0x00000000c0000000, 0x00000000cc880000, 0x00000000eab00000)
  object space 205312K, 91% used [0x00000000c0000000,0x00000000cb6e5d00,0x00000000cc880000)
 Metaspace       used 6344K, capacity 7154K, committed 7296K, reserved 1056768K
  class space    used 596K, capacity 618K, committed 640K, reserved 1048576K
}
Event: 20.211 GC heap before
{Heap before GC invocations=12 (full 4):
 PSYoungGen      total 117248K, used 97280K [0x00000000eab00000, 0x00000000f5200000, 0x0000000100000000)
  eden space 97280K, 100% used [0x00000000eab00000,0x00000000f0a00000,0x00000000f0a00000)
  from space 19968K, 0% used [0x00000000f3e80000,0x00000000f3e80000,0x00000000f5200000)
  to   space 30208K, 0% used [0x00000000f1700000,0x00000000f1700000,0x00000000f3480000)
 ParOldGen       total 205312K, used 187287K [0x00000000c0000000, 0x00000000cc880000, 0x00000000eab00000)
  object space 205312K, 91% used [0x00000000c0000000,0x00000000cb6e5d00,0x00000000cc880000)
 Metaspace       used 6372K, capacity 7154K, committed 7296K, reserved 1056768K
  class space    used 596K, capacity 618K, committed 640K, reserved 1048576K
Event: 20.244 GC heap after
Heap after GC invocations=12 (full 4):
 PSYoungGen      total 140800K, used 11930K [0x00000000eab00000, 0x00000000f5f80000, 0x0000000100000000)
  eden space 110592K, 0% used [0x00000000eab00000,0x00000000eab00000,0x00000000f1700000)
  from space 30208K, 39% used [0x00000000f1700000,0x00000000f22a6860,0x00000000f3480000)
  to   space 28160K, 0% used [0x00000000f4400000,0x00000000f4400000,0x00000000f5f80000)
 ParOldGen       total 205312K, used 187295K [0x00000000c0000000, 0x00000000cc880000, 0x00000000eab00000)
  object space 205312K, 91% used [0x00000000c0000000,0x00000000cb6e7d00,0x00000000cc880000)
 Metaspace       used 6372K, capacity 7154K, committed 7296K, reserved 1056768K
  class space    used 596K, capacity 618K, committed 640K, reserved 1048576K
}
Event: 20.674 GC heap before
{Heap before GC invocations=13 (full 4):
 PSYoungGen      total 140800K, used 122522K [0x00000000eab00000, 0x00000000f5f80000, 0x0000000100000000)
  eden space 110592K, 100% used [0x00000000eab00000,0x00000000f1700000,0x00000000f1700000)
  from space 30208K, 39% used [0x00000000f1700000,0x00000000f22a6860,0x00000000f3480000)
  to   space 28160K, 0% used [0x00000000f4400000,0x00000000f4400000,0x00000000f5f80000)
 ParOldGen       total 205312K, used 187295K [0x00000000c0000000, 0x00000000cc880000, 0x00000000eab00000)
  object space 205312K, 91% used [0x00000000c0000000,0x00000000cb6e7d00,0x00000000cc880000)
 Metaspace       used 6385K, capacity 7154K, committed 7296K, reserved 1056768K
  class space    used 596K, capacity 618K, committed 640K, reserved 1048576K
Event: 20.746 GC heap after
Heap after GC invocations=13 (full 4):
 PSYoungGen      total 143360K, used 28130K [0x00000000eab00000, 0x00000000f7c80000, 0x0000000100000000)
  eden space 115200K, 0% used [0x00000000eab00000,0x00000000eab00000,0x00000000f1b80000)
  from space 28160K, 99% used [0x00000000f4400000,0x00000000f5f78858,0x00000000f5f80000)
  to   space 41472K, 0% used [0x00000000f1b80000,0x00000000f1b80000,0x00000000f4400000)
 ParOldGen       total 206848K, used 206713K [0x00000000c0000000, 0x00000000cca00000, 0x00000000eab00000)
  object space 206848K, 99% used [0x00000000c0000000,0x00000000cc9de588,0x00000000cca00000)
 Metaspace       used 6385K, capacity 7154K, committed 7296K, reserved 1056768K
  class space    used 596K, capacity 618K, committed 640K, reserved 1048576K
}
Event: 20.746 GC heap before
{Heap before GC invocations=14 (full 5):
 PSYoungGen      total 143360K, used 28130K [0x00000000eab00000, 0x00000000f7c80000, 0x0000000100000000)
  eden space 115200K, 0% used [0x00000000eab00000,0x00000000eab00000,0x00000000f1b80000)
  from space 28160K, 99% used [0x00000000f4400000,0x00000000f5f78858,0x00000000f5f80000)
  to   space 41472K, 0% used [0x00000000f1b80000,0x00000000f1b80000,0x00000000f4400000)
 ParOldGen       total 206848K, used 206713K [0x00000000c0000000, 0x00000000cca00000, 0x00000000eab00000)
  object space 206848K, 99% used [0x00000000c0000000,0x00000000cc9de588,0x00000000cca00000)
 Metaspace       used 6385K, capacity 7154K, committed 7296K, reserved 1056768K
  class space    used 596K, capacity 618K, committed 640K, reserved 1048576K
Event: 21.480 GC heap after
Heap after GC invocations=14 (full 5):
 PSYoungGen      total 143360K, used 0K [0x00000000eab00000, 0x00000000f7c80000, 0x0000000100000000)
  eden space 115200K, 0% used [0x00000000eab00000,0x00000000eab00000,0x00000000f1b80000)
  from space 28160K, 0% used [0x00000000f4400000,0x00000000f4400000,0x00000000f5f80000)
  to   space 41472K, 0% used [0x00000000f1b80000,0x00000000f1b80000,0x00000000f4400000)
 ParOldGen       total 175104K, used 72911K [0x00000000c0000000, 0x00000000cab00000, 0x00000000eab00000)
  object space 175104K, 41% used [0x00000000c0000000,0x00000000c4733cf8,0x00000000cab00000)
 Metaspace       used 6385K, capacity 7154K, committed 7296K, reserved 1056768K
  class space    used 596K, capacity 618K, committed 640K, reserved 1048576K
}

Deoptimization events (10 events):
Event: 20.102 Thread 0x0000000016796800 Uncommon trap: reason=class_check action=maybe_recompile pc=0x0000000002c4529c method=com.android.dx.util.BitIntSet.merge(Lcom/android/dx/util/IntSet;)V @ 1
Event: 20.102 Thread 0x0000000016796800 Uncommon trap: reason=class_check action=maybe_recompile pc=0x0000000002e09344 method=com.android.dx.ssa.back.InterferenceGraph.mergeInterferenceSet(ILcom/android/dx/util/IntSet;)V @ 20
Event: 20.103 Thread 0x0000000016796800 Uncommon trap: reason=class_check action=maybe_recompile pc=0x0000000002c4529c method=com.android.dx.util.BitIntSet.merge(Lcom/android/dx/util/IntSet;)V @ 1
Event: 20.103 Thread 0x0000000016796800 Uncommon trap: reason=class_check action=maybe_recompile pc=0x0000000002e09344 method=com.android.dx.ssa.back.InterferenceGraph.mergeInterferenceSet(ILcom/android/dx/util/IntSet;)V @ 20
Event: 20.103 Thread 0x0000000016796800 Uncommon trap: reason=class_check action=maybe_recompile pc=0x0000000002c4529c method=com.android.dx.util.BitIntSet.merge(Lcom/android/dx/util/IntSet;)V @ 1
Event: 20.110 Thread 0x0000000016796800 Uncommon trap: reason=class_check action=maybe_recompile pc=0x0000000002e09344 method=com.android.dx.ssa.back.InterferenceGraph.mergeInterferenceSet(ILcom/android/dx/util/IntSet;)V @ 20
Event: 20.110 Thread 0x0000000016796800 Uncommon trap: reason=class_check action=maybe_recompile pc=0x0000000002c4529c method=com.android.dx.util.BitIntSet.merge(Lcom/android/dx/util/IntSet;)V @ 1
Event: 21.495 Thread 0x00000000023f0800 Uncommon trap: reason=class_check action=maybe_recompile pc=0x0000000002d9fe24 method=com.android.dx.ssa.SCCP.replaceConstants()V @ 182
Event: 21.893 Thread 0x00000000023f0800 Uncommon trap: reason=unstable_if action=reinterpret pc=0x0000000002be19ec method=java.util.HashMap.putVal(ILjava/lang/Object;Ljava/lang/Object;ZZ)Ljava/lang/Object; @ 109
Event: 22.097 Thread 0x00000000023f0800 Uncommon trap: reason=unstable_if action=reinterpret pc=0x0000000002d7a960 method=com.android.dx.ssa.Dominators.run()V @ 346

Internal exceptions (6 events):
Event: 0.118 Thread 0x00000000023f0800 Exception <a 'java/lang/NoSuchMethodError': Method sun.misc.Unsafe.defineClass(Ljava/lang/String;[BII)Ljava/lang/Class; name or signature does not match> (0x00000000eab07c78) thrown at [C:\src\android\AOSP-openjdk\external\jetbrains\jdk\hotspot\src\share\vî»­ÒÅL¾?
Event: 0.118 Thread 0x00000000023f0800 Exception <a 'java/lang/NoSuchMethodError': Method sun.misc.Unsafe.prefetchRead(Ljava/lang/Object;J)V name or signature does not match> (0x00000000eab07f60) thrown at [C:\src\android\AOSP-openjdk\external\jetbrains\jdk\hotspot\src\share\vm\prims\jni.cpp, lz±WY"ö@
Event: 6.490 Thread 0x0000000016791000 Implicit null exception at 0x0000000002853662 to 0x0000000002853752
Event: 9.472 Thread 0x0000000016798000 Exception <a 'java/lang/ArrayIndexOutOfBoundsException': 18> (0x00000000eacd24f8) thrown at [C:\src\android\AOSP-openjdk\external\jetbrains\jdk\hotspot\src\share\vm\interpreter\interpreterRuntime.cpp, line 366]
Event: 9.473 Thread 0x0000000016798000 Exception <a 'java/lang/ArrayIndexOutOfBoundsException'> (0x00000000eacd4078) thrown at [C:\src\android\AOSP-openjdk\external\jetbrains\jdk\hotspot\src\share\vm\runtime\sharedRuntime.cpp, line 605]
Event: 9.866 Thread 0x0000000016798000 Exception <a 'java/lang/ArrayIndexOutOfBoundsException'> (0x00000000eacd5360) thrown at [C:\src\android\AOSP-openjdk\external\jetbrains\jdk\hotspot\src\share\vm\runtime\sharedRuntime.cpp, line 605]

Events (10 events):
Event: 21.721 Thread 0x0000000014bc7800 flushing nmethod 0x0000000002c36d50
Event: 21.721 Thread 0x0000000014bc7800 flushing nmethod 0x0000000002c546d0
Event: 21.721 Thread 0x0000000014bc7800 flushing nmethod 0x0000000002c89310
Event: 21.721 Thread 0x0000000014bc7800 flushing nmethod 0x0000000002cdc510
Event: 21.893 Thread 0x00000000023f0800 Uncommon trap: trap_request=0xffffff65 fr.pc=0x0000000002be19ec
Event: 21.893 Thread 0x00000000023f0800 DEOPT PACKING pc=0x0000000002be19ec sp=0x000000000231dec0
Event: 21.893 Thread 0x00000000023f0800 DEOPT UNPACKING pc=0x000000000253556a sp=0x000000000231dd58 mode 2
Event: 22.097 Thread 0x00000000023f0800 Uncommon trap: trap_request=0xffffff65 fr.pc=0x0000000002d7a960
Event: 22.097 Thread 0x00000000023f0800 DEOPT PACKING pc=0x0000000002d7a960 sp=0x000000000231df30
Event: 22.097 Thread 0x00000000023f0800 DEOPT UNPACKING pc=0x000000000253556a sp=0x000000000231dee0 mode 2


Dynamic libraries:
0x00007ff6160e0000 - 0x00007ff616111000 	C:\Program Files\Android\Android Studio\jre\bin\java.exe
0x00007ffbfcd90000 - 0x00007ffbfcf61000 	C:\WINDOWS\SYSTEM32\ntdll.dll
0x00007ffbfc370000 - 0x00007ffbfc41b000 	C:\WINDOWS\System32\KERNEL32.DLL
0x00007ffbf9cd0000 - 0x00007ffbf9eed000 	C:\WINDOWS\System32\KERNELBASE.dll
0x00007ffbfa5e0000 - 0x00007ffbfa682000 	C:\WINDOWS\System32\ADVAPI32.dll
0x00007ffbfadc0000 - 0x00007ffbfae5e000 	C:\WINDOWS\System32\msvcrt.dll
0x00007ffbfa440000 - 0x00007ffbfa499000 	C:\WINDOWS\System32\sechost.dll
0x00007ffbfac50000 - 0x00007ffbfad71000 	C:\WINDOWS\System32\RPCRT4.dll
0x00007ffbfa9a0000 - 0x00007ffbfab05000 	C:\WINDOWS\System32\USER32.dll
0x00007ffbf9b10000 - 0x00007ffbf9b2e000 	C:\WINDOWS\System32\win32u.dll
0x00007ffbfad80000 - 0x00007ffbfadb4000 	C:\WINDOWS\System32\GDI32.dll
0x00007ffbfa0c0000 - 0x00007ffbfa242000 	C:\WINDOWS\System32\gdi32full.dll
0x00007ffbed7c0000 - 0x00007ffbeda3a000 	C:\WINDOWS\WinSxS\amd64_microsoft.windows.common-controls_6595b64144ccf1df_6.0.14393.953_none_42151e83c686086b\COMCTL32.dll
0x00007ffbfc690000 - 0x00007ffbfc958000 	C:\WINDOWS\System32\combase.dll
0x00007ffbf9a10000 - 0x00007ffbf9b05000 	C:\WINDOWS\System32\ucrtbase.dll
0x00007ffbfa2b0000 - 0x00007ffbfa31a000 	C:\WINDOWS\System32\bcryptPrimitives.dll
0x00007ffbfc5f0000 - 0x00007ffbfc61e000 	C:\WINDOWS\System32\IMM32.DLL
0x0000000050260000 - 0x0000000050332000 	C:\Program Files\Android\Android Studio\jre\jre\bin\msvcr100.dll
0x0000000050340000 - 0x0000000050b7c000 	C:\Program Files\Android\Android Studio\jre\jre\bin\server\jvm.dll
0x00007ffbfa830000 - 0x00007ffbfa838000 	C:\WINDOWS\System32\PSAPI.DLL
0x00007ffbef720000 - 0x00007ffbef729000 	C:\WINDOWS\SYSTEM32\WSOCK32.dll
0x00007ffbfc620000 - 0x00007ffbfc68a000 	C:\WINDOWS\System32\WS2_32.dll
0x00007ffbf7560000 - 0x00007ffbf7583000 	C:\WINDOWS\SYSTEM32\WINMM.dll
0x00007ffbec910000 - 0x00007ffbec91a000 	C:\WINDOWS\SYSTEM32\VERSION.dll
0x00007ffbf74f0000 - 0x00007ffbf751b000 	C:\WINDOWS\SYSTEM32\WINMMBASE.dll
0x00007ffbf9c80000 - 0x00007ffbf9cc2000 	C:\WINDOWS\System32\cfgmgr32.dll
0x00007ffbf6380000 - 0x00007ffbf638f000 	C:\Program Files\Android\Android Studio\jre\jre\bin\verify.dll
0x00007ffbecc10000 - 0x00007ffbecc39000 	C:\Program Files\Android\Android Studio\jre\jre\bin\java.dll
0x00007ffbef700000 - 0x00007ffbef716000 	C:\Program Files\Android\Android Studio\jre\jre\bin\zip.dll
0x00007ffbfae60000 - 0x00007ffbfc369000 	C:\WINDOWS\System32\SHELL32.dll
0x00007ffbf9280000 - 0x00007ffbf995a000 	C:\WINDOWS\System32\windows.storage.dll
0x00007ffbf9220000 - 0x00007ffbf926c000 	C:\WINDOWS\System32\powrprof.dll
0x00007ffbfa320000 - 0x00007ffbfa372000 	C:\WINDOWS\System32\shlwapi.dll
0x00007ffbf9270000 - 0x00007ffbf927f000 	C:\WINDOWS\System32\kernel.appcore.dll
0x00007ffbf9960000 - 0x00007ffbf9a09000 	C:\WINDOWS\System32\shcore.dll
0x00007ffbf9200000 - 0x00007ffbf9214000 	C:\WINDOWS\System32\profapi.dll

VM Arguments:
jvm_args: -Djava.awt.headless=true -Xmx1024M -Dfile.encoding=windows-1252 -Duser.country=US -Duser.language=en -Duser.variant 
java_command: com.android.dx.command.Main --dex --num-threads=4 --output C:\Users\ADITYA\AndroidStudioProjects\ADBrowser\app\build\intermediates\pre-dexed\debug\com.google.android.gms-play-services-ads-10.0.1_740e437af5c94ef7b3438e02e5d00a19b9d3a73d.jar C:\Users\ADITYA\AndroidStudioProjects\ADBrowser\app\build\intermediates\exploded-aar\com.google.android.gms\play-services-ads\10.0.1\jars\classes.jar
java_class_path (initial): C:\Users\ADITYA\AppData\Local\Android\sdk\build-tools\24.0.2\lib\dx.jar
Launcher Type: SUN_STANDARD

Environment Variables:
JAVA_HOME=C:\Program Files\Java\jdk1.8.0_101
PATH=C:\ProgramData\Oracle\Java\javapath;C:\WINDOWS\system32;C:\WINDOWS;C:\WINDOWS\System32\Wbem;C:\WINDOWS\System32\WindowsPowerShell\v1.0\;C:\Program Files (x86)\Windows Live\Shared;C:\Program Files (x86)\ATI Technologies\ATI.ACE\Core-Static;C:\Users\ADITYA\AppData\Local\Android\sdk\platform-tools;C:\Program Files\Java\jdk1.8.0_101\bin;C:\Program Files\nodejs\;C:\Users\ADITYA\AppData\Local\Microsoft\WindowsApps;C:\Users\ADITYA\AppData\Roaming\npm
USERNAME=ADITYA
OS=Windows_NT
PROCESSOR_IDENTIFIER=Intel64 Family 6 Model 58 Stepping 9, GenuineIntel



---------------  S Y S T E M  ---------------

OS: Windows 10.0 , 64 bit Build 14393 (10.0.14393.0)

CPU:total 4 (2 cores per cpu, 2 threads per core) family 6 model 58 stepping 9, cmov, cx8, fxsr, mmx, sse, sse2, sse3, ssse3, sse4.1, sse4.2, popcnt, avx, aes, clmul, erms, ht, tsc, tscinvbit, tscinv

Memory: 4k page, physical 4087144k(408344k free), swap 9066164k(3480k free)

vm_info: OpenJDK 64-Bit Server VM (25.112-b06) for windows-amd64 JRE (1.8.0_112-release-b06), built on Dec  8 2016 00:54:26 by "builder" with MS VC++ 10.0 (VS2010)

time: Mon May 29 22:18:09 2017
elapsed time: 22 seconds (0d 0h 0m 22s)

