#
# There is insufficient memory for the Java Runtime Environment to continue.
# Native memory allocation (malloc) failed to allocate 742816 bytes for Chunk::new
# Possible reasons:
#   The system is out of physical RAM or swap space
#   In 32 bit mode, the process size limit was hit
# Possible solutions:
#   Reduce memory load on the system
#   Increase physical memory or swap space
#   Check if swap backing store is full
#   Use 64 bit Java on a 64 bit OS
#   Decrease Java heap size (-Xmx/-Xms)
#   Decrease number of Java threads
#   Decrease Java thread stack sizes (-Xss)
#   Set larger code cache with -XX:ReservedCodeCacheSize=
# This output file may be truncated or incomplete.
#
#  Out of Memory Error (allocation.cpp:390), pid=12608, tid=0x0000000000002968
#
# JRE version: OpenJDK Runtime Environment (8.0_112-b06) (build 1.8.0_112-release-b06)
# Java VM: OpenJDK 64-Bit Server VM (25.112-b06 mixed mode windows-amd64 compressed oops)
# Failed to write core dump. Minidumps are not enabled by default on client versions of Windows
#

---------------  T H R E A D  ---------------

Current thread (0x00000000156f7800):  JavaThread "C2 CompilerThread0" daemon [_thread_in_native, id=10600, stack(0x0000000016d30000,0x0000000016e30000)]

Stack: [0x0000000016d30000,0x0000000016e30000]
[error occurred during error reporting (printing stack bounds), id 0xc0000005]

Native frames: (J=compiled Java code, j=interpreted, Vv=VM code, C=native code)


Current CompileTask:
C2:   5440 1781       4       com.android.dx.cf.code.Simulator$SimVisitor::visitConstant (332 bytes)


---------------  P R O C E S S  ---------------

Java Threads: ( => current thread )
  0x00000000172b1000 JavaThread "pool-1-thread-4" [_thread_in_Java, id=17332, stack(0x0000000017a30000,0x0000000017b30000)]
  0x00000000172b0800 JavaThread "pool-1-thread-3" [_thread_in_Java, id=17008, stack(0x0000000017930000,0x0000000017a30000)]
  0x00000000172af800 JavaThread "pool-1-thread-2" [_thread_in_Java, id=11360, stack(0x0000000017830000,0x0000000017930000)]
  0x00000000172a5000 JavaThread "pool-2-thread-1" [_thread_blocked, id=1092, stack(0x0000000017730000,0x0000000017830000)]
  0x00000000172a2000 JavaThread "pool-1-thread-1" [_thread_in_vm, id=5656, stack(0x0000000017630000,0x0000000017730000)]
  0x000000001574c000 JavaThread "Service Thread" daemon [_thread_blocked, id=2472, stack(0x0000000017430000,0x0000000017530000)]
  0x00000000156f1000 JavaThread "C1 CompilerThread2" daemon [_thread_blocked, id=17108, stack(0x0000000016f30000,0x0000000017030000)]
  0x00000000156e8000 JavaThread "C2 CompilerThread1" daemon [_thread_in_native, id=712, stack(0x0000000016e30000,0x0000000016f30000)]
=>0x00000000156f7800 JavaThread "C2 CompilerThread0" daemon [_thread_in_native, id=10600, stack(0x0000000016d30000,0x0000000016e30000)]
  0x00000000156f5800 JavaThread "Attach Listener" daemon [_thread_blocked, id=16872, stack(0x0000000016c30000,0x0000000016d30000)]
  0x00000000156f4000 JavaThread "Signal Dispatcher" daemon [_thread_blocked, id=14632, stack(0x0000000016b30000,0x0000000016c30000)]
  0x000000000301b000 JavaThread "Finalizer" daemon [_thread_blocked, id=10104, stack(0x0000000016940000,0x0000000016a40000)]
  0x0000000003010000 JavaThread "Reference Handler" daemon [_thread_blocked, id=16952, stack(0x0000000016840000,0x0000000016940000)]
  0x0000000002f20800 JavaThread "main" [_thread_in_Java, id=13508, stack(0x0000000002d20000,0x0000000002e20000)]

Other Threads:
  0x00000000156b5800 VMThread [stack: 0x0000000016740000,0x0000000016840000] [id=12392]
  0x000000001574e800 WatcherThread [stack: 0x0000000017530000,0x0000000017630000] [id=10592]

VM state:not at safepoint (normal execution)

VM Mutex/Monitor currently owned by a thread: None

Heap:
 PSYoungGen      total 68096K, used 31458K [0x00000000eab00000, 0x00000000ef000000, 0x0000000100000000)
  eden space 65536K, 44% used [0x00000000eab00000,0x00000000ec73ee80,0x00000000eeb00000)
  from space 2560K, 99% used [0x00000000eeb00000,0x00000000eed79a88,0x00000000eed80000)
  to   space 2560K, 0% used [0x00000000eed80000,0x00000000eed80000,0x00000000ef000000)
 ParOldGen       total 44032K, used 21377K [0x00000000c0000000, 0x00000000c2b00000, 0x00000000eab00000)
  object space 44032K, 48% used [0x00000000c0000000,0x00000000c14e0668,0x00000000c2b00000)
 Metaspace       used 6286K, capacity 7154K, committed 7296K, reserved 1056768K
  class space    used 592K, capacity 618K, committed 640K, reserved 1048576K

Card table byte_map: [0x00000000123e0000,0x00000000125f0000] byte_map_base: 0x0000000011de0000

Marking Bits: (ParMarkBitMap*) 0x0000000050b018f0
 Begin Bits: [0x0000000012b50000, 0x0000000013b50000)
 End Bits:   [0x0000000013b50000, 0x0000000014b50000)

Polling page: 0x0000000001140000

CodeCache: size=245760Kb used=7174Kb max_used=7186Kb free=238585Kb
 bounds [0x0000000003020000, 0x0000000003730000, 0x0000000012020000]
 total_blobs=1953 nmethods=1686 adapters=181
 compilation: enabled

Compilation events (10 events):
Event: 5.198 Thread 0x00000000156e8000 nmethod 1707 0x0000000003686210 code [0x0000000003686360, 0x0000000003686408]
Event: 5.328 Thread 0x00000000156f7800 nmethod 1730 0x00000000037270d0 code [0x0000000003727640, 0x000000000372a788]
Event: 5.361 Thread 0x00000000156e8000 1780       4       com.android.dx.rop.cst.CstBaseMethodRef::getType (8 bytes)
Event: 5.361 Thread 0x00000000156f7800 1781       4       com.android.dx.cf.code.Simulator$SimVisitor::visitConstant (332 bytes)
Event: 5.362 Thread 0x00000000156e8000 nmethod 1780 0x000000000365e190 code [0x000000000365e2c0, 0x000000000365e338]
Event: 5.365 Thread 0x00000000156e8000 1782       4       com.android.dx.cf.code.BaseMachine::getLocalTarget (151 bytes)
Event: 5.377 Thread 0x00000000156e8000 nmethod 1782 0x000000000370b210 code [0x000000000370b400, 0x000000000370bd50]
Event: 5.378 Thread 0x00000000156e8000 1787       4       com.android.dx.ssa.SCCP::simulateBranch (666 bytes)
Event: 5.396 Thread 0x00000000156f1000 1813       2       com.android.dx.rop.code.RegisterSpec::hashCode (16 bytes)
Event: 5.396 Thread 0x00000000156f1000 nmethod 1813 0x00000000036fc450 code [0x00000000036fc5c0, 0x00000000036fc7b8]

GC Heap History (10 events):
Event: 1.617 GC heap before
{Heap before GC invocations=1 (full 0):
 PSYoungGen      total 18944K, used 16384K [0x00000000eab00000, 0x00000000ec000000, 0x0000000100000000)
  eden space 16384K, 100% used [0x00000000eab00000,0x00000000ebb00000,0x00000000ebb00000)
  from space 2560K, 0% used [0x00000000ebd80000,0x00000000ebd80000,0x00000000ec000000)
  to   space 2560K, 0% used [0x00000000ebb00000,0x00000000ebb00000,0x00000000ebd80000)
 ParOldGen       total 44032K, used 0K [0x00000000c0000000, 0x00000000c2b00000, 0x00000000eab00000)
  object space 44032K, 0% used [0x00000000c0000000,0x00000000c0000000,0x00000000c2b00000)
 Metaspace       used 5754K, capacity 6768K, committed 7040K, reserved 1056768K
  class space    used 571K, capacity 616K, committed 640K, reserved 1048576K
Event: 1.706 GC heap after
Heap after GC invocations=1 (full 0):
 PSYoungGen      total 18944K, used 2538K [0x00000000eab00000, 0x00000000ed000000, 0x0000000100000000)
  eden space 16384K, 0% used [0x00000000eab00000,0x00000000eab00000,0x00000000ebb00000)
  from space 2560K, 99% used [0x00000000ebb00000,0x00000000ebd7ab30,0x00000000ebd80000)
  to   space 2560K, 0% used [0x00000000ecd80000,0x00000000ecd80000,0x00000000ed000000)
 ParOldGen       total 44032K, used 1949K [0x00000000c0000000, 0x00000000c2b00000, 0x00000000eab00000)
  object space 44032K, 4% used [0x00000000c0000000,0x00000000c01e7548,0x00000000c2b00000)
 Metaspace       used 5754K, capacity 6768K, committed 7040K, reserved 1056768K
  class space    used 571K, capacity 616K, committed 640K, reserved 1048576K
}
Event: 2.333 GC heap before
{Heap before GC invocations=2 (full 0):
 PSYoungGen      total 18944K, used 18922K [0x00000000eab00000, 0x00000000ed000000, 0x0000000100000000)
  eden space 16384K, 100% used [0x00000000eab00000,0x00000000ebb00000,0x00000000ebb00000)
  from space 2560K, 99% used [0x00000000ebb00000,0x00000000ebd7ab30,0x00000000ebd80000)
  to   space 2560K, 0% used [0x00000000ecd80000,0x00000000ecd80000,0x00000000ed000000)
 ParOldGen       total 44032K, used 1949K [0x00000000c0000000, 0x00000000c2b00000, 0x00000000eab00000)
  object space 44032K, 4% used [0x00000000c0000000,0x00000000c01e7548,0x00000000c2b00000)
 Metaspace       used 5969K, capacity 6960K, committed 7040K, reserved 1056768K
  class space    used 573K, capacity 616K, committed 640K, reserved 1048576K
Event: 2.366 GC heap after
Heap after GC invocations=2 (full 0):
 PSYoungGen      total 35328K, used 2537K [0x00000000eab00000, 0x00000000ed000000, 0x0000000100000000)
  eden space 32768K, 0% used [0x00000000eab00000,0x00000000eab00000,0x00000000ecb00000)
  from space 2560K, 99% used [0x00000000ecd80000,0x00000000ecffa480,0x00000000ed000000)
  to   space 2560K, 0% used [0x00000000ecb00000,0x00000000ecb00000,0x00000000ecd80000)
 ParOldGen       total 44032K, used 4603K [0x00000000c0000000, 0x00000000c2b00000, 0x00000000eab00000)
  object space 44032K, 10% used [0x00000000c0000000,0x00000000c047ef28,0x00000000c2b00000)
 Metaspace       used 5969K, capacity 6960K, committed 7040K, reserved 1056768K
  class space    used 573K, capacity 616K, committed 640K, reserved 1048576K
}
Event: 3.190 GC heap before
{Heap before GC invocations=3 (full 0):
 PSYoungGen      total 35328K, used 35305K [0x00000000eab00000, 0x00000000ed000000, 0x0000000100000000)
  eden space 32768K, 100% used [0x00000000eab00000,0x00000000ecb00000,0x00000000ecb00000)
  from space 2560K, 99% used [0x00000000ecd80000,0x00000000ecffa480,0x00000000ed000000)
  to   space 2560K, 0% used [0x00000000ecb00000,0x00000000ecb00000,0x00000000ecd80000)
 ParOldGen       total 44032K, used 4603K [0x00000000c0000000, 0x00000000c2b00000, 0x00000000eab00000)
  object space 44032K, 10% used [0x00000000c0000000,0x00000000c047ef28,0x00000000c2b00000)
 Metaspace       used 6080K, capacity 7024K, committed 7296K, reserved 1056768K
  class space    used 573K, capacity 616K, committed 640K, reserved 1048576K
Event: 3.254 GC heap after
Heap after GC invocations=3 (full 0):
 PSYoungGen      total 35328K, used 2537K [0x00000000eab00000, 0x00000000ef000000, 0x0000000100000000)
  eden space 32768K, 0% used [0x00000000eab00000,0x00000000eab00000,0x00000000ecb00000)
  from space 2560K, 99% used [0x00000000ecb00000,0x00000000ecd7a470,0x00000000ecd80000)
  to   space 2560K, 0% used [0x00000000eed80000,0x00000000eed80000,0x00000000ef000000)
 ParOldGen       total 44032K, used 8906K [0x00000000c0000000, 0x00000000c2b00000, 0x00000000eab00000)
  object space 44032K, 20% used [0x00000000c0000000,0x00000000c08b2838,0x00000000c2b00000)
 Metaspace       used 6080K, capacity 7024K, committed 7296K, reserved 1056768K
  class space    used 573K, capacity 616K, committed 640K, reserved 1048576K
}
Event: 3.609 GC heap before
{Heap before GC invocations=4 (full 0):
 PSYoungGen      total 35328K, used 35305K [0x00000000eab00000, 0x00000000ef000000, 0x0000000100000000)
  eden space 32768K, 100% used [0x00000000eab00000,0x00000000ecb00000,0x00000000ecb00000)
  from space 2560K, 99% used [0x00000000ecb00000,0x00000000ecd7a470,0x00000000ecd80000)
  to   space 2560K, 0% used [0x00000000eed80000,0x00000000eed80000,0x00000000ef000000)
 ParOldGen       total 44032K, used 8906K [0x00000000c0000000, 0x00000000c2b00000, 0x00000000eab00000)
  object space 44032K, 20% used [0x00000000c0000000,0x00000000c08b2838,0x00000000c2b00000)
 Metaspace       used 6121K, capacity 7088K, committed 7296K, reserved 1056768K
  class space    used 574K, capacity 616K, committed 640K, reserved 1048576K
Event: 3.674 GC heap after
Heap after GC invocations=4 (full 0):
 PSYoungGen      total 68096K, used 2553K [0x00000000eab00000, 0x00000000ef000000, 0x0000000100000000)
  eden space 65536K, 0% used [0x00000000eab00000,0x00000000eab00000,0x00000000eeb00000)
  from space 2560K, 99% used [0x00000000eed80000,0x00000000eeffe4a0,0x00000000ef000000)
  to   space 2560K, 0% used [0x00000000eeb00000,0x00000000eeb00000,0x00000000eed80000)
 ParOldGen       total 44032K, used 12839K [0x00000000c0000000, 0x00000000c2b00000, 0x00000000eab00000)
  object space 44032K, 29% used [0x00000000c0000000,0x00000000c0c89ff8,0x00000000c2b00000)
 Metaspace       used 6121K, capacity 7088K, committed 7296K, reserved 1056768K
  class space    used 574K, capacity 616K, committed 640K, reserved 1048576K
}
Event: 4.532 GC heap before
{Heap before GC invocations=5 (full 0):
 PSYoungGen      total 68096K, used 68089K [0x00000000eab00000, 0x00000000ef000000, 0x0000000100000000)
  eden space 65536K, 100% used [0x00000000eab00000,0x00000000eeb00000,0x00000000eeb00000)
  from space 2560K, 99% used [0x00000000eed80000,0x00000000eeffe4a0,0x00000000ef000000)
  to   space 2560K, 0% used [0x00000000eeb00000,0x00000000eeb00000,0x00000000eed80000)
 ParOldGen       total 44032K, used 12839K [0x00000000c0000000, 0x00000000c2b00000, 0x00000000eab00000)
  object space 44032K, 29% used [0x00000000c0000000,0x00000000c0c89ff8,0x00000000c2b00000)
 Metaspace       used 6273K, capacity 7090K, committed 7296K, reserved 1056768K
  class space    used 592K, capacity 618K, committed 640K, reserved 1048576K
Event: 4.798 GC heap after
Heap after GC invocations=5 (full 0):
 PSYoungGen      total 68096K, used 2534K [0x00000000eab00000, 0x00000000ef000000, 0x0000000100000000)
  eden space 65536K, 0% used [0x00000000eab00000,0x00000000eab00000,0x00000000eeb00000)
  from space 2560K, 99% used [0x00000000eeb00000,0x00000000eed79a88,0x00000000eed80000)
  to   space 2560K, 0% used [0x00000000eed80000,0x00000000eed80000,0x00000000ef000000)
 ParOldGen       total 44032K, used 21377K [0x00000000c0000000, 0x00000000c2b00000, 0x00000000eab00000)
  object space 44032K, 48% used [0x00000000c0000000,0x00000000c14e0668,0x00000000c2b00000)
 Metaspace       used 6273K, capacity 7090K, committed 7296K, reserved 1056768K
  class space    used 592K, capacity 618K, committed 640K, reserved 1048576K
}

Deoptimization events (10 events):
Event: 3.308 Thread 0x00000000172af800 Uncommon trap: reason=bimorphic action=maybe_recompile pc=0x00000000032d8720 method=java.util.HashMap.getNode(ILjava/lang/Object;)Ljava/util/HashMap$Node; @ 126
Event: 3.308 Thread 0x00000000172af800 Uncommon trap: reason=bimorphic action=maybe_recompile pc=0x00000000034f94b0 method=java.util.HashMap.putVal(ILjava/lang/Object;Ljava/lang/Object;ZZ)Ljava/lang/Object; @ 203
Event: 3.522 Thread 0x00000000172af800 Uncommon trap: reason=bimorphic action=maybe_recompile pc=0x0000000003581b48 method=com.android.dx.ssa.SCCP.setLatticeValueTo(IILcom/android/dx/rop/cst/Constant;)Z @ 43
Event: 3.522 Thread 0x00000000172af800 Uncommon trap: reason=bimorphic action=maybe_recompile pc=0x0000000003581b48 method=com.android.dx.ssa.SCCP.setLatticeValueTo(IILcom/android/dx/rop/cst/Constant;)Z @ 43
Event: 3.522 Thread 0x00000000172af800 Uncommon trap: reason=bimorphic action=maybe_recompile pc=0x0000000003581b48 method=com.android.dx.ssa.SCCP.setLatticeValueTo(IILcom/android/dx/rop/cst/Constant;)Z @ 43
Event: 3.522 Thread 0x00000000172af800 Uncommon trap: reason=bimorphic action=maybe_recompile pc=0x0000000003581b48 method=com.android.dx.ssa.SCCP.setLatticeValueTo(IILcom/android/dx/rop/cst/Constant;)Z @ 43
Event: 3.688 Thread 0x00000000172b0800 Uncommon trap: reason=unstable_if action=reinterpret pc=0x00000000033d8bf4 method=java.util.HashMap.putVal(ILjava/lang/Object;Ljava/lang/Object;ZZ)Ljava/lang/Object; @ 162
Event: 3.695 Thread 0x00000000172b0800 Uncommon trap: reason=unstable_if action=reinterpret pc=0x00000000033d5450 method=java.util.HashMap.getNode(ILjava/lang/Object;)Ljava/util/HashMap$Node; @ 84
Event: 3.829 Thread 0x00000000172b1000 Uncommon trap: reason=unstable_if action=reinterpret pc=0x000000000363367c method=com.android.dx.ssa.SCCP.simulateBranch(Lcom/android/dx/ssa/SsaInsn;)V @ 140
Event: 3.858 Thread 0x00000000172b0800 Uncommon trap: reason=unstable_if action=reinterpret pc=0x00000000034f9434 method=java.util.HashMap.putVal(ILjava/lang/Object;Ljava/lang/Object;ZZ)Ljava/lang/Object; @ 109

Internal exceptions (5 events):
Event: 0.078 Thread 0x0000000002f20800 Exception <a 'java/lang/NoSuchMethodError': Method sun.misc.Unsafe.defineClass(Ljava/lang/String;[BII)Ljava/lang/Class; name or signature does not match> (0x00000000eab07c78) thrown at [C:\src\android\AOSP-openjdk\external\jetbrains\jdk\hotspot\src\share\v¬e•	´?
Event: 0.079 Thread 0x0000000002f20800 Exception <a 'java/lang/NoSuchMethodError': Method sun.misc.Unsafe.prefetchRead(Ljava/lang/Object;J)V name or signature does not match> (0x00000000eab07f60) thrown at [C:\src\android\AOSP-openjdk\external\jetbrains\jdk\hotspot\src\share\vm\prims\jni.cpp, lÉÞ³”h…@
Event: 3.690 Thread 0x00000000172b0800 Exception <a 'java/lang/ArrayIndexOutOfBoundsException': 18> (0x00000000eac831f0) thrown at [C:\src\android\AOSP-openjdk\external\jetbrains\jdk\hotspot\src\share\vm\interpreter\interpreterRuntime.cpp, line 366]
Event: 3.691 Thread 0x00000000172b0800 Exception <a 'java/lang/ArrayIndexOutOfBoundsException': 145> (0x00000000eac84d70) thrown at [C:\src\android\AOSP-openjdk\external\jetbrains\jdk\hotspot\src\share\vm\interpreter\interpreterRuntime.cpp, line 366]
Event: 3.693 Thread 0x00000000172b0800 Exception <a 'java/lang/ArrayIndexOutOfBoundsException'> (0x00000000eac86058) thrown at [C:\src\android\AOSP-openjdk\external\jetbrains\jdk\hotspot\src\share\vm\runtime\sharedRuntime.cpp, line 605]

Events (10 events):
Event: 3.858 Thread 0x00000000172b0800 DEOPT PACKING pc=0x00000000034f9434 sp=0x0000000017a2ea80
Event: 3.858 Thread 0x00000000172b0800 DEOPT UNPACKING pc=0x000000000306556a sp=0x0000000017a2ea10 mode 2
Event: 3.865 Thread 0x00000000172b1000 DEOPT PACKING pc=0x00000000033d056d sp=0x0000000017b2e540
Event: 3.865 Thread 0x00000000172b1000 DEOPT UNPACKING pc=0x00000000030675bf sp=0x0000000017b2e2d8 mode 0
Event: 3.882 Thread 0x0000000002f20800 DEOPT PACKING pc=0x00000000033d056d sp=0x0000000002e1e590
Event: 3.882 Thread 0x0000000002f20800 DEOPT UNPACKING pc=0x00000000030675bf sp=0x0000000002e1e328 mode 0
Event: 4.532 Executing VM operation: ParallelGCFailedAllocation
Event: 4.798 Executing VM operation: ParallelGCFailedAllocation done
Event: 4.851 Thread 0x00000000172a2000 DEOPT PACKING pc=0x00000000033f8982 sp=0x000000001772e8b0
Event: 4.851 Thread 0x00000000172a2000 DEOPT UNPACKING pc=0x00000000030675bf sp=0x000000001772e5c8 mode 0


Dynamic libraries:
0x00007ff6160e0000 - 0x00007ff616111000 	C:\Program Files\Android\Android Studio\jre\bin\java.exe
0x00007ffbfcd90000 - 0x00007ffbfcf61000 	C:\WINDOWS\SYSTEM32\ntdll.dll
0x00007ffbfc370000 - 0x00007ffbfc41b000 	C:\WINDOWS\System32\KERNEL32.DLL
0x00007ffbf9cd0000 - 0x00007ffbf9eed000 	C:\WINDOWS\System32\KERNELBASE.dll
0x00007ffbfa5e0000 - 0x00007ffbfa682000 	C:\WINDOWS\System32\ADVAPI32.dll
0x00007ffbfadc0000 - 0x00007ffbfae5e000 	C:\WINDOWS\System32\msvcrt.dll
0x00007ffbfa440000 - 0x00007ffbfa499000 	C:\WINDOWS\System32\sechost.dll
0x00007ffbfac50000 - 0x00007ffbfad71000 	C:\WINDOWS\System32\RPCRT4.dll
0x00007ffbfa9a0000 - 0x00007ffbfab05000 	C:\WINDOWS\System32\USER32.dll
0x00007ffbf9b10000 - 0x00007ffbf9b2e000 	C:\WINDOWS\System32\win32u.dll
0x00007ffbfad80000 - 0x00007ffbfadb4000 	C:\WINDOWS\System32\GDI32.dll
0x00007ffbfa0c0000 - 0x00007ffbfa242000 	C:\WINDOWS\System32\gdi32full.dll
0x00007ffbed7c0000 - 0x00007ffbeda3a000 	C:\WINDOWS\WinSxS\amd64_microsoft.windows.common-controls_6595b64144ccf1df_6.0.14393.953_none_42151e83c686086b\COMCTL32.dll
0x00007ffbfc690000 - 0x00007ffbfc958000 	C:\WINDOWS\System32\combase.dll
0x00007ffbf9a10000 - 0x00007ffbf9b05000 	C:\WINDOWS\System32\ucrtbase.dll
0x00007ffbfa2b0000 - 0x00007ffbfa31a000 	C:\WINDOWS\System32\bcryptPrimitives.dll
0x00007ffbfc5f0000 - 0x00007ffbfc61e000 	C:\WINDOWS\System32\IMM32.DLL
0x0000000050260000 - 0x0000000050332000 	C:\Program Files\Android\Android Studio\jre\jre\bin\msvcr100.dll
0x0000000050340000 - 0x0000000050b7c000 	C:\Program Files\Android\Android Studio\jre\jre\bin\server\jvm.dll
0x00007ffbfa830000 - 0x00007ffbfa838000 	C:\WINDOWS\System32\PSAPI.DLL
0x00007ffbef720000 - 0x00007ffbef729000 	C:\WINDOWS\SYSTEM32\WSOCK32.dll
0x00007ffbfc620000 - 0x00007ffbfc68a000 	C:\WINDOWS\System32\WS2_32.dll
0x00007ffbf7560000 - 0x00007ffbf7583000 	C:\WINDOWS\SYSTEM32\WINMM.dll
0x00007ffbec910000 - 0x00007ffbec91a000 	C:\WINDOWS\SYSTEM32\VERSION.dll
0x00007ffbf74f0000 - 0x00007ffbf751b000 	C:\WINDOWS\SYSTEM32\WINMMBASE.dll
0x00007ffbf9c80000 - 0x00007ffbf9cc2000 	C:\WINDOWS\System32\cfgmgr32.dll
0x00007ffbf6380000 - 0x00007ffbf638f000 	C:\Program Files\Android\Android Studio\jre\jre\bin\verify.dll
0x00007ffbecc10000 - 0x00007ffbecc39000 	C:\Program Files\Android\Android Studio\jre\jre\bin\java.dll
0x00007ffbef700000 - 0x00007ffbef716000 	C:\Program Files\Android\Android Studio\jre\jre\bin\zip.dll
0x00007ffbfae60000 - 0x00007ffbfc369000 	C:\WINDOWS\System32\SHELL32.dll
0x00007ffbf9280000 - 0x00007ffbf995a000 	C:\WINDOWS\System32\windows.storage.dll
0x00007ffbf9220000 - 0x00007ffbf926c000 	C:\WINDOWS\System32\powrprof.dll
0x00007ffbfa320000 - 0x00007ffbfa372000 	C:\WINDOWS\System32\shlwapi.dll
0x00007ffbf9270000 - 0x00007ffbf927f000 	C:\WINDOWS\System32\kernel.appcore.dll
0x00007ffbf9960000 - 0x00007ffbf9a09000 	C:\WINDOWS\System32\shcore.dll
0x00007ffbf9200000 - 0x00007ffbf9214000 	C:\WINDOWS\System32\profapi.dll

VM Arguments:
jvm_args: -Djava.awt.headless=true -Xmx1024M -Dfile.encoding=windows-1252 -Duser.country=US -Duser.language=en -Duser.variant 
java_command: com.android.dx.command.Main --dex --num-threads=4 --output C:\Users\ADITYA\AndroidStudioProjects\ADBrowser\app\build\intermediates\pre-dexed\debug\com.google.firebase-firebase-analytics-impl-10.0.1_55a3f8bff5707c89054fdbf1f5ad03f914f9e7f4.jar C:\Users\ADITYA\AndroidStudioProjects\ADBrowser\app\build\intermediates\exploded-aar\com.google.firebase\firebase-analytics-impl\10.0.1\jars\classes.jar
java_class_path (initial): C:\Users\ADITYA\AppData\Local\Android\sdk\build-tools\24.0.2\lib\dx.jar
Launcher Type: SUN_STANDARD

Environment Variables:
JAVA_HOME=C:\Program Files\Java\jdk1.8.0_101
PATH=C:\ProgramData\Oracle\Java\javapath;C:\WINDOWS\system32;C:\WINDOWS;C:\WINDOWS\System32\Wbem;C:\WINDOWS\System32\WindowsPowerShell\v1.0\;C:\Program Files (x86)\Windows Live\Shared;C:\Program Files (x86)\ATI Technologies\ATI.ACE\Core-Static;C:\Users\ADITYA\AppData\Local\Android\sdk\platform-tools;C:\Program Files\Java\jdk1.8.0_101\bin;C:\Program Files\nodejs\;C:\Users\ADITYA\AppData\Local\Microsoft\WindowsApps;C:\Users\ADITYA\AppData\Roaming\npm
USERNAME=ADITYA
OS=Windows_NT
PROCESSOR_IDENTIFIER=Intel64 Family 6 Model 58 Stepping 9, GenuineIntel



---------------  S Y S T E M  ---------------

OS: Windows 10.0 , 64 bit Build 14393 (10.0.14393.0)

CPU:total 4 (2 cores per cpu, 2 threads per core) family 6 model 58 stepping 9, cmov, cx8, fxsr, mmx, sse, sse2, sse3, ssse3, sse4.1, sse4.2, popcnt, avx, aes, clmul, erms, ht, tsc, tscinvbit, tscinv

Memory: 4k page, physical 4087144k(392080k free), swap 9066164k(5096k free)

vm_info: OpenJDK 64-Bit Server VM (25.112-b06) for windows-amd64 JRE (1.8.0_112-release-b06), built on Dec  8 2016 00:54:26 by "builder" with MS VC++ 10.0 (VS2010)

time: Mon May 29 22:16:57 2017
elapsed time: 5 seconds (0d 0h 0m 5s)

