#
# There is insufficient memory for the Java Runtime Environment to continue.
# Native memory allocation (malloc) failed to allocate 694416 bytes for Chunk::new
# Possible reasons:
#   The system is out of physical RAM or swap space
#   In 32 bit mode, the process size limit was hit
# Possible solutions:
#   Reduce memory load on the system
#   Increase physical memory or swap space
#   Check if swap backing store is full
#   Use 64 bit Java on a 64 bit OS
#   Decrease Java heap size (-Xmx/-Xms)
#   Decrease number of Java threads
#   Decrease Java thread stack sizes (-Xss)
#   Set larger code cache with -XX:ReservedCodeCacheSize=
# This output file may be truncated or incomplete.
#
#  Out of Memory Error (allocation.cpp:390), pid=6540, tid=0x00000000000038bc
#
# JRE version: OpenJDK Runtime Environment (8.0_112-b06) (build 1.8.0_112-release-b06)
# Java VM: OpenJDK 64-Bit Server VM (25.112-b06 mixed mode windows-amd64 compressed oops)
# Failed to write core dump. Minidumps are not enabled by default on client versions of Windows
#

---------------  T H R E A D  ---------------

Current thread (0x0000000014caa000):  JavaThread "C2 CompilerThread1" daemon [_thread_in_native, id=14524, stack(0x00000000163f0000,0x00000000164f0000)]

Stack: [0x00000000163f0000,0x00000000164f0000]
[error occurred during error reporting (printing stack bounds), id 0xc0000005]

Native frames: (J=compiled Java code, j=interpreted, Vv=VM code, C=native code)


Current CompileTask:
C2:   5532 1562   !   4       com.android.dx.cf.cst.ConstantPoolParser::parse0 (731 bytes)


---------------  P R O C E S S  ---------------

Java Threads: ( => current thread )
  0x00000000168b9800 JavaThread "pool-1-thread-4" [_thread_in_Java, id=14724, stack(0x0000000016ff0000,0x00000000170f0000)]
  0x00000000168b5000 JavaThread "pool-1-thread-3" [_thread_blocked, id=6120, stack(0x0000000016ef0000,0x0000000016ff0000)]
  0x000000001698a000 JavaThread "pool-1-thread-2" [_thread_in_Java, id=17360, stack(0x0000000016df0000,0x0000000016ef0000)]
  0x0000000016986800 JavaThread "pool-2-thread-1" [_thread_blocked, id=9736, stack(0x0000000016cf0000,0x0000000016df0000)]
  0x000000001697f000 JavaThread "pool-1-thread-1" [_thread_blocked, id=5988, stack(0x0000000016bf0000,0x0000000016cf0000)]
  0x00000000165fb000 JavaThread "Service Thread" daemon [_thread_blocked, id=240, stack(0x00000000169f0000,0x0000000016af0000)]
  0x0000000014ceb000 JavaThread "C1 CompilerThread2" daemon [_thread_in_vm, id=10444, stack(0x00000000164f0000,0x00000000165f0000)]
=>0x0000000014caa000 JavaThread "C2 CompilerThread1" daemon [_thread_in_native, id=14524, stack(0x00000000163f0000,0x00000000164f0000)]
  0x0000000014c97800 JavaThread "C2 CompilerThread0" daemon [_thread_in_native, id=15288, stack(0x00000000162f0000,0x00000000163f0000)]
  0x0000000014c95800 JavaThread "Attach Listener" daemon [_thread_blocked, id=5076, stack(0x00000000161f0000,0x00000000162f0000)]
  0x0000000014c94000 JavaThread "Signal Dispatcher" daemon [_thread_blocked, id=6172, stack(0x00000000160f0000,0x00000000161f0000)]
  0x00000000025bb000 JavaThread "Finalizer" daemon [_thread_blocked, id=11352, stack(0x0000000015f00000,0x0000000016000000)]
  0x00000000025b0000 JavaThread "Reference Handler" daemon [_thread_blocked, id=12908, stack(0x0000000015e00000,0x0000000015f00000)]
  0x00000000024c0800 JavaThread "main" [_thread_in_vm, id=13996, stack(0x00000000023c0000,0x00000000024c0000)]

Other Threads:
  0x0000000014c56800 VMThread [stack: 0x0000000015d00000,0x0000000015e00000] [id=3184]
  0x00000000165fd000 WatcherThread [stack: 0x0000000016af0000,0x0000000016bf0000] [id=14272]

VM state:not at safepoint (normal execution)

VM Mutex/Monitor currently owned by a thread: None

Heap:
 PSYoungGen      total 35328K, used 21666K [0x00000000eab00000, 0x00000000ed000000, 0x0000000100000000)
  eden space 32768K, 58% used [0x00000000eab00000,0x00000000ebdac8d0,0x00000000ecb00000)
  from space 2560K, 99% used [0x00000000ecb00000,0x00000000ecd7c038,0x00000000ecd80000)
  to   space 2560K, 0% used [0x00000000ecd80000,0x00000000ecd80000,0x00000000ed000000)
 ParOldGen       total 44032K, used 8782K [0x00000000c0000000, 0x00000000c2b00000, 0x00000000eab00000)
  object space 44032K, 19% used [0x00000000c0000000,0x00000000c0893aa8,0x00000000c2b00000)
 Metaspace       used 6218K, capacity 7152K, committed 7296K, reserved 1056768K
  class space    used 578K, capacity 616K, committed 640K, reserved 1048576K

Card table byte_map: [0x0000000011980000,0x0000000011b90000] byte_map_base: 0x0000000011380000

Marking Bits: (ParMarkBitMap*) 0x0000000050b018f0
 Begin Bits: [0x00000000120f0000, 0x00000000130f0000)
 End Bits:   [0x00000000130f0000, 0x00000000140f0000)

Polling page: 0x0000000000b30000

CodeCache: size=245760Kb used=7115Kb max_used=7116Kb free=238644Kb
 bounds [0x00000000025c0000, 0x0000000002cc0000, 0x00000000115c0000]
 total_blobs=1894 nmethods=1625 adapters=182
 compilation: enabled

Compilation events (10 events):
Event: 4.991 Thread 0x0000000014c97800 nmethod 1518 0x0000000002c75710 code [0x0000000002c75ac0, 0x0000000002c78d80]
Event: 4.991 Thread 0x0000000014c97800 1473   !   4       java.util.BitSet::clone (49 bytes)
Event: 4.993 Thread 0x0000000014ceb000 1570   !   3       com.android.dx.dex.file.UniformListItem::getAlignment (40 bytes)
Event: 4.994 Thread 0x0000000014ceb000 nmethod 1570 0x0000000002c69cd0 code [0x0000000002c69e80, 0x0000000002c6a448]
Event: 4.995 Thread 0x0000000014ceb000 1571       3       com.android.dx.dex.file.ClassDataItem::addVirtualMethod (24 bytes)
Event: 4.995 Thread 0x0000000014ceb000 nmethod 1571 0x0000000002c74210 code [0x0000000002c743e0, 0x0000000002c74a78]
Event: 4.997 Thread 0x0000000014c97800 nmethod 1473 0x0000000002c694d0 code [0x0000000002c69640, 0x0000000002c69a48]
Event: 4.997 Thread 0x0000000014c97800 1561   !   4       com.android.dx.rop.cst.StdConstantPool::get (24 bytes)
Event: 4.998 Thread 0x0000000014c97800 nmethod 1561 0x0000000002c691d0 code [0x0000000002c69300, 0x0000000002c693b8]
Event: 4.998 Thread 0x0000000014c97800 1471       4       com.android.dx.ssa.SsaBasicBlock::<init> (109 bytes)

GC Heap History (6 events):
Event: 1.677 GC heap before
{Heap before GC invocations=1 (full 0):
 PSYoungGen      total 18944K, used 16384K [0x00000000eab00000, 0x00000000ec000000, 0x0000000100000000)
  eden space 16384K, 100% used [0x00000000eab00000,0x00000000ebb00000,0x00000000ebb00000)
  from space 2560K, 0% used [0x00000000ebd80000,0x00000000ebd80000,0x00000000ec000000)
  to   space 2560K, 0% used [0x00000000ebb00000,0x00000000ebb00000,0x00000000ebd80000)
 ParOldGen       total 44032K, used 0K [0x00000000c0000000, 0x00000000c2b00000, 0x00000000eab00000)
  object space 44032K, 0% used [0x00000000c0000000,0x00000000c0000000,0x00000000c2b00000)
 Metaspace       used 5690K, capacity 6704K, committed 6784K, reserved 1056768K
  class space    used 574K, capacity 616K, committed 640K, reserved 1048576K
Event: 1.852 GC heap after
Heap after GC invocations=1 (full 0):
 PSYoungGen      total 18944K, used 2535K [0x00000000eab00000, 0x00000000ed000000, 0x0000000100000000)
  eden space 16384K, 0% used [0x00000000eab00000,0x00000000eab00000,0x00000000ebb00000)
  from space 2560K, 99% used [0x00000000ebb00000,0x00000000ebd79c88,0x00000000ebd80000)
  to   space 2560K, 0% used [0x00000000ecd80000,0x00000000ecd80000,0x00000000ed000000)
 ParOldGen       total 44032K, used 1262K [0x00000000c0000000, 0x00000000c2b00000, 0x00000000eab00000)
  object space 44032K, 2% used [0x00000000c0000000,0x00000000c013bb68,0x00000000c2b00000)
 Metaspace       used 5690K, capacity 6704K, committed 6784K, reserved 1056768K
  class space    used 574K, capacity 616K, committed 640K, reserved 1048576K
}
Event: 3.188 GC heap before
{Heap before GC invocations=2 (full 0):
 PSYoungGen      total 18944K, used 18919K [0x00000000eab00000, 0x00000000ed000000, 0x0000000100000000)
  eden space 16384K, 100% used [0x00000000eab00000,0x00000000ebb00000,0x00000000ebb00000)
  from space 2560K, 99% used [0x00000000ebb00000,0x00000000ebd79c88,0x00000000ebd80000)
  to   space 2560K, 0% used [0x00000000ecd80000,0x00000000ecd80000,0x00000000ed000000)
 ParOldGen       total 44032K, used 1262K [0x00000000c0000000, 0x00000000c2b00000, 0x00000000eab00000)
  object space 44032K, 2% used [0x00000000c0000000,0x00000000c013bb68,0x00000000c2b00000)
 Metaspace       used 6056K, capacity 6960K, committed 7040K, reserved 1056768K
  class space    used 578K, capacity 616K, committed 640K, reserved 1048576K
Event: 3.519 GC heap after
Heap after GC invocations=2 (full 0):
 PSYoungGen      total 35328K, used 2544K [0x00000000eab00000, 0x00000000ed000000, 0x0000000100000000)
  eden space 32768K, 0% used [0x00000000eab00000,0x00000000eab00000,0x00000000ecb00000)
  from space 2560K, 99% used [0x00000000ecd80000,0x00000000ecffc188,0x00000000ed000000)
  to   space 2560K, 0% used [0x00000000ecb00000,0x00000000ecb00000,0x00000000ecd80000)
 ParOldGen       total 44032K, used 3480K [0x00000000c0000000, 0x00000000c2b00000, 0x00000000eab00000)
  object space 44032K, 7% used [0x00000000c0000000,0x00000000c0366048,0x00000000c2b00000)
 Metaspace       used 6056K, capacity 6960K, committed 7040K, reserved 1056768K
  class space    used 578K, capacity 616K, committed 640K, reserved 1048576K
}
Event: 5.006 GC heap before
{Heap before GC invocations=3 (full 0):
 PSYoungGen      total 35328K, used 35312K [0x00000000eab00000, 0x00000000ed000000, 0x0000000100000000)
  eden space 32768K, 100% used [0x00000000eab00000,0x00000000ecb00000,0x00000000ecb00000)
  from space 2560K, 99% used [0x00000000ecd80000,0x00000000ecffc188,0x00000000ed000000)
  to   space 2560K, 0% used [0x00000000ecb00000,0x00000000ecb00000,0x00000000ecd80000)
 ParOldGen       total 44032K, used 3480K [0x00000000c0000000, 0x00000000c2b00000, 0x00000000eab00000)
  object space 44032K, 7% used [0x00000000c0000000,0x00000000c0366048,0x00000000c2b00000)
 Metaspace       used 6187K, capacity 7088K, committed 7296K, reserved 1056768K
  class space    used 578K, capacity 616K, committed 640K, reserved 1048576K
Event: 5.317 GC heap after
Heap after GC invocations=3 (full 0):
 PSYoungGen      total 35328K, used 2544K [0x00000000eab00000, 0x00000000ed000000, 0x0000000100000000)
  eden space 32768K, 0% used [0x00000000eab00000,0x00000000eab00000,0x00000000ecb00000)
  from space 2560K, 99% used [0x00000000ecb00000,0x00000000ecd7c038,0x00000000ecd80000)
  to   space 2560K, 0% used [0x00000000ecd80000,0x00000000ecd80000,0x00000000ed000000)
 ParOldGen       total 44032K, used 8782K [0x00000000c0000000, 0x00000000c2b00000, 0x00000000eab00000)
  object space 44032K, 19% used [0x00000000c0000000,0x00000000c0893aa8,0x00000000c2b00000)
 Metaspace       used 6187K, capacity 7088K, committed 7296K, reserved 1056768K
  class space    used 578K, capacity 616K, committed 640K, reserved 1048576K
}

Deoptimization events (10 events):
Event: 2.063 Thread 0x000000001698a000 Uncommon trap: reason=null_check action=make_not_entrant pc=0x000000000296a2e8 method=com.android.dx.ssa.SsaRenamer.getLocalForNewReg(I)Lcom/android/dx/rop/code/LocalItem; @ 19
Event: 2.701 Thread 0x000000001698a000 Uncommon trap: reason=null_check action=make_not_entrant pc=0x00000000029841e0 method=com.android.dx.rop.type.Type.equals(Ljava/lang/Object;)Z @ 8
Event: 2.706 Thread 0x000000001698a000 Uncommon trap: reason=bimorphic action=maybe_recompile pc=0x0000000002835fdc method=java.util.HashMap.getNode(ILjava/lang/Object;)Ljava/util/HashMap$Node; @ 126
Event: 2.713 Thread 0x000000001698a000 Uncommon trap: reason=unstable_if action=reinterpret pc=0x00000000029d6428 method=com.android.dx.rop.code.LocalItem.hashCode()I @ 25
Event: 2.714 Thread 0x000000001698a000 Uncommon trap: reason=unstable_if action=reinterpret pc=0x0000000002976698 method=com.android.dx.rop.code.LocalItem.hashCode()I @ 25
Event: 2.733 Thread 0x000000001698a000 Uncommon trap: reason=unstable_if action=reinterpret pc=0x00000000029ea3d8 method=com.android.dx.rop.code.LocalItem.hashCode()I @ 25
Event: 2.785 Thread 0x00000000168b5000 Uncommon trap: reason=unstable_if action=reinterpret pc=0x0000000002a58240 method=com.android.dx.dex.code.OutputFinisher.hasLocalInfo(Lcom/android/dx/dex/code/DalvInsn;)Z @ 24
Event: 3.568 Thread 0x00000000168b9800 Uncommon trap: reason=bimorphic action=maybe_recompile pc=0x0000000002b27c10 method=com.android.dx.cf.code.BytecodeArray.parseInstruction(ILcom/android/dx/cf/code/BytecodeArray$Visitor;)I @ 907
Event: 3.568 Thread 0x00000000168b9800 Uncommon trap: reason=bimorphic action=maybe_recompile pc=0x0000000002b27c10 method=com.android.dx.cf.code.BytecodeArray.parseInstruction(ILcom/android/dx/cf/code/BytecodeArray$Visitor;)I @ 907
Event: 4.790 Thread 0x000000001698a000 Uncommon trap: reason=uninitialized action=reinterpret pc=0x0000000002b25d04 method=com.android.dx.cf.code.BytecodeArray.parseInstruction(ILcom/android/dx/cf/code/BytecodeArray$Visitor;)I @ 1079

Internal exceptions (5 events):
Event: 0.112 Thread 0x00000000024c0800 Exception <a 'java/lang/NoSuchMethodError': Method sun.misc.Unsafe.defineClass(Ljava/lang/String;[BII)Ljava/lang/Class; name or signature does not match> (0x00000000eab07c78) thrown at [C:\src\android\AOSP-openjdk\external\jetbrains\jdk\hotspot\src\share\v24Ë^¨º?
Event: 0.112 Thread 0x00000000024c0800 Exception <a 'java/lang/NoSuchMethodError': Method sun.misc.Unsafe.prefetchRead(Ljava/lang/Object;J)V name or signature does not match> (0x00000000eab07f60) thrown at [C:\src\android\AOSP-openjdk\external\jetbrains\jdk\hotspot\src\share\vm\prims\jni.cpp, lvÔSÄ
Event: 2.063 Thread 0x000000001698a000 Implicit null exception at 0x000000000295f16e to 0x000000000296199d
Event: 2.063 Thread 0x000000001698a000 Implicit null exception at 0x0000000002967e06 to 0x000000000296a2c9
Event: 2.701 Thread 0x000000001698a000 Implicit null exception at 0x00000000029840e2 to 0x00000000029841d2

Events (10 events):
Event: 3.568 Thread 0x00000000168b9800 Uncommon trap: trap_request=0xffffffc6 fr.pc=0x0000000002b27c10
Event: 3.568 Thread 0x00000000168b9800 DEOPT PACKING pc=0x0000000002b27c10 sp=0x00000000170ee490
Event: 3.568 Thread 0x00000000168b9800 DEOPT UNPACKING pc=0x000000000260556a sp=0x00000000170ee418 mode 2
Event: 4.324 Executing VM operation: EnableBiasedLocking
Event: 4.325 Executing VM operation: EnableBiasedLocking done
Event: 4.790 Thread 0x000000001698a000 Uncommon trap: trap_request=0xffffffb5 fr.pc=0x0000000002b25d04
Event: 4.790 Thread 0x000000001698a000 DEOPT PACKING pc=0x0000000002b25d04 sp=0x0000000016eeeb80
Event: 4.790 Thread 0x000000001698a000 DEOPT UNPACKING pc=0x000000000260556a sp=0x0000000016eeeb00 mode 2
Event: 5.006 Executing VM operation: ParallelGCFailedAllocation
Event: 5.317 Executing VM operation: ParallelGCFailedAllocation done


Dynamic libraries:
0x00007ff6160e0000 - 0x00007ff616111000 	C:\Program Files\Android\Android Studio\jre\bin\java.exe
0x00007ffbfcd90000 - 0x00007ffbfcf61000 	C:\WINDOWS\SYSTEM32\ntdll.dll
0x00007ffbfc370000 - 0x00007ffbfc41b000 	C:\WINDOWS\System32\KERNEL32.DLL
0x00007ffbf9cd0000 - 0x00007ffbf9eed000 	C:\WINDOWS\System32\KERNELBASE.dll
0x00007ffbfa5e0000 - 0x00007ffbfa682000 	C:\WINDOWS\System32\ADVAPI32.dll
0x00007ffbfadc0000 - 0x00007ffbfae5e000 	C:\WINDOWS\System32\msvcrt.dll
0x00007ffbfa440000 - 0x00007ffbfa499000 	C:\WINDOWS\System32\sechost.dll
0x00007ffbfac50000 - 0x00007ffbfad71000 	C:\WINDOWS\System32\RPCRT4.dll
0x00007ffbfa9a0000 - 0x00007ffbfab05000 	C:\WINDOWS\System32\USER32.dll
0x00007ffbf9b10000 - 0x00007ffbf9b2e000 	C:\WINDOWS\System32\win32u.dll
0x00007ffbfad80000 - 0x00007ffbfadb4000 	C:\WINDOWS\System32\GDI32.dll
0x00007ffbfa0c0000 - 0x00007ffbfa242000 	C:\WINDOWS\System32\gdi32full.dll
0x00007ffbed7c0000 - 0x00007ffbeda3a000 	C:\WINDOWS\WinSxS\amd64_microsoft.windows.common-controls_6595b64144ccf1df_6.0.14393.953_none_42151e83c686086b\COMCTL32.dll
0x00007ffbfc690000 - 0x00007ffbfc958000 	C:\WINDOWS\System32\combase.dll
0x00007ffbf9a10000 - 0x00007ffbf9b05000 	C:\WINDOWS\System32\ucrtbase.dll
0x00007ffbfa2b0000 - 0x00007ffbfa31a000 	C:\WINDOWS\System32\bcryptPrimitives.dll
0x00007ffbfc5f0000 - 0x00007ffbfc61e000 	C:\WINDOWS\System32\IMM32.DLL
0x0000000050260000 - 0x0000000050332000 	C:\Program Files\Android\Android Studio\jre\jre\bin\msvcr100.dll
0x0000000050340000 - 0x0000000050b7c000 	C:\Program Files\Android\Android Studio\jre\jre\bin\server\jvm.dll
0x00007ffbfa830000 - 0x00007ffbfa838000 	C:\WINDOWS\System32\PSAPI.DLL
0x00007ffbef720000 - 0x00007ffbef729000 	C:\WINDOWS\SYSTEM32\WSOCK32.dll
0x00007ffbfc620000 - 0x00007ffbfc68a000 	C:\WINDOWS\System32\WS2_32.dll
0x00007ffbf7560000 - 0x00007ffbf7583000 	C:\WINDOWS\SYSTEM32\WINMM.dll
0x00007ffbec910000 - 0x00007ffbec91a000 	C:\WINDOWS\SYSTEM32\VERSION.dll
0x00007ffbf74f0000 - 0x00007ffbf751b000 	C:\WINDOWS\SYSTEM32\WINMMBASE.dll
0x00007ffbf9c80000 - 0x00007ffbf9cc2000 	C:\WINDOWS\System32\cfgmgr32.dll
0x00007ffbf6380000 - 0x00007ffbf638f000 	C:\Program Files\Android\Android Studio\jre\jre\bin\verify.dll
0x00007ffbecc10000 - 0x00007ffbecc39000 	C:\Program Files\Android\Android Studio\jre\jre\bin\java.dll
0x00007ffbef700000 - 0x00007ffbef716000 	C:\Program Files\Android\Android Studio\jre\jre\bin\zip.dll
0x00007ffbfae60000 - 0x00007ffbfc369000 	C:\WINDOWS\System32\SHELL32.dll
0x00007ffbf9280000 - 0x00007ffbf995a000 	C:\WINDOWS\System32\windows.storage.dll
0x00007ffbf9220000 - 0x00007ffbf926c000 	C:\WINDOWS\System32\powrprof.dll
0x00007ffbfa320000 - 0x00007ffbfa372000 	C:\WINDOWS\System32\shlwapi.dll
0x00007ffbf9270000 - 0x00007ffbf927f000 	C:\WINDOWS\System32\kernel.appcore.dll
0x00007ffbf9960000 - 0x00007ffbf9a09000 	C:\WINDOWS\System32\shcore.dll
0x00007ffbf9200000 - 0x00007ffbf9214000 	C:\WINDOWS\System32\profapi.dll

VM Arguments:
jvm_args: -Djava.awt.headless=true -Xmx1024M -Dfile.encoding=windows-1252 -Duser.country=US -Duser.language=en -Duser.variant 
java_command: com.android.dx.command.Main --dex --num-threads=4 --output C:\Users\ADITYA\AndroidStudioProjects\ADBrowser\app\build\intermediates\pre-dexed\debug\com.mopub-mopub-sdk-base-4.14.0_8635b078cccc79813e81adb9c9a3c60ac2fc8a6a.jar C:\Users\ADITYA\AndroidStudioProjects\ADBrowser\app\build\intermediates\exploded-aar\com.mopub\mopub-sdk-base\4.14.0\jars\classes.jar
java_class_path (initial): C:\Users\ADITYA\AppData\Local\Android\sdk\build-tools\24.0.2\lib\dx.jar
Launcher Type: SUN_STANDARD

Environment Variables:
JAVA_HOME=C:\Program Files\Java\jdk1.8.0_101
PATH=C:\ProgramData\Oracle\Java\javapath;C:\WINDOWS\system32;C:\WINDOWS;C:\WINDOWS\System32\Wbem;C:\WINDOWS\System32\WindowsPowerShell\v1.0\;C:\Program Files (x86)\Windows Live\Shared;C:\Program Files (x86)\ATI Technologies\ATI.ACE\Core-Static;C:\Users\ADITYA\AppData\Local\Android\sdk\platform-tools;C:\Program Files\Java\jdk1.8.0_101\bin;C:\Program Files\nodejs\;C:\Users\ADITYA\AppData\Local\Microsoft\WindowsApps;C:\Users\ADITYA\AppData\Roaming\npm
USERNAME=ADITYA
OS=Windows_NT
PROCESSOR_IDENTIFIER=Intel64 Family 6 Model 58 Stepping 9, GenuineIntel



---------------  S Y S T E M  ---------------

OS: Windows 10.0 , 64 bit Build 14393 (10.0.14393.0)

CPU:total 4 (2 cores per cpu, 2 threads per core) family 6 model 58 stepping 9, cmov, cx8, fxsr, mmx, sse, sse2, sse3, ssse3, sse4.1, sse4.2, popcnt, avx, aes, clmul, erms, ht, tsc, tscinvbit, tscinv

Memory: 4k page, physical 4087144k(464332k free), swap 9066164k(8188k free)

vm_info: OpenJDK 64-Bit Server VM (25.112-b06) for windows-amd64 JRE (1.8.0_112-release-b06), built on Dec  8 2016 00:54:26 by "builder" with MS VC++ 10.0 (VS2010)

time: Mon May 29 22:17:44 2017
elapsed time: 5 seconds (0d 0h 0m 5s)

