#
# There is insufficient memory for the Java Runtime Environment to continue.
# Native memory allocation (malloc) failed to allocate 138736 bytes for Chunk::new
# Possible reasons:
#   The system is out of physical RAM or swap space
#   In 32 bit mode, the process size limit was hit
# Possible solutions:
#   Reduce memory load on the system
#   Increase physical memory or swap space
#   Check if swap backing store is full
#   Use 64 bit Java on a 64 bit OS
#   Decrease Java heap size (-Xmx/-Xms)
#   Decrease number of Java threads
#   Decrease Java thread stack sizes (-Xss)
#   Set larger code cache with -XX:ReservedCodeCacheSize=
# This output file may be truncated or incomplete.
#
#  Out of Memory Error (allocation.cpp:390), pid=4864, tid=0x0000000000003478
#
# JRE version: OpenJDK Runtime Environment (8.0_112-b06) (build 1.8.0_112-release-b06)
# Java VM: OpenJDK 64-Bit Server VM (25.112-b06 mixed mode windows-amd64 compressed oops)
# Failed to write core dump. Minidumps are not enabled by default on client versions of Windows
#

---------------  T H R E A D  ---------------

Current thread (0x0000000014a59800):  JavaThread "C2 CompilerThread1" daemon [_thread_in_native, id=13432, stack(0x00000000161c0000,0x00000000162c0000)]

Stack: [0x00000000161c0000,0x00000000162c0000]
[error occurred during error reporting (printing stack bounds), id 0xc0000005]

Native frames: (J=compiled Java code, j=interpreted, Vv=VM code, C=native code)


Current CompileTask:
C2:  11598 1967 %     4       com.android.dx.ssa.SsaConverter::placePhiFunctions @ 131 (394 bytes)


---------------  P R O C E S S  ---------------

Java Threads: ( => current thread )
  0x000000001662b000 JavaThread "pool-1-thread-4" [_thread_blocked, id=10556, stack(0x0000000016dc0000,0x0000000016ec0000)]
  0x000000001662a000 JavaThread "pool-1-thread-3" [_thread_in_Java, id=13864, stack(0x0000000016cc0000,0x0000000016dc0000)]
  0x0000000016629000 JavaThread "pool-1-thread-2" [_thread_blocked, id=15184, stack(0x0000000016bc0000,0x0000000016cc0000)]
  0x0000000016720800 JavaThread "pool-2-thread-1" [_thread_blocked, id=9052, stack(0x0000000016ac0000,0x0000000016bc0000)]
  0x000000001671f800 JavaThread "pool-1-thread-1" [_thread_blocked, id=4004, stack(0x00000000169c0000,0x0000000016ac0000)]
  0x0000000014abe000 JavaThread "Service Thread" daemon [_thread_blocked, id=1352, stack(0x00000000167c0000,0x00000000168c0000)]
  0x0000000014ab9800 JavaThread "C1 CompilerThread2" daemon [_thread_in_native, id=13056, stack(0x00000000162c0000,0x00000000163c0000)]
=>0x0000000014a59800 JavaThread "C2 CompilerThread1" daemon [_thread_in_native, id=13432, stack(0x00000000161c0000,0x00000000162c0000)]
  0x0000000014a57800 JavaThread "C2 CompilerThread0" daemon [_thread_in_native, id=8904, stack(0x00000000160c0000,0x00000000161c0000)]
  0x0000000014a67800 JavaThread "Attach Listener" daemon [_thread_blocked, id=14788, stack(0x0000000015fc0000,0x00000000160c0000)]
  0x0000000014a66000 JavaThread "Signal Dispatcher" daemon [_thread_blocked, id=10120, stack(0x0000000015ec0000,0x0000000015fc0000)]
  0x0000000002385800 JavaThread "Finalizer" daemon [_thread_blocked, id=9064, stack(0x0000000015cd0000,0x0000000015dd0000)]
  0x0000000002380000 JavaThread "Reference Handler" daemon [_thread_blocked, id=8940, stack(0x0000000015bd0000,0x0000000015cd0000)]
  0x0000000002290800 JavaThread "main" [_thread_in_vm, id=2788, stack(0x0000000001ff0000,0x00000000020f0000)]

Other Threads:
  0x0000000014a25800 VMThread [stack: 0x0000000015ad0000,0x0000000015bd0000] [id=13284]
  0x00000000163c1800 WatcherThread [stack: 0x00000000168c0000,0x00000000169c0000] [id=12744]

VM state:not at safepoint (normal execution)

VM Mutex/Monitor currently owned by a thread: None

Heap:
 PSYoungGen      total 139776K, used 92611K [0x00000000eab00000, 0x00000000f5200000, 0x0000000100000000)
  eden space 123904K, 61% used [0x00000000eab00000,0x00000000ef5f30f8,0x00000000f2400000)
  from space 15872K, 99% used [0x00000000f3880000,0x00000000f47fdbd0,0x00000000f4800000)
  to   space 20992K, 0% used [0x00000000f2400000,0x00000000f2400000,0x00000000f3880000)
 ParOldGen       total 44032K, used 25265K [0x00000000c0000000, 0x00000000c2b00000, 0x00000000eab00000)
  object space 44032K, 57% used [0x00000000c0000000,0x00000000c18ac6b0,0x00000000c2b00000)
 Metaspace       used 6485K, capacity 7218K, committed 7296K, reserved 1056768K
  class space    used 598K, capacity 618K, committed 640K, reserved 1048576K

Card table byte_map: [0x0000000011750000,0x0000000011960000] byte_map_base: 0x0000000011150000

Marking Bits: (ParMarkBitMap*) 0x0000000050b018f0
 Begin Bits: [0x0000000011ec0000, 0x0000000012ec0000)
 End Bits:   [0x0000000012ec0000, 0x0000000013ec0000)

Polling page: 0x00000000005d0000

CodeCache: size=245760Kb used=8956Kb max_used=8956Kb free=236803Kb
 bounds [0x0000000002390000, 0x0000000002c60000, 0x0000000011390000]
 total_blobs=2281 nmethods=2012 adapters=182
 compilation: enabled

Compilation events (10 events):
Event: 11.591 Thread 0x0000000014ab9800 nmethod 2061 0x0000000002c36550 code [0x0000000002c366a0, 0x0000000002c36830]
Event: 11.591 Thread 0x0000000014ab9800 2062       2       java.util.Date::normalize (269 bytes)
Event: 11.593 Thread 0x0000000014ab9800 nmethod 2062 0x0000000002c51190 code [0x0000000002c51480, 0x0000000002c52688]
Event: 11.593 Thread 0x0000000014ab9800 2063       2       com.android.dx.ssa.ConstCollector$1::compare (13 bytes)
Event: 11.593 Thread 0x0000000014ab9800 nmethod 2063 0x0000000002c53390 code [0x0000000002c53500, 0x0000000002c536c8]
Event: 11.593 Thread 0x0000000014ab9800 2064       2       com.android.dx.ssa.ConstCollector$1::compare (42 bytes)
Event: 11.594 Thread 0x0000000014ab9800 nmethod 2064 0x0000000002c53790 code [0x0000000002c53940, 0x0000000002c53cd8]
Event: 11.594 Thread 0x0000000014ab9800 2065       2       java.util.Date::getCalendarSystem (25 bytes)
Event: 11.594 Thread 0x0000000014ab9800 nmethod 2065 0x0000000002c54050 code [0x0000000002c541a0, 0x0000000002c54330]
Event: 11.594 Thread 0x0000000014ab9800 2066       2       sun.util.calendar.BaseCalendar::normalizeMonth (117 bytes)

GC Heap History (10 events):
Event: 7.577 GC heap before
{Heap before GC invocations=4 (full 0):
 PSYoungGen      total 18944K, used 18920K [0x00000000eab00000, 0x00000000ed000000, 0x0000000100000000)
  eden space 16384K, 100% used [0x00000000eab00000,0x00000000ebb00000,0x00000000ebb00000)
  from space 2560K, 99% used [0x00000000ebb00000,0x00000000ebd7a2e0,0x00000000ebd80000)
  to   space 2560K, 0% used [0x00000000ecd80000,0x00000000ecd80000,0x00000000ed000000)
 ParOldGen       total 44032K, used 5718K [0x00000000c0000000, 0x00000000c2b00000, 0x00000000eab00000)
  object space 44032K, 12% used [0x00000000c0000000,0x00000000c0595b98,0x00000000c2b00000)
 Metaspace       used 6126K, capacity 7088K, committed 7296K, reserved 1056768K
  class space    used 579K, capacity 616K, committed 640K, reserved 1048576K
Event: 7.607 GC heap after
Heap after GC invocations=4 (full 0):
 PSYoungGen      total 35328K, used 2552K [0x00000000eab00000, 0x00000000ed000000, 0x0000000100000000)
  eden space 32768K, 0% used [0x00000000eab00000,0x00000000eab00000,0x00000000ecb00000)
  from space 2560K, 99% used [0x00000000ecd80000,0x00000000ecffe2d0,0x00000000ed000000)
  to   space 2560K, 0% used [0x00000000ecb00000,0x00000000ecb00000,0x00000000ecd80000)
 ParOldGen       total 44032K, used 8309K [0x00000000c0000000, 0x00000000c2b00000, 0x00000000eab00000)
  object space 44032K, 18% used [0x00000000c0000000,0x00000000c081d4a8,0x00000000c2b00000)
 Metaspace       used 6126K, capacity 7088K, committed 7296K, reserved 1056768K
  class space    used 579K, capacity 616K, committed 640K, reserved 1048576K
}
Event: 8.531 GC heap before
{Heap before GC invocations=5 (full 0):
 PSYoungGen      total 35328K, used 35320K [0x00000000eab00000, 0x00000000ed000000, 0x0000000100000000)
  eden space 32768K, 100% used [0x00000000eab00000,0x00000000ecb00000,0x00000000ecb00000)
  from space 2560K, 99% used [0x00000000ecd80000,0x00000000ecffe2d0,0x00000000ed000000)
  to   space 2560K, 0% used [0x00000000ecb00000,0x00000000ecb00000,0x00000000ecd80000)
 ParOldGen       total 44032K, used 8309K [0x00000000c0000000, 0x00000000c2b00000, 0x00000000eab00000)
  object space 44032K, 18% used [0x00000000c0000000,0x00000000c081d4a8,0x00000000c2b00000)
 Metaspace       used 6151K, capacity 7088K, committed 7296K, reserved 1056768K
  class space    used 579K, capacity 616K, committed 640K, reserved 1048576K
Event: 8.580 GC heap after
Heap after GC invocations=5 (full 0):
 PSYoungGen      total 35328K, used 2546K [0x00000000eab00000, 0x00000000efd00000, 0x0000000100000000)
  eden space 32768K, 0% used [0x00000000eab00000,0x00000000eab00000,0x00000000ecb00000)
  from space 2560K, 99% used [0x00000000ecb00000,0x00000000ecd7c8f0,0x00000000ecd80000)
  to   space 9216K, 0% used [0x00000000ef400000,0x00000000ef400000,0x00000000efd00000)
 ParOldGen       total 44032K, used 12509K [0x00000000c0000000, 0x00000000c2b00000, 0x00000000eab00000)
  object space 44032K, 28% used [0x00000000c0000000,0x00000000c0c37620,0x00000000c2b00000)
 Metaspace       used 6151K, capacity 7088K, committed 7296K, reserved 1056768K
  class space    used 579K, capacity 616K, committed 640K, reserved 1048576K
}
Event: 8.952 GC heap before
{Heap before GC invocations=6 (full 0):
 PSYoungGen      total 35328K, used 35314K [0x00000000eab00000, 0x00000000efd00000, 0x0000000100000000)
  eden space 32768K, 100% used [0x00000000eab00000,0x00000000ecb00000,0x00000000ecb00000)
  from space 2560K, 99% used [0x00000000ecb00000,0x00000000ecd7c8f0,0x00000000ecd80000)
  to   space 9216K, 0% used [0x00000000ef400000,0x00000000ef400000,0x00000000efd00000)
 ParOldGen       total 44032K, used 12509K [0x00000000c0000000, 0x00000000c2b00000, 0x00000000eab00000)
  object space 44032K, 28% used [0x00000000c0000000,0x00000000c0c37620,0x00000000c2b00000)
 Metaspace       used 6197K, capacity 7088K, committed 7296K, reserved 1056768K
  class space    used 579K, capacity 616K, committed 640K, reserved 1048576K
Event: 8.980 GC heap after
Heap after GC invocations=6 (full 0):
 PSYoungGen      total 73728K, used 8255K [0x00000000eab00000, 0x00000000eff00000, 0x0000000100000000)
  eden space 64512K, 0% used [0x00000000eab00000,0x00000000eab00000,0x00000000eea00000)
  from space 9216K, 89% used [0x00000000ef400000,0x00000000efc0fcb0,0x00000000efd00000)
  to   space 10240K, 0% used [0x00000000eea00000,0x00000000eea00000,0x00000000ef400000)
 ParOldGen       total 44032K, used 12509K [0x00000000c0000000, 0x00000000c2b00000, 0x00000000eab00000)
  object space 44032K, 28% used [0x00000000c0000000,0x00000000c0c37620,0x00000000c2b00000)
 Metaspace       used 6197K, capacity 7088K, committed 7296K, reserved 1056768K
  class space    used 579K, capacity 616K, committed 640K, reserved 1048576K
}
Event: 10.186 GC heap before
{Heap before GC invocations=7 (full 0):
 PSYoungGen      total 73728K, used 72767K [0x00000000eab00000, 0x00000000eff00000, 0x0000000100000000)
  eden space 64512K, 100% used [0x00000000eab00000,0x00000000eea00000,0x00000000eea00000)
  from space 9216K, 89% used [0x00000000ef400000,0x00000000efc0fcb0,0x00000000efd00000)
  to   space 10240K, 0% used [0x00000000eea00000,0x00000000eea00000,0x00000000ef400000)
 ParOldGen       total 44032K, used 12509K [0x00000000c0000000, 0x00000000c2b00000, 0x00000000eab00000)
  object space 44032K, 28% used [0x00000000c0000000,0x00000000c0c37620,0x00000000c2b00000)
 Metaspace       used 6278K, capacity 7152K, committed 7296K, reserved 1056768K
  class space    used 579K, capacity 616K, committed 640K, reserved 1048576K
Event: 10.259 GC heap after
Heap after GC invocations=7 (full 0):
 PSYoungGen      total 74752K, used 10213K [0x00000000eab00000, 0x00000000f4800000, 0x0000000100000000)
  eden space 64512K, 0% used [0x00000000eab00000,0x00000000eab00000,0x00000000eea00000)
  from space 10240K, 99% used [0x00000000eea00000,0x00000000ef3f94d8,0x00000000ef400000)
  to   space 15872K, 0% used [0x00000000f3880000,0x00000000f3880000,0x00000000f4800000)
 ParOldGen       total 44032K, used 19897K [0x00000000c0000000, 0x00000000c2b00000, 0x00000000eab00000)
  object space 44032K, 45% used [0x00000000c0000000,0x00000000c136e500,0x00000000c2b00000)
 Metaspace       used 6278K, capacity 7152K, committed 7296K, reserved 1056768K
  class space    used 579K, capacity 616K, committed 640K, reserved 1048576K
}
Event: 10.779 GC heap before
{Heap before GC invocations=8 (full 0):
 PSYoungGen      total 74752K, used 74725K [0x00000000eab00000, 0x00000000f4800000, 0x0000000100000000)
  eden space 64512K, 100% used [0x00000000eab00000,0x00000000eea00000,0x00000000eea00000)
  from space 10240K, 99% used [0x00000000eea00000,0x00000000ef3f94d8,0x00000000ef400000)
  to   space 15872K, 0% used [0x00000000f3880000,0x00000000f3880000,0x00000000f4800000)
 ParOldGen       total 44032K, used 19897K [0x00000000c0000000, 0x00000000c2b00000, 0x00000000eab00000)
  object space 44032K, 45% used [0x00000000c0000000,0x00000000c136e500,0x00000000c2b00000)
 Metaspace       used 6331K, capacity 7216K, committed 7296K, reserved 1056768K
  class space    used 579K, capacity 616K, committed 640K, reserved 1048576K
Event: 10.866 GC heap after
Heap after GC invocations=8 (full 0):
 PSYoungGen      total 139776K, used 15862K [0x00000000eab00000, 0x00000000f5200000, 0x0000000100000000)
  eden space 123904K, 0% used [0x00000000eab00000,0x00000000eab00000,0x00000000f2400000)
  from space 15872K, 99% used [0x00000000f3880000,0x00000000f47fdbd0,0x00000000f4800000)
  to   space 20992K, 0% used [0x00000000f2400000,0x00000000f2400000,0x00000000f3880000)
 ParOldGen       total 44032K, used 25265K [0x00000000c0000000, 0x00000000c2b00000, 0x00000000eab00000)
  object space 44032K, 57% used [0x00000000c0000000,0x00000000c18ac6b0,0x00000000c2b00000)
 Metaspace       used 6331K, capacity 7216K, committed 7296K, reserved 1056768K
  class space    used 579K, capacity 616K, committed 640K, reserved 1048576K
}

Deoptimization events (10 events):
Event: 10.646 Thread 0x000000001671f800 Uncommon trap: reason=unstable_if action=reinterpret pc=0x00000000029db458 method=com.android.dx.rop.code.LocalItem.compareHandlesNulls(Lcom/android/dx/rop/cst/CstString;Lcom/android/dx/rop/cst/CstString;)I @ 14
Event: 10.667 Thread 0x0000000016629000 Uncommon trap: reason=unstable_if action=reinterpret pc=0x0000000002a17da8 method=com.android.dx.rop.code.LocalItem.compareHandlesNulls(Lcom/android/dx/rop/cst/CstString;Lcom/android/dx/rop/cst/CstString;)I @ 14
Event: 11.035 Thread 0x000000001671f800 Uncommon trap: reason=unstable_if action=reinterpret pc=0x000000000293c158 method=java.util.HashMap.putVal(ILjava/lang/Object;Ljava/lang/Object;ZZ)Ljava/lang/Object; @ 162
Event: 11.039 Thread 0x000000001671f800 Uncommon trap: reason=unstable_if action=reinterpret pc=0x0000000002a82104 method=java.util.HashMap.getNode(ILjava/lang/Object;)Ljava/util/HashMap$Node; @ 84
Event: 11.232 Thread 0x000000001662a000 Uncommon trap: reason=unstable_if action=reinterpret pc=0x0000000002bbc0ec method=java.util.HashMap.putVal(ILjava/lang/Object;Ljava/lang/Object;ZZ)Ljava/lang/Object; @ 109
Event: 11.427 Thread 0x000000001662a000 Uncommon trap: reason=unstable_if action=reinterpret pc=0x00000000029bfc54 method=com.android.dx.ssa.MoveParamCombiner$1.visitNonMoveInsn(Lcom/android/dx/ssa/NormalSsaInsn;)V @ 27
Event: 11.479 Thread 0x000000001662b000 Uncommon trap: reason=bimorphic action=maybe_recompile pc=0x0000000002b88904 method=com.android.dx.ssa.LiteralOpUpgrader.tryReplacingWithConstant(Lcom/android/dx/ssa/NormalSsaInsn;)Z @ 62
Event: 11.483 Thread 0x000000001662b000 Uncommon trap: reason=bimorphic action=maybe_recompile pc=0x0000000002b88904 method=com.android.dx.ssa.LiteralOpUpgrader.tryReplacingWithConstant(Lcom/android/dx/ssa/NormalSsaInsn;)Z @ 62
Event: 11.571 Thread 0x000000001662b000 Uncommon trap: reason=unstable_if action=reinterpret pc=0x00000000027efca8 method=com.android.dx.ssa.SsaMethod.getExitBlock()Lcom/android/dx/ssa/SsaBasicBlock; @ 4
Event: 11.571 Thread 0x000000001662b000 Uncommon trap: reason=unstable_if action=reinterpret pc=0x00000000026ba774 method=com.android.dx.ssa.SsaMethod.getExitBlock()Lcom/android/dx/ssa/SsaBasicBlock; @ 4

Internal exceptions (8 events):
Event: 2.370 Thread 0x0000000002290800 Exception <a 'java/lang/NoSuchMethodError': Method sun.misc.Unsafe.defineClass(Ljava/lang/String;[BII)Ljava/lang/Class; name or signature does not match> (0x00000000eab07c78) thrown at [C:\src\android\AOSP-openjdk\external\jetbrains\jdk\hotspot\src\share\v8´sõ@
Event: 2.370 Thread 0x0000000002290800 Exception <a 'java/lang/NoSuchMethodError': Method sun.misc.Unsafe.prefetchRead(Ljava/lang/Object;J)V name or signature does not match> (0x00000000eab07f60) thrown at [C:\src\android\AOSP-openjdk\external\jetbrains\jdk\hotspot\src\share\vm\prims\jni.cpp, lé–çž­`@
Event: 6.594 Thread 0x000000001662a000 Implicit null exception at 0x00000000026cf7a2 to 0x00000000026cf8a1
Event: 10.646 Thread 0x000000001671f800 Implicit null exception at 0x00000000029da198 to 0x00000000029db41d
Event: 10.667 Thread 0x0000000016629000 Implicit null exception at 0x0000000002a16574 to 0x0000000002a17d79
Event: 11.037 Thread 0x000000001671f800 Exception <a 'java/lang/ArrayIndexOutOfBoundsException': 18> (0x00000000ec103d70) thrown at [C:\src\android\AOSP-openjdk\external\jetbrains\jdk\hotspot\src\share\vm\interpreter\interpreterRuntime.cpp, line 366]
Event: 11.038 Thread 0x000000001671f800 Exception <a 'java/lang/ArrayIndexOutOfBoundsException': 145> (0x00000000ec1058f0) thrown at [C:\src\android\AOSP-openjdk\external\jetbrains\jdk\hotspot\src\share\vm\interpreter\interpreterRuntime.cpp, line 366]
Event: 11.039 Thread 0x000000001671f800 Exception <a 'java/lang/ArrayIndexOutOfBoundsException'> (0x00000000ec106bd8) thrown at [C:\src\android\AOSP-openjdk\external\jetbrains\jdk\hotspot\src\share\vm\runtime\sharedRuntime.cpp, line 605]

Events (10 events):
Event: 11.479 Thread 0x000000001662b000 DEOPT UNPACKING pc=0x00000000023d556a sp=0x0000000016ebe8c0 mode 2
Event: 11.482 Thread 0x000000001662b000 Uncommon trap: trap_request=0xffffffc6 fr.pc=0x0000000002b88904
Event: 11.483 Thread 0x000000001662b000 DEOPT PACKING pc=0x0000000002b88904 sp=0x0000000016ebe870
Event: 11.483 Thread 0x000000001662b000 DEOPT UNPACKING pc=0x00000000023d556a sp=0x0000000016ebe810 mode 2
Event: 11.571 Thread 0x000000001662b000 Uncommon trap: trap_request=0xffffff65 fr.pc=0x00000000027efca8
Event: 11.571 Thread 0x000000001662b000 DEOPT PACKING pc=0x00000000027efca8 sp=0x0000000016ebea60
Event: 11.571 Thread 0x000000001662b000 DEOPT UNPACKING pc=0x00000000023d556a sp=0x0000000016ebe9c8 mode 2
Event: 11.571 Thread 0x000000001662b000 Uncommon trap: trap_request=0xffffff65 fr.pc=0x00000000026ba774
Event: 11.571 Thread 0x000000001662b000 DEOPT PACKING pc=0x00000000026ba774 sp=0x0000000016ebea00
Event: 11.571 Thread 0x000000001662b000 DEOPT UNPACKING pc=0x00000000023d556a sp=0x0000000016ebe9b8 mode 2


Dynamic libraries:
0x00007ff6160e0000 - 0x00007ff616111000 	C:\Program Files\Android\Android Studio\jre\bin\java.exe
0x00007ffbfcd90000 - 0x00007ffbfcf61000 	C:\WINDOWS\SYSTEM32\ntdll.dll
0x00007ffbfc370000 - 0x00007ffbfc41b000 	C:\WINDOWS\System32\KERNEL32.DLL
0x00007ffbf9cd0000 - 0x00007ffbf9eed000 	C:\WINDOWS\System32\KERNELBASE.dll
0x00007ffbfa5e0000 - 0x00007ffbfa682000 	C:\WINDOWS\System32\ADVAPI32.dll
0x00007ffbfadc0000 - 0x00007ffbfae5e000 	C:\WINDOWS\System32\msvcrt.dll
0x00007ffbfa440000 - 0x00007ffbfa499000 	C:\WINDOWS\System32\sechost.dll
0x00007ffbfac50000 - 0x00007ffbfad71000 	C:\WINDOWS\System32\RPCRT4.dll
0x00007ffbfa9a0000 - 0x00007ffbfab05000 	C:\WINDOWS\System32\USER32.dll
0x00007ffbf9b10000 - 0x00007ffbf9b2e000 	C:\WINDOWS\System32\win32u.dll
0x00007ffbfad80000 - 0x00007ffbfadb4000 	C:\WINDOWS\System32\GDI32.dll
0x00007ffbfa0c0000 - 0x00007ffbfa242000 	C:\WINDOWS\System32\gdi32full.dll
0x00007ffbed7c0000 - 0x00007ffbeda3a000 	C:\WINDOWS\WinSxS\amd64_microsoft.windows.common-controls_6595b64144ccf1df_6.0.14393.953_none_42151e83c686086b\COMCTL32.dll
0x00007ffbfc690000 - 0x00007ffbfc958000 	C:\WINDOWS\System32\combase.dll
0x00007ffbf9a10000 - 0x00007ffbf9b05000 	C:\WINDOWS\System32\ucrtbase.dll
0x00007ffbfa2b0000 - 0x00007ffbfa31a000 	C:\WINDOWS\System32\bcryptPrimitives.dll
0x00007ffbfc5f0000 - 0x00007ffbfc61e000 	C:\WINDOWS\System32\IMM32.DLL
0x0000000050260000 - 0x0000000050332000 	C:\Program Files\Android\Android Studio\jre\jre\bin\msvcr100.dll
0x0000000050340000 - 0x0000000050b7c000 	C:\Program Files\Android\Android Studio\jre\jre\bin\server\jvm.dll
0x00007ffbfa830000 - 0x00007ffbfa838000 	C:\WINDOWS\System32\PSAPI.DLL
0x00007ffbef720000 - 0x00007ffbef729000 	C:\WINDOWS\SYSTEM32\WSOCK32.dll
0x00007ffbfc620000 - 0x00007ffbfc68a000 	C:\WINDOWS\System32\WS2_32.dll
0x00007ffbf7560000 - 0x00007ffbf7583000 	C:\WINDOWS\SYSTEM32\WINMM.dll
0x00007ffbec910000 - 0x00007ffbec91a000 	C:\WINDOWS\SYSTEM32\VERSION.dll
0x00007ffbf74f0000 - 0x00007ffbf751b000 	C:\WINDOWS\SYSTEM32\WINMMBASE.dll
0x00007ffbf9c80000 - 0x00007ffbf9cc2000 	C:\WINDOWS\System32\cfgmgr32.dll
0x00007ffbf6380000 - 0x00007ffbf638f000 	C:\Program Files\Android\Android Studio\jre\jre\bin\verify.dll
0x00007ffbecc10000 - 0x00007ffbecc39000 	C:\Program Files\Android\Android Studio\jre\jre\bin\java.dll
0x00007ffbef700000 - 0x00007ffbef716000 	C:\Program Files\Android\Android Studio\jre\jre\bin\zip.dll
0x00007ffbfae60000 - 0x00007ffbfc369000 	C:\WINDOWS\System32\SHELL32.dll
0x00007ffbf9280000 - 0x00007ffbf995a000 	C:\WINDOWS\System32\windows.storage.dll
0x00007ffbf9220000 - 0x00007ffbf926c000 	C:\WINDOWS\System32\powrprof.dll
0x00007ffbfa320000 - 0x00007ffbfa372000 	C:\WINDOWS\System32\shlwapi.dll
0x00007ffbf9270000 - 0x00007ffbf927f000 	C:\WINDOWS\System32\kernel.appcore.dll
0x00007ffbf9960000 - 0x00007ffbf9a09000 	C:\WINDOWS\System32\shcore.dll
0x00007ffbf9200000 - 0x00007ffbf9214000 	C:\WINDOWS\System32\profapi.dll

VM Arguments:
jvm_args: -Djava.awt.headless=true -Xmx1024M -Dfile.encoding=windows-1252 -Duser.country=US -Duser.language=en -Duser.variant 
java_command: com.android.dx.command.Main --dex --num-threads=4 --output C:\Users\ADITYA\AndroidStudioProjects\ADBrowser\app\build\intermediates\pre-dexed\debug\com.android.support-support-v4-24.0.0_490f699f6a722ad9a16182350251fe03d8f9560e.jar C:\Users\ADITYA\AndroidStudioProjects\ADBrowser\app\build\intermediates\exploded-aar\com.android.support\support-v4\24.0.0\jars\classes.jar
java_class_path (initial): C:\Users\ADITYA\AppData\Local\Android\sdk\build-tools\24.0.2\lib\dx.jar
Launcher Type: SUN_STANDARD

Environment Variables:
JAVA_HOME=C:\Program Files\Java\jdk1.8.0_101
PATH=C:\ProgramData\Oracle\Java\javapath;C:\WINDOWS\system32;C:\WINDOWS;C:\WINDOWS\System32\Wbem;C:\WINDOWS\System32\WindowsPowerShell\v1.0\;C:\Program Files (x86)\Windows Live\Shared;C:\Program Files (x86)\ATI Technologies\ATI.ACE\Core-Static;C:\Users\ADITYA\AppData\Local\Android\sdk\platform-tools;C:\Program Files\Java\jdk1.8.0_101\bin;C:\Program Files\nodejs\;C:\Users\ADITYA\AppData\Local\Microsoft\WindowsApps;C:\Users\ADITYA\AppData\Roaming\npm
USERNAME=ADITYA
OS=Windows_NT
PROCESSOR_IDENTIFIER=Intel64 Family 6 Model 58 Stepping 9, GenuineIntel



---------------  S Y S T E M  ---------------

OS: Windows 10.0 , 64 bit Build 14393 (10.0.14393.0)

CPU:total 4 (2 cores per cpu, 2 threads per core) family 6 model 58 stepping 9, cmov, cx8, fxsr, mmx, sse, sse2, sse3, ssse3, sse4.1, sse4.2, popcnt, avx, aes, clmul, erms, ht, tsc, tscinvbit, tscinv

Memory: 4k page, physical 4087144k(459408k free), swap 9066164k(5584k free)

vm_info: OpenJDK 64-Bit Server VM (25.112-b06) for windows-amd64 JRE (1.8.0_112-release-b06), built on Dec  8 2016 00:54:26 by "builder" with MS VC++ 10.0 (VS2010)

time: Mon May 29 22:20:37 2017
elapsed time: 11 seconds (0d 0h 0m 11s)

