#
# There is insufficient memory for the Java Runtime Environment to continue.
# Native memory allocation (malloc) failed to allocate 1048576 bytes for AllocateHeap
# Possible reasons:
#   The system is out of physical RAM or swap space
#   In 32 bit mode, the process size limit was hit
# Possible solutions:
#   Reduce memory load on the system
#   Increase physical memory or swap space
#   Check if swap backing store is full
#   Use 64 bit Java on a 64 bit OS
#   Decrease Java heap size (-Xmx/-Xms)
#   Decrease number of Java threads
#   Decrease Java thread stack sizes (-Xss)
#   Set larger code cache with -XX:ReservedCodeCacheSize=
# This output file may be truncated or incomplete.
#
#  Out of Memory Error (memory/allocation.inline.hpp:61), pid=13764, tid=0x0000000000001c70
#
# JRE version:  (8.0_112-b06) (build )
# Java VM: OpenJDK 64-Bit Server VM (25.112-b06 mixed mode windows-amd64 compressed oops)
# Failed to write core dump. Minidumps are not enabled by default on client versions of Windows
#

---------------  T H R E A D  ---------------

Current thread (0x00000000031a0800):  JavaThread "Unknown thread" [_thread_in_vm, id=7280, stack(0x0000000002ec0000,0x0000000002fc0000)]

Stack: [0x0000000002ec0000,0x0000000002fc0000]
[error occurred during error reporting (printing stack bounds), id 0xc0000005]

Native frames: (J=compiled Java code, j=interpreted, Vv=VM code, C=native code)


---------------  P R O C E S S  ---------------

Java Threads: ( => current thread )

Other Threads:

=>0x00000000031a0800 (exited) JavaThread "Unknown thread" [_thread_in_vm, id=7280, stack(0x0000000002ec0000,0x0000000002fc0000)]

VM state:not at safepoint (normal execution)

VM Mutex/Monitor currently owned by a thread: None

Heap:
 PSYoungGen      total 18944K, used 327K [0x00000000eab00000, 0x00000000ec000000, 0x0000000100000000)
  eden space 16384K, 2% used [0x00000000eab00000,0x00000000eab51ec8,0x00000000ebb00000)
  from space 2560K, 0% used [0x00000000ebd80000,0x00000000ebd80000,0x00000000ec000000)
  to   space 2560K, 0% used [0x00000000ebb00000,0x00000000ebb00000,0x00000000ebd80000)
 ParOldGen       total 44032K, used 0K [0x00000000c0000000, 0x00000000c2b00000, 0x00000000eab00000)
  object space 44032K, 0% used [0x00000000c0000000,0x00000000c0000000,0x00000000c2b00000)
 Metaspace       used 772K, capacity 4480K, committed 4480K, reserved 1056768K
  class space    used 73K, capacity 384K, committed 384K, reserved 1048576K

Card table byte_map: [0x0000000012660000,0x0000000012870000] byte_map_base: 0x0000000012060000

Marking Bits: (ParMarkBitMap*) 0x0000000050b018f0
 Begin Bits: [0x0000000012dd0000, 0x0000000013dd0000)
 End Bits:   [0x0000000013dd0000, 0x0000000014dd0000)

Polling page: 0x0000000001410000

CodeCache: size=245760Kb used=328Kb max_used=328Kb free=245431Kb
 bounds [0x00000000032a0000, 0x0000000003510000, 0x00000000122a0000]
 total_blobs=57 nmethods=0 adapters=38
 compilation: enabled

Compilation events (0 events):
No events

GC Heap History (0 events):
No events

Deoptimization events (0 events):
No events

Internal exceptions (0 events):
No events

Events (10 events):
Event: 0.081 loading class java/lang/Short
Event: 0.081 loading class java/lang/Short done
Event: 0.081 loading class java/lang/Integer
Event: 0.081 loading class java/lang/Integer done
Event: 0.081 loading class java/lang/Long
Event: 0.081 loading class java/lang/Long done
Event: 0.082 loading class java/lang/NullPointerException
Event: 0.082 loading class java/lang/NullPointerException done
Event: 0.082 loading class java/lang/ArithmeticException
Event: 0.082 loading class java/lang/ArithmeticException done


Dynamic libraries:
0x00007ff6160e0000 - 0x00007ff616111000 	C:\Program Files\Android\Android Studio\jre\bin\java.exe
0x00007ffbfcd90000 - 0x00007ffbfcf61000 	C:\WINDOWS\SYSTEM32\ntdll.dll
0x00007ffbfc370000 - 0x00007ffbfc41b000 	C:\WINDOWS\System32\KERNEL32.DLL
0x00007ffbf9cd0000 - 0x00007ffbf9eed000 	C:\WINDOWS\System32\KERNELBASE.dll
0x00007ffbfa5e0000 - 0x00007ffbfa682000 	C:\WINDOWS\System32\ADVAPI32.dll
0x00007ffbfadc0000 - 0x00007ffbfae5e000 	C:\WINDOWS\System32\msvcrt.dll
0x00007ffbfa440000 - 0x00007ffbfa499000 	C:\WINDOWS\System32\sechost.dll
0x00007ffbfac50000 - 0x00007ffbfad71000 	C:\WINDOWS\System32\RPCRT4.dll
0x00007ffbfa9a0000 - 0x00007ffbfab05000 	C:\WINDOWS\System32\USER32.dll
0x00007ffbf9b10000 - 0x00007ffbf9b2e000 	C:\WINDOWS\System32\win32u.dll
0x00007ffbfad80000 - 0x00007ffbfadb4000 	C:\WINDOWS\System32\GDI32.dll
0x00007ffbfa0c0000 - 0x00007ffbfa242000 	C:\WINDOWS\System32\gdi32full.dll
0x00007ffbed7c0000 - 0x00007ffbeda3a000 	C:\WINDOWS\WinSxS\amd64_microsoft.windows.common-controls_6595b64144ccf1df_6.0.14393.953_none_42151e83c686086b\COMCTL32.dll
0x00007ffbfc690000 - 0x00007ffbfc958000 	C:\WINDOWS\System32\combase.dll
0x00007ffbf9a10000 - 0x00007ffbf9b05000 	C:\WINDOWS\System32\ucrtbase.dll
0x00007ffbfa2b0000 - 0x00007ffbfa31a000 	C:\WINDOWS\System32\bcryptPrimitives.dll
0x00007ffbfc5f0000 - 0x00007ffbfc61e000 	C:\WINDOWS\System32\IMM32.DLL
0x0000000050260000 - 0x0000000050332000 	C:\Program Files\Android\Android Studio\jre\jre\bin\msvcr100.dll
0x0000000050340000 - 0x0000000050b7c000 	C:\Program Files\Android\Android Studio\jre\jre\bin\server\jvm.dll
0x00007ffbfa830000 - 0x00007ffbfa838000 	C:\WINDOWS\System32\PSAPI.DLL
0x00007ffbef720000 - 0x00007ffbef729000 	C:\WINDOWS\SYSTEM32\WSOCK32.dll
0x00007ffbfc620000 - 0x00007ffbfc68a000 	C:\WINDOWS\System32\WS2_32.dll
0x00007ffbf7560000 - 0x00007ffbf7583000 	C:\WINDOWS\SYSTEM32\WINMM.dll
0x00007ffbec910000 - 0x00007ffbec91a000 	C:\WINDOWS\SYSTEM32\VERSION.dll
0x00007ffbf74f0000 - 0x00007ffbf751b000 	C:\WINDOWS\SYSTEM32\WINMMBASE.dll
0x00007ffbf9c80000 - 0x00007ffbf9cc2000 	C:\WINDOWS\System32\cfgmgr32.dll
0x00007ffbf6380000 - 0x00007ffbf638f000 	C:\Program Files\Android\Android Studio\jre\jre\bin\verify.dll
0x00007ffbecc10000 - 0x00007ffbecc39000 	C:\Program Files\Android\Android Studio\jre\jre\bin\java.dll
0x00007ffbef700000 - 0x00007ffbef716000 	C:\Program Files\Android\Android Studio\jre\jre\bin\zip.dll

VM Arguments:
jvm_args: -Djava.awt.headless=true -Xmx1024M -Dfile.encoding=windows-1252 -Duser.country=US -Duser.language=en -Duser.variant 
java_command: com.android.dx.command.Main --dex --num-threads=4 --output C:\Users\ADITYA\AndroidStudioProjects\ADBrowser\app\build\intermediates\pre-dexed\debug\com.google.firebase-firebase-common-10.0.1_d6caac24d68fb3af2bcbbb902c4a278dce719463.jar C:\Users\ADITYA\AndroidStudioProjects\ADBrowser\app\build\intermediates\exploded-aar\com.google.firebase\firebase-common\10.0.1\jars\classes.jar
java_class_path (initial): C:\Users\ADITYA\AppData\Local\Android\sdk\build-tools\24.0.2\lib\dx.jar
Launcher Type: SUN_STANDARD

Environment Variables:
JAVA_HOME=C:\Program Files\Java\jdk1.8.0_101
PATH=C:\ProgramData\Oracle\Java\javapath;C:\WINDOWS\system32;C:\WINDOWS;C:\WINDOWS\System32\Wbem;C:\WINDOWS\System32\WindowsPowerShell\v1.0\;C:\Program Files (x86)\Windows Live\Shared;C:\Program Files (x86)\ATI Technologies\ATI.ACE\Core-Static;C:\Users\ADITYA\AppData\Local\Android\sdk\platform-tools;C:\Program Files\Java\jdk1.8.0_101\bin;C:\Program Files\nodejs\;C:\Users\ADITYA\AppData\Local\Microsoft\WindowsApps;C:\Users\ADITYA\AppData\Roaming\npm
USERNAME=ADITYA
OS=Windows_NT
PROCESSOR_IDENTIFIER=Intel64 Family 6 Model 58 Stepping 9, GenuineIntel



---------------  S Y S T E M  ---------------

OS: Windows 10.0 , 64 bit Build 14393 (10.0.14393.0)

CPU:total 4 (2 cores per cpu, 2 threads per core) family 6 model 58 stepping 9, cmov, cx8, fxsr, mmx, sse, sse2, sse3, ssse3, sse4.1, sse4.2, popcnt, avx, aes, clmul, erms, ht, tsc, tscinvbit, tscinv

Memory: 4k page, physical 4087144k(458124k free), swap 9066164k(6172k free)

vm_info: OpenJDK 64-Bit Server VM (25.112-b06) for windows-amd64 JRE (1.8.0_112-release-b06), built on Dec  8 2016 00:54:26 by "builder" with MS VC++ 10.0 (VS2010)

time: Mon May 29 22:17:56 2017
elapsed time: 0 seconds (0d 0h 0m 0s)

