#
# There is insufficient memory for the Java Runtime Environment to continue.
# Native memory allocation (malloc) failed to allocate 917936 bytes for Chunk::new
# Possible reasons:
#   The system is out of physical RAM or swap space
#   In 32 bit mode, the process size limit was hit
# Possible solutions:
#   Reduce memory load on the system
#   Increase physical memory or swap space
#   Check if swap backing store is full
#   Use 64 bit Java on a 64 bit OS
#   Decrease Java heap size (-Xmx/-Xms)
#   Decrease number of Java threads
#   Decrease Java thread stack sizes (-Xss)
#   Set larger code cache with -XX:ReservedCodeCacheSize=
# This output file may be truncated or incomplete.
#
#  Out of Memory Error (allocation.cpp:390), pid=16292, tid=0x0000000000003980
#
# JRE version: OpenJDK Runtime Environment (8.0_112-b06) (build 1.8.0_112-release-b06)
# Java VM: OpenJDK 64-Bit Server VM (25.112-b06 mixed mode windows-amd64 compressed oops)
# Failed to write core dump. Minidumps are not enabled by default on client versions of Windows
#

---------------  T H R E A D  ---------------

Current thread (0x00000000158d7800):  JavaThread "C2 CompilerThread0" daemon [_thread_in_native, id=14720, stack(0x0000000016f30000,0x0000000017030000)]

Stack: [0x0000000016f30000,0x0000000017030000]
[error occurred during error reporting (printing stack bounds), id 0xc0000005]

Native frames: (J=compiled Java code, j=interpreted, Vv=VM code, C=native code)


Current CompileTask:
C2:   4117 1333       4       com.android.dx.dex.code.OutputFinisher::addConstants (93 bytes)


---------------  P R O C E S S  ---------------

Java Threads: ( => current thread )
  0x000000001592d800 JavaThread "Service Thread" daemon [_thread_blocked, id=10088, stack(0x0000000017630000,0x0000000017730000)]
  0x000000001592b000 JavaThread "C1 CompilerThread2" daemon [_thread_blocked, id=16572, stack(0x0000000017130000,0x0000000017230000)]
  0x0000000015924800 JavaThread "C2 CompilerThread1" daemon [_thread_in_native, id=15452, stack(0x0000000017030000,0x0000000017130000)]
=>0x00000000158d7800 JavaThread "C2 CompilerThread0" daemon [_thread_in_native, id=14720, stack(0x0000000016f30000,0x0000000017030000)]
  0x00000000158d5800 JavaThread "Attach Listener" daemon [_thread_blocked, id=10668, stack(0x0000000016e30000,0x0000000016f30000)]
  0x00000000158d4000 JavaThread "Signal Dispatcher" daemon [_thread_blocked, id=4436, stack(0x0000000016d30000,0x0000000016e30000)]
  0x00000000031f5800 JavaThread "Finalizer" daemon [_thread_blocked, id=14696, stack(0x0000000016b40000,0x0000000016c40000)]
  0x00000000031f0000 JavaThread "Reference Handler" daemon [_thread_blocked, id=5276, stack(0x0000000016a40000,0x0000000016b40000)]
  0x0000000003100800 JavaThread "main" [_thread_in_Java, id=14596, stack(0x0000000002f00000,0x0000000003000000)]

Other Threads:
  0x0000000015895800 VMThread [stack: 0x0000000016940000,0x0000000016a40000] [id=13400]
  0x000000001592e800 WatcherThread [stack: 0x0000000017730000,0x0000000017830000] [id=5232]

VM state:not at safepoint (normal execution)

VM Mutex/Monitor currently owned by a thread: None

Heap:
 PSYoungGen      total 18944K, used 18569K [0x00000000eab00000, 0x00000000ed000000, 0x0000000100000000)
  eden space 16384K, 97% used [0x00000000eab00000,0x00000000ebaa8898,0x00000000ebb00000)
  from space 2560K, 99% used [0x00000000ebb00000,0x00000000ebd79c68,0x00000000ebd80000)
  to   space 2560K, 0% used [0x00000000ecd80000,0x00000000ecd80000,0x00000000ed000000)
 ParOldGen       total 44032K, used 1859K [0x00000000c0000000, 0x00000000c2b00000, 0x00000000eab00000)
  object space 44032K, 4% used [0x00000000c0000000,0x00000000c01d0db0,0x00000000c2b00000)
 Metaspace       used 6121K, capacity 7024K, committed 7296K, reserved 1056768K
  class space    used 585K, capacity 616K, committed 640K, reserved 1048576K

Card table byte_map: [0x00000000125c0000,0x00000000127d0000] byte_map_base: 0x0000000011fc0000

Marking Bits: (ParMarkBitMap*) 0x0000000050b018f0
 Begin Bits: [0x0000000012d30000, 0x0000000013d30000)
 End Bits:   [0x0000000013d30000, 0x0000000014d30000)

Polling page: 0x0000000001420000

CodeCache: size=245760Kb used=5479Kb max_used=5479Kb free=240280Kb
 bounds [0x0000000003200000, 0x0000000003760000, 0x0000000012200000]
 total_blobs=1635 nmethods=1367 adapters=182
 compilation: enabled

Compilation events (10 events):
Event: 4.093 Thread 0x000000001592b000 1371       3       com.android.dx.dex.file.MixedItemSection$1::compare (18 bytes)
Event: 4.093 Thread 0x000000001592b000 nmethod 1371 0x000000000375bed0 code [0x000000000375c060, 0x000000000375c408]
Event: 4.093 Thread 0x000000001592b000 1373       1       com.android.dx.dex.file.AnnotationSetItem::itemType (4 bytes)
Event: 4.093 Thread 0x000000001592b000 nmethod 1373 0x000000000375c590 code [0x000000000375c6e0, 0x000000000375c7f0]
Event: 4.093 Thread 0x000000001592b000 1372       1       com.android.dx.dex.file.UniformListItem::itemType (5 bytes)
Event: 4.094 Thread 0x000000001592b000 nmethod 1372 0x000000000375c850 code [0x000000000375c9a0, 0x000000000375cab0]
Event: 4.094 Thread 0x000000001592b000 1374       3       com.android.dx.dex.file.OffsettedItem::writeSize (22 bytes)
Event: 4.094 Thread 0x000000001592b000 nmethod 1374 0x000000000375cb10 code [0x000000000375cc80, 0x000000000375cee8]
Event: 4.094 Thread 0x000000001592b000 1375       3       com.android.dx.dex.file.OffsettedItem::place (78 bytes)
Event: 4.094 Thread 0x000000001592b000 nmethod 1375 0x000000000375cfd0 code [0x000000000375d180, 0x000000000375d698]

GC Heap History (2 events):
Event: 2.903 GC heap before
{Heap before GC invocations=1 (full 0):
 PSYoungGen      total 18944K, used 16384K [0x00000000eab00000, 0x00000000ec000000, 0x0000000100000000)
  eden space 16384K, 100% used [0x00000000eab00000,0x00000000ebb00000,0x00000000ebb00000)
  from space 2560K, 0% used [0x00000000ebd80000,0x00000000ebd80000,0x00000000ec000000)
  to   space 2560K, 0% used [0x00000000ebb00000,0x00000000ebb00000,0x00000000ebd80000)
 ParOldGen       total 44032K, used 0K [0x00000000c0000000, 0x00000000c2b00000, 0x00000000eab00000)
  object space 44032K, 0% used [0x00000000c0000000,0x00000000c0000000,0x00000000c2b00000)
 Metaspace       used 5818K, capacity 6832K, committed 7040K, reserved 1056768K
  class space    used 577K, capacity 616K, committed 640K, reserved 1048576K
Event: 2.962 GC heap after
Heap after GC invocations=1 (full 0):
 PSYoungGen      total 18944K, used 2535K [0x00000000eab00000, 0x00000000ed000000, 0x0000000100000000)
  eden space 16384K, 0% used [0x00000000eab00000,0x00000000eab00000,0x00000000ebb00000)
  from space 2560K, 99% used [0x00000000ebb00000,0x00000000ebd79c68,0x00000000ebd80000)
  to   space 2560K, 0% used [0x00000000ecd80000,0x00000000ecd80000,0x00000000ed000000)
 ParOldGen       total 44032K, used 1859K [0x00000000c0000000, 0x00000000c2b00000, 0x00000000eab00000)
  object space 44032K, 4% used [0x00000000c0000000,0x00000000c01d0db0,0x00000000c2b00000)
 Metaspace       used 5818K, capacity 6832K, committed 7040K, reserved 1056768K
  class space    used 577K, capacity 616K, committed 640K, reserved 1048576K
}

Deoptimization events (10 events):
Event: 3.881 Thread 0x0000000003100800 Uncommon trap: reason=class_check action=maybe_recompile pc=0x00000000036341b4 method=java.util.Arrays.hashCode([Ljava/lang/Object;)I @ 43
Event: 3.886 Thread 0x0000000003100800 Uncommon trap: reason=bimorphic action=maybe_recompile pc=0x0000000003422f60 method=java.util.HashMap.getNode(ILjava/lang/Object;)Ljava/util/HashMap$Node; @ 126
Event: 3.886 Thread 0x0000000003100800 Uncommon trap: reason=bimorphic action=maybe_recompile pc=0x0000000003422f60 method=java.util.HashMap.getNode(ILjava/lang/Object;)Ljava/util/HashMap$Node; @ 126
Event: 3.886 Thread 0x0000000003100800 Uncommon trap: reason=bimorphic action=maybe_recompile pc=0x0000000003422f60 method=java.util.HashMap.getNode(ILjava/lang/Object;)Ljava/util/HashMap$Node; @ 126
Event: 3.886 Thread 0x0000000003100800 Uncommon trap: reason=bimorphic action=maybe_recompile pc=0x0000000003422f60 method=java.util.HashMap.getNode(ILjava/lang/Object;)Ljava/util/HashMap$Node; @ 126
Event: 3.886 Thread 0x0000000003100800 Uncommon trap: reason=bimorphic action=maybe_recompile pc=0x0000000003470ba4 method=java.util.HashMap.getNode(ILjava/lang/Object;)Ljava/util/HashMap$Node; @ 126
Event: 3.886 Thread 0x0000000003100800 Uncommon trap: reason=class_check action=maybe_recompile pc=0x00000000036d09c0 method=java.util.HashMap.putVal(ILjava/lang/Object;Ljava/lang/Object;ZZ)Ljava/lang/Object; @ 203
Event: 3.895 Thread 0x0000000003100800 Uncommon trap: reason=class_check action=maybe_recompile pc=0x00000000036d09c0 method=java.util.HashMap.putVal(ILjava/lang/Object;Ljava/lang/Object;ZZ)Ljava/lang/Object; @ 203
Event: 3.897 Thread 0x0000000003100800 Uncommon trap: reason=class_check action=maybe_recompile pc=0x00000000036d09c0 method=java.util.HashMap.putVal(ILjava/lang/Object;Ljava/lang/Object;ZZ)Ljava/lang/Object; @ 203
Event: 3.897 Thread 0x0000000003100800 Uncommon trap: reason=class_check action=maybe_recompile pc=0x00000000036d09c0 method=java.util.HashMap.putVal(ILjava/lang/Object;Ljava/lang/Object;ZZ)Ljava/lang/Object; @ 203

Internal exceptions (2 events):
Event: 0.362 Thread 0x0000000003100800 Exception <a 'java/lang/NoSuchMethodError': Method sun.misc.Unsafe.defineClass(Ljava/lang/String;[BII)Ljava/lang/Class; name or signature does not match> (0x00000000eab07c78) thrown at [C:\src\android\AOSP-openjdk\external\jetbrains\jdk\hotspot\src\share\vé-ùˆù2◊?
Event: 0.362 Thread 0x0000000003100800 Exception <a 'java/lang/NoSuchMethodError': Method sun.misc.Unsafe.prefetchRead(Ljava/lang/Object;J)V name or signature does not match> (0x00000000eab07f60) thrown at [C:\src\android\AOSP-openjdk\external\jetbrains\jdk\hotspot\src\share\vm\prims\jni.cpp, l

Events (10 events):
Event: 3.897 Thread 0x0000000003100800 DEOPT PACKING pc=0x00000000036d09c0 sp=0x0000000002ffef40
Event: 3.897 Thread 0x0000000003100800 DEOPT UNPACKING pc=0x000000000324556a sp=0x0000000002ffeec8 mode 2
Event: 3.916 loading class com/android/dx/dex/file/ProtoIdItem
Event: 3.916 loading class com/android/dx/dex/file/ProtoIdItem done
Event: 4.054 loading class com/android/dex/Leb128
Event: 4.054 loading class com/android/dex/Leb128 done
Event: 4.089 loading class java/util/Collections$1
Event: 4.090 loading class java/util/Collections$1 done
Event: 4.090 loading class com/android/dx/dex/file/MixedItemSection$2
Event: 4.090 loading class com/android/dx/dex/file/MixedItemSection$2 done


Dynamic libraries:
0x00007ff6160e0000 - 0x00007ff616111000 	C:\Program Files\Android\Android Studio\jre\bin\java.exe
0x00007ffbfcd90000 - 0x00007ffbfcf61000 	C:\WINDOWS\SYSTEM32\ntdll.dll
0x00007ffbfc370000 - 0x00007ffbfc41b000 	C:\WINDOWS\System32\KERNEL32.DLL
0x00007ffbf9cd0000 - 0x00007ffbf9eed000 	C:\WINDOWS\System32\KERNELBASE.dll
0x00007ffbfa5e0000 - 0x00007ffbfa682000 	C:\WINDOWS\System32\ADVAPI32.dll
0x00007ffbfadc0000 - 0x00007ffbfae5e000 	C:\WINDOWS\System32\msvcrt.dll
0x00007ffbfa440000 - 0x00007ffbfa499000 	C:\WINDOWS\System32\sechost.dll
0x00007ffbfac50000 - 0x00007ffbfad71000 	C:\WINDOWS\System32\RPCRT4.dll
0x00007ffbfa9a0000 - 0x00007ffbfab05000 	C:\WINDOWS\System32\USER32.dll
0x00007ffbf9b10000 - 0x00007ffbf9b2e000 	C:\WINDOWS\System32\win32u.dll
0x00007ffbfad80000 - 0x00007ffbfadb4000 	C:\WINDOWS\System32\GDI32.dll
0x00007ffbfa0c0000 - 0x00007ffbfa242000 	C:\WINDOWS\System32\gdi32full.dll
0x00007ffbed7c0000 - 0x00007ffbeda3a000 	C:\WINDOWS\WinSxS\amd64_microsoft.windows.common-controls_6595b64144ccf1df_6.0.14393.953_none_42151e83c686086b\COMCTL32.dll
0x00007ffbfc690000 - 0x00007ffbfc958000 	C:\WINDOWS\System32\combase.dll
0x00007ffbf9a10000 - 0x00007ffbf9b05000 	C:\WINDOWS\System32\ucrtbase.dll
0x00007ffbfa2b0000 - 0x00007ffbfa31a000 	C:\WINDOWS\System32\bcryptPrimitives.dll
0x00007ffbfc5f0000 - 0x00007ffbfc61e000 	C:\WINDOWS\System32\IMM32.DLL
0x0000000050260000 - 0x0000000050332000 	C:\Program Files\Android\Android Studio\jre\jre\bin\msvcr100.dll
0x0000000050340000 - 0x0000000050b7c000 	C:\Program Files\Android\Android Studio\jre\jre\bin\server\jvm.dll
0x00007ffbfa830000 - 0x00007ffbfa838000 	C:\WINDOWS\System32\PSAPI.DLL
0x00007ffbef720000 - 0x00007ffbef729000 	C:\WINDOWS\SYSTEM32\WSOCK32.dll
0x00007ffbfc620000 - 0x00007ffbfc68a000 	C:\WINDOWS\System32\WS2_32.dll
0x00007ffbf7560000 - 0x00007ffbf7583000 	C:\WINDOWS\SYSTEM32\WINMM.dll
0x00007ffbec910000 - 0x00007ffbec91a000 	C:\WINDOWS\SYSTEM32\VERSION.dll
0x00007ffbf74f0000 - 0x00007ffbf751b000 	C:\WINDOWS\SYSTEM32\WINMMBASE.dll
0x00007ffbf9c80000 - 0x00007ffbf9cc2000 	C:\WINDOWS\System32\cfgmgr32.dll
0x00007ffbf6380000 - 0x00007ffbf638f000 	C:\Program Files\Android\Android Studio\jre\jre\bin\verify.dll
0x00007ffbecc10000 - 0x00007ffbecc39000 	C:\Program Files\Android\Android Studio\jre\jre\bin\java.dll
0x00007ffbef700000 - 0x00007ffbef716000 	C:\Program Files\Android\Android Studio\jre\jre\bin\zip.dll
0x00007ffbfae60000 - 0x00007ffbfc369000 	C:\WINDOWS\System32\SHELL32.dll
0x00007ffbf9280000 - 0x00007ffbf995a000 	C:\WINDOWS\System32\windows.storage.dll
0x00007ffbf9220000 - 0x00007ffbf926c000 	C:\WINDOWS\System32\powrprof.dll
0x00007ffbfa320000 - 0x00007ffbfa372000 	C:\WINDOWS\System32\shlwapi.dll
0x00007ffbf9270000 - 0x00007ffbf927f000 	C:\WINDOWS\System32\kernel.appcore.dll
0x00007ffbf9960000 - 0x00007ffbf9a09000 	C:\WINDOWS\System32\shcore.dll
0x00007ffbf9200000 - 0x00007ffbf9214000 	C:\WINDOWS\System32\profapi.dll

VM Arguments:
jvm_args: -Djava.awt.headless=true -Xmx1024M -Dfile.encoding=windows-1252 -Duser.country=US -Duser.language=en -Duser.variant 
java_command: com.android.dx.command.Main --dex --num-threads=4 --output C:\Users\ADITYA\AndroidStudioProjects\ADBrowser\app\build\intermediates\pre-dexed\debug\com.mopub-mopub-sdk-rewardedvideo-4.14.0_dea578dbb1f60175d5d3205e67b7a9f041c09247.jar C:\Users\ADITYA\AndroidStudioProjects\ADBrowser\app\build\intermediates\exploded-aar\com.mopub\mopub-sdk-rewardedvideo\4.14.0\jars\classes.jar
java_class_path (initial): C:\Users\ADITYA\AppData\Local\Android\sdk\build-tools\24.0.2\lib\dx.jar
Launcher Type: SUN_STANDARD

Environment Variables:
JAVA_HOME=C:\Program Files\Java\jdk1.8.0_101
PATH=C:\ProgramData\Oracle\Java\javapath;C:\WINDOWS\system32;C:\WINDOWS;C:\WINDOWS\System32\Wbem;C:\WINDOWS\System32\WindowsPowerShell\v1.0\;C:\Program Files (x86)\Windows Live\Shared;C:\Program Files (x86)\ATI Technologies\ATI.ACE\Core-Static;C:\Users\ADITYA\AppData\Local\Android\sdk\platform-tools;C:\Program Files\Java\jdk1.8.0_101\bin;C:\Program Files\nodejs\;C:\Users\ADITYA\AppData\Local\Microsoft\WindowsApps;C:\Users\ADITYA\AppData\Roaming\npm
USERNAME=ADITYA
OS=Windows_NT
PROCESSOR_IDENTIFIER=Intel64 Family 6 Model 58 Stepping 9, GenuineIntel



---------------  S Y S T E M  ---------------

OS: Windows 10.0 , 64 bit Build 14393 (10.0.14393.0)

CPU:total 4 (2 cores per cpu, 2 threads per core) family 6 model 58 stepping 9, cmov, cx8, fxsr, mmx, sse, sse2, sse3, ssse3, sse4.1, sse4.2, popcnt, avx, aes, clmul, erms, ht, tsc, tscinvbit, tscinv

Memory: 4k page, physical 4087144k(418032k free), swap 9066164k(4280k free)

vm_info: OpenJDK 64-Bit Server VM (25.112-b06) for windows-amd64 JRE (1.8.0_112-release-b06), built on Dec  8 2016 00:54:26 by "builder" with MS VC++ 10.0 (VS2010)

time: Mon May 29 22:20:21 2017
elapsed time: 4 seconds (0d 0h 0m 4s)

