#
# There is insufficient memory for the Java Runtime Environment to continue.
# Native memory allocation (malloc) failed to allocate 32744 bytes for ChunkPool::allocate
# Possible reasons:
#   The system is out of physical RAM or swap space
#   In 32 bit mode, the process size limit was hit
# Possible solutions:
#   Reduce memory load on the system
#   Increase physical memory or swap space
#   Check if swap backing store is full
#   Use 64 bit Java on a 64 bit OS
#   Decrease Java heap size (-Xmx/-Xms)
#   Decrease number of Java threads
#   Decrease Java thread stack sizes (-Xss)
#   Set larger code cache with -XX:ReservedCodeCacheSize=
# This output file may be truncated or incomplete.
#
#  Out of Memory Error (allocation.cpp:273), pid=15152, tid=0x0000000000001cf8
#
# JRE version: OpenJDK Runtime Environment (8.0_112-b06) (build 1.8.0_112-release-b06)
# Java VM: OpenJDK 64-Bit Server VM (25.112-b06 mixed mode windows-amd64 compressed oops)
# Failed to write core dump. Minidumps are not enabled by default on client versions of Windows
#

---------------  T H R E A D  ---------------

Current thread (0x000000001543b000):  JavaThread "C1 CompilerThread2" daemon [_thread_in_native, id=7416, stack(0x0000000016c20000,0x0000000016d20000)]

Stack: [0x0000000016c20000,0x0000000016d20000]
[error occurred during error reporting (printing stack bounds), id 0xc0000005]

Native frames: (J=compiled Java code, j=interpreted, Vv=VM code, C=native code)


Current CompileTask:
C1:   4082  609   !   3       com.android.dx.cf.code.BytecodeArray::parseInstruction (2764 bytes)


---------------  P R O C E S S  ---------------

Java Threads: ( => current thread )
  0x0000000016fa3800 JavaThread "pool-1-thread-4" [_thread_blocked, id=12968, stack(0x0000000017720000,0x0000000017820000)]
  0x0000000016fa2800 JavaThread "pool-1-thread-3" [_thread_in_Java, id=9204, stack(0x0000000017620000,0x0000000017720000)]
  0x0000000016f9f800 JavaThread "pool-1-thread-2" [_thread_in_Java, id=14504, stack(0x0000000017520000,0x0000000017620000)]
  0x0000000016eac000 JavaThread "pool-2-thread-1" [_thread_blocked, id=7760, stack(0x0000000017420000,0x0000000017520000)]
  0x0000000016eab800 JavaThread "pool-1-thread-1" [_thread_in_Java, id=16404, stack(0x0000000017320000,0x0000000017420000)]
  0x000000001543d800 JavaThread "Service Thread" daemon [_thread_blocked, id=11348, stack(0x0000000017120000,0x0000000017220000)]
=>0x000000001543b000 JavaThread "C1 CompilerThread2" daemon [_thread_in_native, id=7416, stack(0x0000000016c20000,0x0000000016d20000)]
  0x0000000015434800 JavaThread "C2 CompilerThread1" daemon [_thread_in_native, id=5568, stack(0x0000000016b20000,0x0000000016c20000)]
  0x00000000153e7800 JavaThread "C2 CompilerThread0" daemon [_thread_in_vm, id=9528, stack(0x0000000016a20000,0x0000000016b20000)]
  0x00000000153e5800 JavaThread "Attach Listener" daemon [_thread_blocked, id=7820, stack(0x0000000016920000,0x0000000016a20000)]
  0x00000000153e4000 JavaThread "Signal Dispatcher" daemon [_thread_blocked, id=5044, stack(0x0000000016820000,0x0000000016920000)]
  0x0000000002d05800 JavaThread "Finalizer" daemon [_thread_blocked, id=5888, stack(0x0000000016630000,0x0000000016730000)]
  0x0000000002d00000 JavaThread "Reference Handler" daemon [_thread_blocked, id=4684, stack(0x0000000016530000,0x0000000016630000)]
  0x0000000002c10800 JavaThread "main" [_thread_in_Java, id=8080, stack(0x00000000028d0000,0x00000000029d0000)]

Other Threads:
  0x00000000153a5800 VMThread [stack: 0x0000000016430000,0x0000000016530000] [id=12892]
  0x000000001543e800 WatcherThread [stack: 0x0000000017220000,0x0000000017320000] [id=15472]

VM state:not at safepoint (normal execution)

VM Mutex/Monitor currently owned by a thread: None

Heap:
 PSYoungGen      total 18944K, used 12135K [0x00000000eab00000, 0x00000000ec000000, 0x0000000100000000)
  eden space 16384K, 74% used [0x00000000eab00000,0x00000000eb6d9c50,0x00000000ebb00000)
  from space 2560K, 0% used [0x00000000ebd80000,0x00000000ebd80000,0x00000000ec000000)
  to   space 2560K, 0% used [0x00000000ebb00000,0x00000000ebb00000,0x00000000ebd80000)
 ParOldGen       total 44032K, used 0K [0x00000000c0000000, 0x00000000c2b00000, 0x00000000eab00000)
  object space 44032K, 0% used [0x00000000c0000000,0x00000000c0000000,0x00000000c2b00000)
 Metaspace       used 5533K, capacity 6576K, committed 6784K, reserved 1056768K
  class space    used 576K, capacity 616K, committed 640K, reserved 1048576K

Card table byte_map: [0x00000000120d0000,0x00000000122e0000] byte_map_base: 0x0000000011ad0000

Marking Bits: (ParMarkBitMap*) 0x0000000050b018f0
 Begin Bits: [0x0000000012840000, 0x0000000013840000)
 End Bits:   [0x0000000013840000, 0x0000000014840000)

Polling page: 0x0000000000eb0000

CodeCache: size=245760Kb used=2457Kb max_used=2469Kb free=243302Kb
 bounds [0x0000000002d10000, 0x0000000002f80000, 0x0000000011d10000]
 total_blobs=882 nmethods=614 adapters=182
 compilation: enabled

Compilation events (10 events):
Event: 4.066 Thread 0x0000000015434800  628       4       java.util.ArrayList::iterator (10 bytes)
Event: 4.067 Thread 0x0000000015434800 nmethod 628 0x0000000002f775d0 code [0x0000000002f77720, 0x0000000002f77828]
Event: 4.068 Thread 0x00000000153e7800 nmethod 627 0x0000000002f77210 code [0x0000000002f77360, 0x0000000002f77498]
Event: 4.069 Thread 0x0000000015434800  631       4       com.android.dx.util.IntList::add (65 bytes)
Event: 4.069 Thread 0x00000000153e7800  632       4       com.android.dx.util.IntList::growIfNeeded (46 bytes)
Event: 4.072 Thread 0x00000000153e7800 nmethod 632 0x0000000002f76dd0 code [0x0000000002f76f20, 0x0000000002f77118]
Event: 4.072 Thread 0x00000000153e7800  633   !   4       com.android.dx.util.FixedSizeList::set0 (22 bytes)
Event: 4.073 Thread 0x0000000015434800 nmethod 631 0x0000000002f767d0 code [0x0000000002f76920, 0x0000000002f76bf8]
Event: 4.074 Thread 0x00000000153e7800 nmethod 633 0x0000000002f76450 code [0x0000000002f765a0, 0x0000000002f766b8]
Event: 4.074 Thread 0x0000000015434800  634       4       java.util.ArrayList::add (29 bytes)

GC Heap History (0 events):
No events

Deoptimization events (1 events):
Event: 3.150 Thread 0x0000000002c10800 Uncommon trap: reason=unstable_if action=reinterpret pc=0x0000000002e474d4 method=java.lang.String.indexOf(II)I @ 49

Internal exceptions (2 events):
Event: 1.394 Thread 0x0000000002c10800 Exception <a 'java/lang/NoSuchMethodError': Method sun.misc.Unsafe.defineClass(Ljava/lang/String;[BII)Ljava/lang/Class; name or signature does not match> (0x00000000eab07c78) thrown at [C:\src\android\AOSP-openjdk\external\jetbrains\jdk\hotspot\src\share\v:üU#LMö?
Event: 1.394 Thread 0x0000000002c10800 Exception <a 'java/lang/NoSuchMethodError': Method sun.misc.Unsafe.prefetchRead(Ljava/lang/Object;J)V name or signature does not match> (0x00000000eab07f60) thrown at [C:\src\android\AOSP-openjdk\external\jetbrains\jdk\hotspot\src\share\vm\prims\jni.cpp, l

Events (10 events):
Event: 4.060 loading class com/android/dx/dex/file/DebugInfoItem
Event: 4.060 loading class com/android/dx/dex/file/DebugInfoItem done
Event: 4.062 loading class com/android/dx/dex/file/ParameterAnnotationStruct
Event: 4.062 loading class com/android/dx/dex/file/ParameterAnnotationStruct done
Event: 4.063 loading class com/android/dx/dex/file/UniformListItem
Event: 4.063 loading class com/android/dx/dex/file/UniformListItem done
Event: 4.064 loading class com/android/dx/dex/file/AnnotationSetRefItem
Event: 4.064 loading class com/android/dx/dex/file/AnnotationSetRefItem done
Event: 4.068 loading class com/android/dx/dex/file/MethodAnnotationStruct
Event: 4.068 loading class com/android/dx/dex/file/MethodAnnotationStruct done


Dynamic libraries:
0x00007ff6160e0000 - 0x00007ff616111000 	C:\Program Files\Android\Android Studio\jre\bin\java.exe
0x00007ffbfcd90000 - 0x00007ffbfcf61000 	C:\WINDOWS\SYSTEM32\ntdll.dll
0x00007ffbfc370000 - 0x00007ffbfc41b000 	C:\WINDOWS\System32\KERNEL32.DLL
0x00007ffbf9cd0000 - 0x00007ffbf9eed000 	C:\WINDOWS\System32\KERNELBASE.dll
0x00007ffbfa5e0000 - 0x00007ffbfa682000 	C:\WINDOWS\System32\ADVAPI32.dll
0x00007ffbfadc0000 - 0x00007ffbfae5e000 	C:\WINDOWS\System32\msvcrt.dll
0x00007ffbfa440000 - 0x00007ffbfa499000 	C:\WINDOWS\System32\sechost.dll
0x00007ffbfac50000 - 0x00007ffbfad71000 	C:\WINDOWS\System32\RPCRT4.dll
0x00007ffbfa9a0000 - 0x00007ffbfab05000 	C:\WINDOWS\System32\USER32.dll
0x00007ffbf9b10000 - 0x00007ffbf9b2e000 	C:\WINDOWS\System32\win32u.dll
0x00007ffbfad80000 - 0x00007ffbfadb4000 	C:\WINDOWS\System32\GDI32.dll
0x00007ffbfa0c0000 - 0x00007ffbfa242000 	C:\WINDOWS\System32\gdi32full.dll
0x00007ffbed7c0000 - 0x00007ffbeda3a000 	C:\WINDOWS\WinSxS\amd64_microsoft.windows.common-controls_6595b64144ccf1df_6.0.14393.953_none_42151e83c686086b\COMCTL32.dll
0x00007ffbfc690000 - 0x00007ffbfc958000 	C:\WINDOWS\System32\combase.dll
0x00007ffbf9a10000 - 0x00007ffbf9b05000 	C:\WINDOWS\System32\ucrtbase.dll
0x00007ffbfa2b0000 - 0x00007ffbfa31a000 	C:\WINDOWS\System32\bcryptPrimitives.dll
0x00007ffbfc5f0000 - 0x00007ffbfc61e000 	C:\WINDOWS\System32\IMM32.DLL
0x0000000050260000 - 0x0000000050332000 	C:\Program Files\Android\Android Studio\jre\jre\bin\msvcr100.dll
0x0000000050340000 - 0x0000000050b7c000 	C:\Program Files\Android\Android Studio\jre\jre\bin\server\jvm.dll
0x00007ffbfa830000 - 0x00007ffbfa838000 	C:\WINDOWS\System32\PSAPI.DLL
0x00007ffbef720000 - 0x00007ffbef729000 	C:\WINDOWS\SYSTEM32\WSOCK32.dll
0x00007ffbfc620000 - 0x00007ffbfc68a000 	C:\WINDOWS\System32\WS2_32.dll
0x00007ffbf7560000 - 0x00007ffbf7583000 	C:\WINDOWS\SYSTEM32\WINMM.dll
0x00007ffbec910000 - 0x00007ffbec91a000 	C:\WINDOWS\SYSTEM32\VERSION.dll
0x00007ffbf74f0000 - 0x00007ffbf751b000 	C:\WINDOWS\SYSTEM32\WINMMBASE.dll
0x00007ffbf9c80000 - 0x00007ffbf9cc2000 	C:\WINDOWS\System32\cfgmgr32.dll
0x00007ffbf6380000 - 0x00007ffbf638f000 	C:\Program Files\Android\Android Studio\jre\jre\bin\verify.dll
0x00007ffbecc10000 - 0x00007ffbecc39000 	C:\Program Files\Android\Android Studio\jre\jre\bin\java.dll
0x00007ffbef700000 - 0x00007ffbef716000 	C:\Program Files\Android\Android Studio\jre\jre\bin\zip.dll
0x00007ffbfae60000 - 0x00007ffbfc369000 	C:\WINDOWS\System32\SHELL32.dll
0x00007ffbf9280000 - 0x00007ffbf995a000 	C:\WINDOWS\System32\windows.storage.dll
0x00007ffbf9220000 - 0x00007ffbf926c000 	C:\WINDOWS\System32\powrprof.dll
0x00007ffbfa320000 - 0x00007ffbfa372000 	C:\WINDOWS\System32\shlwapi.dll
0x00007ffbf9270000 - 0x00007ffbf927f000 	C:\WINDOWS\System32\kernel.appcore.dll
0x00007ffbf9960000 - 0x00007ffbf9a09000 	C:\WINDOWS\System32\shcore.dll
0x00007ffbf9200000 - 0x00007ffbf9214000 	C:\WINDOWS\System32\profapi.dll

VM Arguments:
jvm_args: -Djava.awt.headless=true -Xmx1024M -Dfile.encoding=windows-1252 -Duser.country=US -Duser.language=en -Duser.variant 
java_command: com.android.dx.command.Main --dex --num-threads=4 --output C:\Users\ADITYA\AndroidStudioProjects\ADBrowser\app\build\intermediates\pre-dexed\debug\com.mopub-mopub-sdk-native-video-4.14.0_eeff2c83f82cc2fc69d673f9f5c0b78777eec65a.jar C:\Users\ADITYA\AndroidStudioProjects\ADBrowser\app\build\intermediates\exploded-aar\com.mopub\mopub-sdk-native-video\4.14.0\jars\classes.jar
java_class_path (initial): C:\Users\ADITYA\AppData\Local\Android\sdk\build-tools\24.0.2\lib\dx.jar
Launcher Type: SUN_STANDARD

Environment Variables:
JAVA_HOME=C:\Program Files\Java\jdk1.8.0_101
PATH=C:\ProgramData\Oracle\Java\javapath;C:\WINDOWS\system32;C:\WINDOWS;C:\WINDOWS\System32\Wbem;C:\WINDOWS\System32\WindowsPowerShell\v1.0\;C:\Program Files (x86)\Windows Live\Shared;C:\Program Files (x86)\ATI Technologies\ATI.ACE\Core-Static;C:\Users\ADITYA\AppData\Local\Android\sdk\platform-tools;C:\Program Files\Java\jdk1.8.0_101\bin;C:\Program Files\nodejs\;C:\Users\ADITYA\AppData\Local\Microsoft\WindowsApps;C:\Users\ADITYA\AppData\Roaming\npm
USERNAME=ADITYA
OS=Windows_NT
PROCESSOR_IDENTIFIER=Intel64 Family 6 Model 58 Stepping 9, GenuineIntel



---------------  S Y S T E M  ---------------

OS: Windows 10.0 , 64 bit Build 14393 (10.0.14393.0)

CPU:total 4 (2 cores per cpu, 2 threads per core) family 6 model 58 stepping 9, cmov, cx8, fxsr, mmx, sse, sse2, sse3, ssse3, sse4.1, sse4.2, popcnt, avx, aes, clmul, erms, ht, tsc, tscinvbit, tscinv

Memory: 4k page, physical 4087144k(452924k free), swap 9066164k(552k free)

vm_info: OpenJDK 64-Bit Server VM (25.112-b06) for windows-amd64 JRE (1.8.0_112-release-b06), built on Dec  8 2016 00:54:26 by "builder" with MS VC++ 10.0 (VS2010)

time: Mon May 29 22:20:37 2017
elapsed time: 4 seconds (0d 0h 0m 4s)

