#
# There is insufficient memory for the Java Runtime Environment to continue.
# Native memory allocation (malloc) failed to allocate 822736 bytes for Chunk::new
# Possible reasons:
#   The system is out of physical RAM or swap space
#   In 32 bit mode, the process size limit was hit
# Possible solutions:
#   Reduce memory load on the system
#   Increase physical memory or swap space
#   Check if swap backing store is full
#   Use 64 bit Java on a 64 bit OS
#   Decrease Java heap size (-Xmx/-Xms)
#   Decrease number of Java threads
#   Decrease Java thread stack sizes (-Xss)
#   Set larger code cache with -XX:ReservedCodeCacheSize=
# This output file may be truncated or incomplete.
#
#  Out of Memory Error (allocation.cpp:390), pid=11708, tid=0x0000000000003084
#
# JRE version: OpenJDK Runtime Environment (8.0_112-b06) (build 1.8.0_112-release-b06)
# Java VM: OpenJDK 64-Bit Server VM (25.112-b06 mixed mode windows-amd64 compressed oops)
# Failed to write core dump. Minidumps are not enabled by default on client versions of Windows
#

---------------  T H R E A D  ---------------

Current thread (0x00000000156a7800):  JavaThread "C2 CompilerThread0" daemon [_thread_in_native, id=12420, stack(0x0000000016cf0000,0x0000000016df0000)]

Stack: [0x0000000016cf0000,0x0000000016df0000]
[error occurred during error reporting (printing stack bounds), id 0xc0000005]

Native frames: (J=compiled Java code, j=interpreted, Vv=VM code, C=native code)


Current CompileTask:
C2:   6912 1606   !   4       com.android.dx.cf.code.BytecodeArray::parseInstruction (2764 bytes)


---------------  P R O C E S S  ---------------

Java Threads: ( => current thread )
  0x00000000172a4000 JavaThread "pool-1-thread-4" [_thread_in_Java, id=7692, stack(0x00000000179f0000,0x0000000017af0000)]
  0x00000000172d4800 JavaThread "pool-1-thread-3" [_thread_blocked, id=1680, stack(0x00000000178f0000,0x00000000179f0000)]
  0x000000001726f000 JavaThread "pool-1-thread-2" [_thread_in_vm, id=1544, stack(0x00000000177f0000,0x00000000178f0000)]
  0x00000000172d3000 JavaThread "pool-2-thread-1" [_thread_blocked, id=9652, stack(0x00000000176f0000,0x00000000177f0000)]
  0x00000000172d8800 JavaThread "pool-1-thread-1" [_thread_in_Java, id=7804, stack(0x00000000175f0000,0x00000000176f0000)]
  0x0000000017009800 JavaThread "Service Thread" daemon [_thread_blocked, id=6352, stack(0x00000000173f0000,0x00000000174f0000)]
  0x00000000156a1000 JavaThread "C1 CompilerThread2" daemon [_thread_blocked, id=11700, stack(0x0000000016ef0000,0x0000000016ff0000)]
  0x0000000015697800 JavaThread "C2 CompilerThread1" daemon [_thread_in_native, id=10488, stack(0x0000000016df0000,0x0000000016ef0000)]
=>0x00000000156a7800 JavaThread "C2 CompilerThread0" daemon [_thread_in_native, id=12420, stack(0x0000000016cf0000,0x0000000016df0000)]
  0x00000000156a5800 JavaThread "Attach Listener" daemon [_thread_blocked, id=14128, stack(0x0000000016bf0000,0x0000000016cf0000)]
  0x00000000156a4000 JavaThread "Signal Dispatcher" daemon [_thread_blocked, id=8284, stack(0x0000000016af0000,0x0000000016bf0000)]
  0x0000000002fc5800 JavaThread "Finalizer" daemon [_thread_blocked, id=14384, stack(0x0000000016900000,0x0000000016a00000)]
  0x0000000002fc0000 JavaThread "Reference Handler" daemon [_thread_blocked, id=16316, stack(0x0000000016800000,0x0000000016900000)]
  0x0000000002ed0800 JavaThread "main" [_thread_in_Java, id=11544, stack(0x0000000002d60000,0x0000000002e60000)]

Other Threads:
  0x0000000015665800 VMThread [stack: 0x0000000016700000,0x0000000016800000] [id=8076]
  0x000000001700b000 WatcherThread [stack: 0x00000000174f0000,0x00000000175f0000] [id=7156]

VM state:not at safepoint (normal execution)

VM Mutex/Monitor currently owned by a thread: None

Heap:
 PSYoungGen      total 35328K, used 19037K [0x00000000eab00000, 0x00000000ed000000, 0x0000000100000000)
  eden space 32768K, 50% used [0x00000000eab00000,0x00000000ebb176e0,0x00000000ecb00000)
  from space 2560K, 100% used [0x00000000ecb00000,0x00000000ecd80000,0x00000000ecd80000)
  to   space 2560K, 0% used [0x00000000ecd80000,0x00000000ecd80000,0x00000000ed000000)
 ParOldGen       total 44032K, used 7981K [0x00000000c0000000, 0x00000000c2b00000, 0x00000000eab00000)
  object space 44032K, 18% used [0x00000000c0000000,0x00000000c07cb7b8,0x00000000c2b00000)
 Metaspace       used 6199K, capacity 7088K, committed 7296K, reserved 1056768K
  class space    used 576K, capacity 616K, committed 640K, reserved 1048576K

Card table byte_map: [0x0000000012390000,0x00000000125a0000] byte_map_base: 0x0000000011d90000

Marking Bits: (ParMarkBitMap*) 0x0000000050b018f0
 Begin Bits: [0x0000000012b00000, 0x0000000013b00000)
 End Bits:   [0x0000000013b00000, 0x0000000014b00000)

Polling page: 0x0000000001550000

CodeCache: size=245760Kb used=7054Kb max_used=7054Kb free=238705Kb
 bounds [0x0000000002fd0000, 0x00000000036c0000, 0x0000000011fd0000]
 total_blobs=1940 nmethods=1672 adapters=181
 compilation: enabled

Compilation events (10 events):
Event: 6.859 Thread 0x00000000156a1000 1684       1       com.android.dx.ssa.PhiInsn::canThrow (2 bytes)
Event: 6.859 Thread 0x00000000156a1000 nmethod 1684 0x00000000036b6e90 code [0x00000000036b6fe0, 0x00000000036b70f0]
Event: 6.891 Thread 0x00000000156a1000 1688       2       com.android.dx.cf.attrib.InnerClassList::set (19 bytes)
Event: 6.892 Thread 0x00000000156a1000 nmethod 1688 0x00000000036b61d0 code [0x00000000036b6380, 0x00000000036b6898]
Event: 6.895 Thread 0x00000000156a1000 1689       2       com.android.dx.rop.type.Type::getInitializedType (42 bytes)
Event: 6.896 Thread 0x00000000156a1000 nmethod 1689 0x00000000036b5a50 code [0x00000000036b5be0, 0x00000000036b5fb8]
Event: 6.897 Thread 0x00000000156a1000 1690       2       com.android.dx.dex.code.BlockAddresses::getStart (7 bytes)
Event: 6.898 Thread 0x00000000156a1000 nmethod 1690 0x00000000036b5690 code [0x00000000036b57e0, 0x00000000036b5950]
Event: 6.901 Thread 0x00000000156a1000 1691       2       com.android.dx.cf.attrib.InnerClassList::get (9 bytes)
Event: 6.901 Thread 0x00000000156a1000 nmethod 1691 0x00000000036b52d0 code [0x00000000036b5440, 0x00000000036b55e8]

GC Heap History (6 events):
Event: 2.230 GC heap before
{Heap before GC invocations=1 (full 0):
 PSYoungGen      total 18944K, used 16384K [0x00000000eab00000, 0x00000000ec000000, 0x0000000100000000)
  eden space 16384K, 100% used [0x00000000eab00000,0x00000000ebb00000,0x00000000ebb00000)
  from space 2560K, 0% used [0x00000000ebd80000,0x00000000ebd80000,0x00000000ec000000)
  to   space 2560K, 0% used [0x00000000ebb00000,0x00000000ebb00000,0x00000000ebd80000)
 ParOldGen       total 44032K, used 0K [0x00000000c0000000, 0x00000000c2b00000, 0x00000000eab00000)
  object space 44032K, 0% used [0x00000000c0000000,0x00000000c0000000,0x00000000c2b00000)
 Metaspace       used 5579K, capacity 6576K, committed 6784K, reserved 1056768K
  class space    used 566K, capacity 616K, committed 640K, reserved 1048576K
Event: 2.284 GC heap after
Heap after GC invocations=1 (full 0):
 PSYoungGen      total 18944K, used 2549K [0x00000000eab00000, 0x00000000ed000000, 0x0000000100000000)
  eden space 16384K, 0% used [0x00000000eab00000,0x00000000eab00000,0x00000000ebb00000)
  from space 2560K, 99% used [0x00000000ebb00000,0x00000000ebd7d620,0x00000000ebd80000)
  to   space 2560K, 0% used [0x00000000ecd80000,0x00000000ecd80000,0x00000000ed000000)
 ParOldGen       total 44032K, used 1027K [0x00000000c0000000, 0x00000000c2b00000, 0x00000000eab00000)
  object space 44032K, 2% used [0x00000000c0000000,0x00000000c0100cf0,0x00000000c2b00000)
 Metaspace       used 5579K, capacity 6576K, committed 6784K, reserved 1056768K
  class space    used 566K, capacity 616K, committed 640K, reserved 1048576K
}
Event: 3.979 GC heap before
{Heap before GC invocations=2 (full 0):
 PSYoungGen      total 18944K, used 18933K [0x00000000eab00000, 0x00000000ed000000, 0x0000000100000000)
  eden space 16384K, 100% used [0x00000000eab00000,0x00000000ebb00000,0x00000000ebb00000)
  from space 2560K, 99% used [0x00000000ebb00000,0x00000000ebd7d620,0x00000000ebd80000)
  to   space 2560K, 0% used [0x00000000ecd80000,0x00000000ecd80000,0x00000000ed000000)
 ParOldGen       total 44032K, used 1027K [0x00000000c0000000, 0x00000000c2b00000, 0x00000000eab00000)
  object space 44032K, 2% used [0x00000000c0000000,0x00000000c0100cf0,0x00000000c2b00000)
 Metaspace       used 6013K, capacity 6960K, committed 7040K, reserved 1056768K
  class space    used 575K, capacity 616K, committed 640K, reserved 1048576K
Event: 4.183 GC heap after
Heap after GC invocations=2 (full 0):
 PSYoungGen      total 35328K, used 2538K [0x00000000eab00000, 0x00000000ed000000, 0x0000000100000000)
  eden space 32768K, 0% used [0x00000000eab00000,0x00000000eab00000,0x00000000ecb00000)
  from space 2560K, 99% used [0x00000000ecd80000,0x00000000ecffaaa8,0x00000000ed000000)
  to   space 2560K, 0% used [0x00000000ecb00000,0x00000000ecb00000,0x00000000ecd80000)
 ParOldGen       total 44032K, used 2949K [0x00000000c0000000, 0x00000000c2b00000, 0x00000000eab00000)
  object space 44032K, 6% used [0x00000000c0000000,0x00000000c02e1578,0x00000000c2b00000)
 Metaspace       used 6013K, capacity 6960K, committed 7040K, reserved 1056768K
  class space    used 575K, capacity 616K, committed 640K, reserved 1048576K
}
Event: 5.958 GC heap before
{Heap before GC invocations=3 (full 0):
 PSYoungGen      total 35328K, used 35306K [0x00000000eab00000, 0x00000000ed000000, 0x0000000100000000)
  eden space 32768K, 100% used [0x00000000eab00000,0x00000000ecb00000,0x00000000ecb00000)
  from space 2560K, 99% used [0x00000000ecd80000,0x00000000ecffaaa8,0x00000000ed000000)
  to   space 2560K, 0% used [0x00000000ecb00000,0x00000000ecb00000,0x00000000ecd80000)
 ParOldGen       total 44032K, used 2949K [0x00000000c0000000, 0x00000000c2b00000, 0x00000000eab00000)
  object space 44032K, 6% used [0x00000000c0000000,0x00000000c02e1578,0x00000000c2b00000)
 Metaspace       used 6159K, capacity 7088K, committed 7296K, reserved 1056768K
  class space    used 575K, capacity 616K, committed 640K, reserved 1048576K
Event: 6.352 GC heap after
Heap after GC invocations=3 (full 0):
 PSYoungGen      total 35328K, used 2560K [0x00000000eab00000, 0x00000000ed000000, 0x0000000100000000)
  eden space 32768K, 0% used [0x00000000eab00000,0x00000000eab00000,0x00000000ecb00000)
  from space 2560K, 100% used [0x00000000ecb00000,0x00000000ecd80000,0x00000000ecd80000)
  to   space 2560K, 0% used [0x00000000ecd80000,0x00000000ecd80000,0x00000000ed000000)
 ParOldGen       total 44032K, used 7981K [0x00000000c0000000, 0x00000000c2b00000, 0x00000000eab00000)
  object space 44032K, 18% used [0x00000000c0000000,0x00000000c07cb7b8,0x00000000c2b00000)
 Metaspace       used 6159K, capacity 7088K, committed 7296K, reserved 1056768K
  class space    used 575K, capacity 616K, committed 640K, reserved 1048576K
}

Deoptimization events (10 events):
Event: 4.305 Thread 0x000000001726f000 Uncommon trap: reason=unstable_if action=reinterpret pc=0x0000000003349040 method=com.android.dx.rop.code.RegisterSpecSet.<init>(I)V @ 2
Event: 4.329 Thread 0x00000000172d8800 Uncommon trap: reason=unstable_if action=reinterpret pc=0x00000000034b03f4 method=com.android.dx.ssa.SCCP.simulateStmt(Lcom/android/dx/ssa/SsaInsn;)V @ 53
Event: 4.986 Thread 0x00000000172d4800 Uncommon trap: reason=unstable_if action=reinterpret pc=0x0000000003551ce8 method=com.android.dx.cf.code.BytecodeArray.parseInstruction(ILcom/android/dx/cf/code/BytecodeArray$Visitor;)I @ 1198
Event: 4.986 Thread 0x000000001726f000 Uncommon trap: reason=unstable_if action=reinterpret pc=0x0000000003551ce8 method=com.android.dx.cf.code.BytecodeArray.parseInstruction(ILcom/android/dx/cf/code/BytecodeArray$Visitor;)I @ 1198
Event: 5.005 Thread 0x00000000172d4800 Uncommon trap: reason=bimorphic action=maybe_recompile pc=0x0000000003269e88 method=java.util.HashMap.getNode(ILjava/lang/Object;)Ljava/util/HashMap$Node; @ 126
Event: 5.022 Thread 0x000000001726f000 Uncommon trap: reason=bimorphic action=maybe_recompile pc=0x0000000003269e88 method=java.util.HashMap.getNode(ILjava/lang/Object;)Ljava/util/HashMap$Node; @ 126
Event: 5.905 Thread 0x00000000172d8800 Uncommon trap: reason=unstable_if action=reinterpret pc=0x000000000358df50 method=java.util.BitSet.clone()Ljava/lang/Object; @ 4
Event: 5.905 Thread 0x00000000172d8800 Uncommon trap: reason=unstable_if action=reinterpret pc=0x00000000034ccbc4 method=java.util.BitSet.clone()Ljava/lang/Object; @ 4
Event: 6.645 Thread 0x000000001726f000 Uncommon trap: reason=unloaded action=reinterpret pc=0x000000000353f484 method=com.android.dx.ssa.LiteralOpUpgrader$1.visitNonMoveInsn(Lcom/android/dx/ssa/NormalSsaInsn;)V @ 72
Event: 6.647 Thread 0x000000001726f000 Uncommon trap: reason=unstable_if action=reinterpret pc=0x00000000033d729c method=com.android.dx.ssa.SsaMethod.updateOneDefinition(Lcom/android/dx/ssa/SsaInsn;Lcom/android/dx/rop/code/RegisterSpec;)V @ 4

Internal exceptions (2 events):
Event: 0.092 Thread 0x0000000002ed0800 Exception <a 'java/lang/NoSuchMethodError': Method sun.misc.Unsafe.defineClass(Ljava/lang/String;[BII)Ljava/lang/Class; name or signature does not match> (0x00000000eab07c78) thrown at [C:\src\android\AOSP-openjdk\external\jetbrains\jdk\hotspot\src\share\vÀ’Bº”·?
Event: 0.092 Thread 0x0000000002ed0800 Exception <a 'java/lang/NoSuchMethodError': Method sun.misc.Unsafe.prefetchRead(Ljava/lang/Object;J)V name or signature does not match> (0x00000000eab07f60) thrown at [C:\src\android\AOSP-openjdk\external\jetbrains\jdk\hotspot\src\share\vm\prims\jni.cpp, l

Events (10 events):
Event: 6.645 Thread 0x000000001726f000 Uncommon trap: trap_request=0x0000004e fr.pc=0x000000000353f484
Event: 6.645 loading class com/android/dx/rop/code/RegOps
Event: 6.645 loading class com/android/dx/rop/code/RegOps done
Event: 6.646 Thread 0x000000001726f000 DEOPT PACKING pc=0x000000000353f484 sp=0x00000000178eea40
Event: 6.646 Thread 0x000000001726f000 DEOPT UNPACKING pc=0x000000000301556a sp=0x00000000178ee9d8 mode 2
Event: 6.647 Thread 0x000000001726f000 Uncommon trap: trap_request=0xffffff65 fr.pc=0x00000000033d729c
Event: 6.647 Thread 0x000000001726f000 DEOPT PACKING pc=0x00000000033d729c sp=0x00000000178ee850
Event: 6.647 Thread 0x000000001726f000 DEOPT UNPACKING pc=0x000000000301556a sp=0x00000000178ee7f8 mode 2
Event: 6.794 Thread 0x00000000172d4800 DEOPT PACKING pc=0x00000000032f1b75 sp=0x00000000179ee850
Event: 6.794 Thread 0x00000000172d4800 DEOPT UNPACKING pc=0x00000000030175bf sp=0x00000000179ee530 mode 0


Dynamic libraries:
0x00007ff6160e0000 - 0x00007ff616111000 	C:\Program Files\Android\Android Studio\jre\bin\java.exe
0x00007ffbfcd90000 - 0x00007ffbfcf61000 	C:\WINDOWS\SYSTEM32\ntdll.dll
0x00007ffbfc370000 - 0x00007ffbfc41b000 	C:\WINDOWS\System32\KERNEL32.DLL
0x00007ffbf9cd0000 - 0x00007ffbf9eed000 	C:\WINDOWS\System32\KERNELBASE.dll
0x00007ffbfa5e0000 - 0x00007ffbfa682000 	C:\WINDOWS\System32\ADVAPI32.dll
0x00007ffbfadc0000 - 0x00007ffbfae5e000 	C:\WINDOWS\System32\msvcrt.dll
0x00007ffbfa440000 - 0x00007ffbfa499000 	C:\WINDOWS\System32\sechost.dll
0x00007ffbfac50000 - 0x00007ffbfad71000 	C:\WINDOWS\System32\RPCRT4.dll
0x00007ffbfa9a0000 - 0x00007ffbfab05000 	C:\WINDOWS\System32\USER32.dll
0x00007ffbf9b10000 - 0x00007ffbf9b2e000 	C:\WINDOWS\System32\win32u.dll
0x00007ffbfad80000 - 0x00007ffbfadb4000 	C:\WINDOWS\System32\GDI32.dll
0x00007ffbfa0c0000 - 0x00007ffbfa242000 	C:\WINDOWS\System32\gdi32full.dll
0x00007ffbed7c0000 - 0x00007ffbeda3a000 	C:\WINDOWS\WinSxS\amd64_microsoft.windows.common-controls_6595b64144ccf1df_6.0.14393.953_none_42151e83c686086b\COMCTL32.dll
0x00007ffbfc690000 - 0x00007ffbfc958000 	C:\WINDOWS\System32\combase.dll
0x00007ffbf9a10000 - 0x00007ffbf9b05000 	C:\WINDOWS\System32\ucrtbase.dll
0x00007ffbfa2b0000 - 0x00007ffbfa31a000 	C:\WINDOWS\System32\bcryptPrimitives.dll
0x00007ffbfc5f0000 - 0x00007ffbfc61e000 	C:\WINDOWS\System32\IMM32.DLL
0x0000000050260000 - 0x0000000050332000 	C:\Program Files\Android\Android Studio\jre\jre\bin\msvcr100.dll
0x0000000050340000 - 0x0000000050b7c000 	C:\Program Files\Android\Android Studio\jre\jre\bin\server\jvm.dll
0x00007ffbfa830000 - 0x00007ffbfa838000 	C:\WINDOWS\System32\PSAPI.DLL
0x00007ffbf7560000 - 0x00007ffbf7583000 	C:\WINDOWS\SYSTEM32\WINMM.dll
0x00007ffbec910000 - 0x00007ffbec91a000 	C:\WINDOWS\SYSTEM32\VERSION.dll
0x00007ffbf74f0000 - 0x00007ffbf751b000 	C:\WINDOWS\SYSTEM32\WINMMBASE.dll
0x00007ffbf9c80000 - 0x00007ffbf9cc2000 	C:\WINDOWS\System32\cfgmgr32.dll
0x00007ffbef720000 - 0x00007ffbef729000 	C:\WINDOWS\SYSTEM32\WSOCK32.dll
0x00007ffbfc620000 - 0x00007ffbfc68a000 	C:\WINDOWS\System32\WS2_32.dll
0x00007ffbf6380000 - 0x00007ffbf638f000 	C:\Program Files\Android\Android Studio\jre\jre\bin\verify.dll
0x00007ffbecc10000 - 0x00007ffbecc39000 	C:\Program Files\Android\Android Studio\jre\jre\bin\java.dll
0x00007ffbef700000 - 0x00007ffbef716000 	C:\Program Files\Android\Android Studio\jre\jre\bin\zip.dll
0x00007ffbfae60000 - 0x00007ffbfc369000 	C:\WINDOWS\System32\SHELL32.dll
0x00007ffbf9280000 - 0x00007ffbf995a000 	C:\WINDOWS\System32\windows.storage.dll
0x00007ffbf9220000 - 0x00007ffbf926c000 	C:\WINDOWS\System32\powrprof.dll
0x00007ffbfa320000 - 0x00007ffbfa372000 	C:\WINDOWS\System32\shlwapi.dll
0x00007ffbf9270000 - 0x00007ffbf927f000 	C:\WINDOWS\System32\kernel.appcore.dll
0x00007ffbf9960000 - 0x00007ffbf9a09000 	C:\WINDOWS\System32\shcore.dll
0x00007ffbf9200000 - 0x00007ffbf9214000 	C:\WINDOWS\System32\profapi.dll

VM Arguments:
jvm_args: -Djava.awt.headless=true -Xmx1024M -Dfile.encoding=windows-1252 -Duser.country=US -Duser.language=en -Duser.variant 
java_command: com.android.dx.command.Main --dex --num-threads=4 --output C:\Users\ADITYA\AndroidStudioProjects\ADBrowser\app\build\intermediates\pre-dexed\debug\com.google.android.gms-play-services-ads-lite-10.0.1_d14e1988e2cc44cf518377a4c5f133f5118a5794.jar C:\Users\ADITYA\AndroidStudioProjects\ADBrowser\app\build\intermediates\exploded-aar\com.google.android.gms\play-services-ads-lite\10.0.1\jars\classes.jar
java_class_path (initial): C:\Users\ADITYA\AppData\Local\Android\sdk\build-tools\24.0.2\lib\dx.jar
Launcher Type: SUN_STANDARD

Environment Variables:
JAVA_HOME=C:\Program Files\Java\jdk1.8.0_101
PATH=C:\ProgramData\Oracle\Java\javapath;C:\WINDOWS\system32;C:\WINDOWS;C:\WINDOWS\System32\Wbem;C:\WINDOWS\System32\WindowsPowerShell\v1.0\;C:\Program Files (x86)\Windows Live\Shared;C:\Program Files (x86)\ATI Technologies\ATI.ACE\Core-Static;C:\Users\ADITYA\AppData\Local\Android\sdk\platform-tools;C:\Program Files\Java\jdk1.8.0_101\bin;C:\Program Files\nodejs\;C:\Users\ADITYA\AppData\Local\Microsoft\WindowsApps;C:\Users\ADITYA\AppData\Roaming\npm
USERNAME=ADITYA
OS=Windows_NT
PROCESSOR_IDENTIFIER=Intel64 Family 6 Model 58 Stepping 9, GenuineIntel



---------------  S Y S T E M  ---------------

OS: Windows 10.0 , 64 bit Build 14393 (10.0.14393.0)

CPU:total 4 (2 cores per cpu, 2 threads per core) family 6 model 58 stepping 9, cmov, cx8, fxsr, mmx, sse, sse2, sse3, ssse3, sse4.1, sse4.2, popcnt, avx, aes, clmul, erms, ht, tsc, tscinvbit, tscinv

Memory: 4k page, physical 4087144k(413352k free), swap 9066164k(4212k free)

vm_info: OpenJDK 64-Bit Server VM (25.112-b06) for windows-amd64 JRE (1.8.0_112-release-b06), built on Dec  8 2016 00:54:26 by "builder" with MS VC++ 10.0 (VS2010)

time: Mon May 29 22:20:12 2017
elapsed time: 6 seconds (0d 0h 0m 6s)

